#
# A fatal error has been detected by the Java Runtime Environment:
#
#  EXCEPTION_ACCESS_VIOLATION (0xc0000005) at pc=0x0000000052f72d85, pid=7392, tid=8532
#
# JRE version: 6.0_17-b04
# Java VM: Java HotSpot(TM) 64-Bit Server VM (14.3-b01 mixed mode windows-amd64 )
# Problematic frame:
# C  0x0000000052f72d85
#
# If you would like to submit a bug report, please visit:
#   http://java.sun.com/webapps/bugreport/crash.jsp
# The crash happened outside the Java Virtual Machine in native code.
# See problematic frame for where to report the bug.
#

---------------  T H R E A D  ---------------

Current thread (0x000000005464a000):  JavaThread "AWT-EventQueue-0" [_thread_in_native, id=8532, stack(0x00000000a8000000,0x00000000ac000000)]

siginfo: ExceptionCode=0xc0000005, reading address 0x000000000000006c

Registers:
EAX=0x000000000000001b, EBX=0x0000000009210001, ECX=0x000000000000001b, EDX=0x0000000000000000
ESP=0x00000000abffe8a0, EBP=0x0000000000000000, ESI=0x0000000000000320, EDI=0x0000000000000242
EIP=0x0000000052f72d85, EFLAGS=0x0000000000010203

Top of Stack: (sp=0x00000000abffe8a0)
0x00000000abffe8a0:   00000000fffffff8 000000005d5b0b70
0x00000000abffe8b0:   00000001584d08a0 00000000530b6b58
0x00000000abffe8c0:   000000005464a1b8 0000000052f52261
0x00000000abffe8d0:   000000005464a1b8 0000000000000012
0x00000000abffe8e0:   000000005464a1b8 000000005d5b0b70
0x00000000abffe8f0:   00000000abffea00 00000000abffe960
0x00000000abffe900:   00000000530b6b58 00000000abffe950
0x00000000abffe910:   0000001e00000008 0000026000000328
0x00000000abffe920:   0000001e00000008 0000026000000328
0x00000000abffe930:   ffffffff00000000 0000000000000000
0x00000000abffe940:   0000000000000001 0000000000000000
0x00000000abffe950:   0000000054b8db40 000000005464a000
0x00000000abffe960:   0000001e00000008 0000026000000328
0x00000000abffe970:   000000000920a238 0000000100000000
0x00000000abffe980:   0000000000000320 0000000000000000
0x00000000abffe990:   0000000000000000 0000000000000000 

Instructions: (pc=0x0000000052f72d85)
0x0000000052f72d75:   99 0f b6 d2 03 c2 c1 f8 08 41 83 c2 ff 0f b6 c8
0x0000000052f72d85:   41 0f b6 04 8c 88 43 ff 75 b1 4d 03 cb 48 03 dd 


Stack: [0x00000000a8000000,0x00000000ac000000],  sp=0x00000000abffe8a0,  free space=65530k
Native frames: (J=compiled Java code, j=interpreted, Vv=VM code, C=native code)
C  0x0000000052f72d85

[error occurred during error reporting (printing native stack), id 0xc0000005]

Java frames: (J=compiled Java code, j=interpreted, Vv=VM code)
J  sun.java2d.loops.Blit.Blit(Lsun/java2d/SurfaceData;Lsun/java2d/SurfaceData;Ljava/awt/Composite;Lsun/java2d/pipe/Region;IIIIII)V
j  sun.java2d.pipe.DrawImage.blitSurfaceData(Lsun/java2d/SunGraphics2D;Lsun/java2d/pipe/Region;Lsun/java2d/SurfaceData;Lsun/java2d/SurfaceData;Lsun/java2d/loops/SurfaceType;Lsun/java2d/loops/SurfaceType;IIIIIILjava/awt/Color;)V+97
j  sun.java2d.pipe.DrawImage.renderImageCopy(Lsun/java2d/SunGraphics2D;Ljava/awt/Image;Ljava/awt/Color;IIIIII)Z+75
j  sun.java2d.pipe.DrawImage.copyImage(Lsun/java2d/SunGraphics2D;Ljava/awt/Image;IILjava/awt/Color;)Z+45
j  sun.java2d.pipe.DrawImage.copyImage(Lsun/java2d/SunGraphics2D;Ljava/awt/Image;IILjava/awt/Color;Ljava/awt/image/ImageObserver;)Z+15
J  sun.java2d.SunGraphics2D.drawImage(Ljava/awt/Image;IILjava/awt/Color;Ljava/awt/image/ImageObserver;)Z
J  javax.swing.RepaintManager$PaintManager.paintDoubleBuffered(Ljavax/swing/JComponent;Ljava/awt/Image;Ljava/awt/Graphics;IIII)V
j  javax.swing.RepaintManager$PaintManager.paint(Ljavax/swing/JComponent;Ljavax/swing/JComponent;Ljava/awt/Graphics;IIII)Z+116
j  javax.swing.RepaintManager.paint(Ljavax/swing/JComponent;Ljavax/swing/JComponent;Ljava/awt/Graphics;IIII)V+52
J  javax.swing.JComponent.paint(Ljava/awt/Graphics;)V
j  java.awt.GraphicsCallback$PaintCallback.run(Ljava/awt/Component;Ljava/awt/Graphics;)V+2
j  sun.awt.SunGraphicsCallback.runOneComponent(Ljava/awt/Component;Ljava/awt/Rectangle;Ljava/awt/Graphics;Ljava/awt/Shape;I)V+155
j  sun.awt.SunGraphicsCallback.runComponents([Ljava/awt/Component;Ljava/awt/Graphics;I)V+104
j  java.awt.Container.paint(Ljava/awt/Graphics;)V+73
J  javax.swing.RepaintManager.paintDirtyRegions(Ljava/util/Map;)V
j  javax.swing.RepaintManager.paintDirtyRegions()V+46
j  javax.swing.RepaintManager.seqPaintDirtyRegions()V+73
j  javax.swing.SystemEventQueueUtilities$ComponentWorkRequest.run()V+36
J  java.awt.event.InvocationEvent.dispatch()V
J  java.awt.EventDispatchThread.pumpOneEventForFilters(I)Z
J  java.awt.EventDispatchThread.pumpEventsForFilter(ILjava/awt/Conditional;Ljava/awt/EventFilter;)V
j  java.awt.EventDispatchThread.pumpEventsForHierarchy(ILjava/awt/Conditional;Ljava/awt/Component;)V+11
j  java.awt.EventDispatchThread.pumpEvents(ILjava/awt/Conditional;)V+4
j  java.awt.EventDispatchThread.pumpEvents(Ljava/awt/Conditional;)V+3
j  java.awt.EventDispatchThread.run()V+9
v  ~StubRoutines::call_stub

---------------  P R O C E S S  ---------------

Java Threads: ( => current thread )
  0x000000005dc8e800 JavaThread "Code Analyzer updating thread" [_thread_blocked, id=10620, stack(0x00000000e4000000,0x00000000e8000000)]
  0x000000005dc91800 JavaThread "pool-2-thread-1" [_thread_blocked, id=1316, stack(0x00000000d0fd0000,0x00000000d4fd0000)]
  0x000000005dc8d000 JavaThread "Prefs Updater" daemon [_thread_blocked, id=13240, stack(0x0000000110000000,0x0000000114000000)]
  0x000000005464e000 JavaThread "pool-7-thread-1" [_thread_blocked, id=11676, stack(0x00000000ccfd0000,0x00000000d0fd0000)]
  0x000000005464d000 JavaThread "Thread-456" [_thread_blocked, id=11132, stack(0x00000000a0000000,0x00000000a4000000)]
  0x000000005464d800 JavaThread "Timer-InstrumentReadWritePoll" [_thread_blocked, id=10400, stack(0x00000000c4fd0000,0x00000000c8fd0000)]
  0x000000005dc93000 JavaThread "BluecoveAsynchronousShutdownThread" daemon [_thread_blocked, id=8620, stack(0x0000000159000000,0x000000015d000000)]
  0x000000005dc8f000 JavaThread "Timer-2" daemon [_thread_blocked, id=2312, stack(0x0000000120000000,0x0000000124000000)]
  0x000000005dc92000 JavaThread "com.jniwrapper.NativeResourceCollector" daemon [_thread_blocked, id=12928, stack(0x0000000118000000,0x000000011c000000)]
  0x000000005dc90800 JavaThread "Swing-Shell" daemon [_thread_blocked, id=11824, stack(0x0000000128000000,0x000000012c000000)]
  0x000000005dc8c800 JavaThread "Code Analyzer updating thread" [_thread_blocked, id=7820, stack(0x000000010c000000,0x0000000110000000)]
  0x0000000054657800 JavaThread "Code Analyzer updating thread" [_thread_blocked, id=7644, stack(0x0000000108000000,0x000000010c000000)]
  0x0000000054657000 JavaThread "Code Analyzer updating thread" [_thread_blocked, id=8364, stack(0x0000000104000000,0x0000000108000000)]
  0x0000000054656000 JavaThread "Code Analyzer updating thread" [_thread_blocked, id=8400, stack(0x0000000100000000,0x0000000104000000)]
  0x0000000054655800 JavaThread "Code Analyzer updating thread" [_thread_blocked, id=2928, stack(0x00000000fc000000,0x0000000100000000)]
  0x0000000054654800 JavaThread "Code Analyzer updating thread" [_thread_blocked, id=11396, stack(0x00000000f8000000,0x00000000fc000000)]
  0x0000000054654000 JavaThread "Active Reference Queue Daemon" daemon [_thread_blocked, id=5576, stack(0x00000000f4000000,0x00000000f8000000)]
  0x0000000054653800 JavaThread "Timer-1" daemon [_thread_blocked, id=9588, stack(0x00000000f0000000,0x00000000f4000000)]
  0x0000000054652800 JavaThread "ClipboardMonitor Timer" daemon [_thread_blocked, id=8724, stack(0x00000000ec000000,0x00000000f0000000)]
  0x0000000054652000 JavaThread "Explorer NavigationContext request queue" daemon [_thread_blocked, id=12444, stack(0x00000000e8000000,0x00000000ec000000)]
  0x0000000054650800 JavaThread "AddressBar directory emptiness poller" daemon [_thread_blocked, id=3772, stack(0x00000000e0000000,0x00000000e4000000)]
  0x000000005464f800 JavaThread "Explorer Refresh Service 1344942389" daemon [_thread_blocked, id=2404, stack(0x00000000dc000000,0x00000000e0000000)]
  0x000000005464f000 JavaThread "Thread-4" daemon [_thread_blocked, id=8960, stack(0x00000000d8000000,0x00000000dc000000)]
  0x000000005464b800 JavaThread "TimerQueue" daemon [_thread_blocked, id=8856, stack(0x00000000c0000000,0x00000000c4000000)]
  0x000000005464a800 JavaThread "Thread-3" daemon [_thread_blocked, id=7672, stack(0x00000000ac000000,0x00000000b0000000)]
=>0x000000005464a000 JavaThread "AWT-EventQueue-0" [_thread_in_native, id=8532, stack(0x00000000a8000000,0x00000000ac000000)]
  0x0000000054649000 JavaThread "AWT-Shutdown" [_thread_blocked, id=3412, stack(0x0000000098000000,0x000000009c000000)]
  0x0000000054648800 JavaThread "FelixPackageAdmin" daemon [_thread_blocked, id=11504, stack(0x00000000b8000000,0x00000000bc000000)]
  0x0000000054a74000 JavaThread "FelixStartLevel" daemon [_thread_blocked, id=7328, stack(0x00000000b4000000,0x00000000b8000000)]
  0x00000000549f8000 JavaThread "FelixDispatchQueue" daemon [_thread_blocked, id=11724, stack(0x00000000b0000000,0x00000000b4000000)]
  0x0000000054658800 JavaThread "com.google.common.base.internal.Finalizer" daemon [_thread_blocked, id=7880, stack(0x00000000a4000000,0x00000000a8000000)]
  0x00000000540f2000 JavaThread "AWT-Windows" daemon [_thread_in_native, id=5676, stack(0x000000009c000000,0x00000000a0000000)]
  0x000000004ad05800 JavaThread "Java2D Disposer" daemon [_thread_blocked, id=1664, stack(0x0000000094000000,0x0000000098000000)]
  0x0000000054122000 JavaThread "Timer-0" [_thread_blocked, id=9292, stack(0x0000000090000000,0x0000000094000000)]
  0x000000005409c800 JavaThread "EventMgr Dispatcher" daemon [_thread_in_native, id=13264, stack(0x000000008c000000,0x0000000090000000)]
  0x000000004ad60000 JavaThread "Low Memory Detector" daemon [_thread_blocked, id=8376, stack(0x0000000084000000,0x0000000088000000)]
  0x000000004ad5c800 JavaThread "CompilerThread1" daemon [_thread_blocked, id=11180, stack(0x0000000080000000,0x0000000084000000)]
  0x000000004ad51000 JavaThread "CompilerThread0" daemon [_thread_blocked, id=10128, stack(0x00000000678b0000,0x000000006b8b0000)]
  0x000000004ad4f800 JavaThread "Attach Listener" daemon [_thread_blocked, id=6392, stack(0x00000000638b0000,0x00000000678b0000)]
  0x000000004acf5800 JavaThread "Finalizer" daemon [_thread_blocked, id=12292, stack(0x0000000057a60000,0x000000005ba60000)]
  0x000000004acf4800 JavaThread "Reference Handler" daemon [_thread_blocked, id=5548, stack(0x000000004ee50000,0x0000000052e50000)]
  0x00000000063ce800 JavaThread "main" [_thread_in_native, id=12832, stack(0x0000000000030000,0x0000000004030000)]

Other Threads:
  0x000000004acf1000 VMThread [stack: 0x000000004ae50000,0x000000004ee50000] [id=10568]
  0x000000004adb2000 WatcherThread [stack: 0x0000000088000000,0x000000008c000000] [id=7828]

VM state:not at safepoint (normal execution)

VM Mutex/Monitor currently owned by a thread: None

Heap
 PSYoungGen      total 19840K, used 17996K [0x0000000037b10000, 0x0000000039a60000, 0x000000003ac10000)
  eden space 19648K, 90% used [0x0000000037b10000,0x0000000038c7b370,0x0000000038e40000)
  from space 192K, 83% used [0x0000000038e90000,0x0000000038eb8000,0x0000000038ec0000)
  to   space 6208K, 0% used [0x0000000039450000,0x0000000039450000,0x0000000039a60000)
 PSOldGen        total 99712K, used 90392K [0x000000002e810000, 0x0000000034970000, 0x0000000037b10000)
  object space 99712K, 90% used [0x000000002e810000,0x00000000340561f0,0x0000000034970000)
 PSPermGen       total 131072K, used 79488K [0x0000000026810000, 0x000000002e810000, 0x000000002e810000)
  object space 131072K, 60% used [0x0000000026810000,0x000000002b5b0110,0x000000002e810000)

Dynamic libraries:
0x0000000140000000 - 0x0000000140028000 	C:\Program Files\MATLAB\R2013a\bin\win64\MATLAB.exe
0x0000000077970000 - 0x0000000077b19000 	C:\Windows\SYSTEM32\ntdll.dll
0x0000000077850000 - 0x000000007796f000 	C:\Windows\system32\kernel32.dll
0x000007fefdaf0000 - 0x000007fefdb5c000 	C:\Windows\system32\KERNELBASE.dll
0x0000000074460000 - 0x0000000074515000 	C:\Program Files\MATLAB\R2013a\bin\win64\libut.dll
0x00000000758a0000 - 0x000000007595f000 	C:\Program Files\MATLAB\R2013a\bin\win64\libmwi18n.dll
0x0000000180000000 - 0x000000018000d000 	C:\Program Files\MATLAB\R2013a\bin\win64\libmwresource_core.dll
0x0000000062940000 - 0x00000000629d8000 	C:\Program Files\MATLAB\R2013a\bin\win64\MSVCP100.dll
0x0000000061110000 - 0x00000000611e2000 	C:\Program Files\MATLAB\R2013a\bin\win64\MSVCR100.dll
0x0000000071740000 - 0x000000007174e000 	C:\Program Files\MATLAB\R2013a\bin\win64\boost_date_time-vc100-mt-1_49.dll
0x000000006c320000 - 0x000000006c34c000 	C:\Program Files\MATLAB\R2013a\bin\win64\boost_filesystem-vc100-mt-1_49.dll
0x0000000071790000 - 0x0000000071799000 	C:\Program Files\MATLAB\R2013a\bin\win64\boost_system-vc100-mt-1_49.dll
0x000007fefe000000 - 0x000007fefe0db000 	C:\Windows\system32\ADVAPI32.dll
0x000007fefe3a0000 - 0x000007fefe43f000 	C:\Windows\system32\msvcrt.dll
0x000007fefe280000 - 0x000007fefe29f000 	C:\Windows\SYSTEM32\sechost.dll
0x000007fefe690000 - 0x000007fefe7bd000 	C:\Windows\system32\RPCRT4.dll
0x0000000063720000 - 0x0000000063745000 	C:\Program Files\MATLAB\R2013a\bin\win64\LIBEXPAT.dll
0x0000000060270000 - 0x00000000603fa000 	C:\Program Files\MATLAB\R2013a\bin\win64\icuin49.dll
0x0000000060fd0000 - 0x000000006110e000 	C:\Program Files\MATLAB\R2013a\bin\win64\icuuc49.dll
0x0000000056930000 - 0x0000000057a52000 	C:\Program Files\MATLAB\R2013a\bin\win64\icudt49.dll
0x0000000071700000 - 0x0000000071710000 	C:\Program Files\MATLAB\R2013a\bin\win64\icuio49.dll
0x0000000073f70000 - 0x0000000074112000 	C:\Program Files\MATLAB\R2013a\bin\win64\libmwfl.dll
0x000000007a350000 - 0x000000007a737000 	C:\Program Files\MATLAB\R2013a\bin\win64\libmwMATLAB_res.dll
0x000000005fcb0000 - 0x000000005fd8f000 	C:\Program Files\MATLAB\R2013a\bin\win64\boost_regex-vc100-mt-1_49.dll
0x0000000077750000 - 0x000000007784a000 	C:\Windows\system32\USER32.dll
0x000007feff840000 - 0x000007feff8a7000 	C:\Windows\system32\GDI32.dll
0x000007fefe7c0000 - 0x000007fefe7ce000 	C:\Windows\system32\LPK.dll
0x000007feff8b0000 - 0x000007feff979000 	C:\Windows\system32\USP10.dll
0x0000000063890000 - 0x00000000638a1000 	C:\Program Files\MATLAB\R2013a\bin\win64\boost_signals-vc100-mt-1_49.dll
0x00000000636e0000 - 0x00000000636f1000 	C:\Program Files\MATLAB\R2013a\bin\win64\boost_thread-vc100-mt-1_49.dll
0x000007fef6640000 - 0x000007fef66cc000 	C:\Program Files\MATLAB\R2013a\bin\win64\boost_log-vc100-mt-1_49.dll
0x0000000077b40000 - 0x0000000077b47000 	C:\Windows\system32\PSAPI.DLL
0x000007fefdfb0000 - 0x000007fefdffd000 	C:\Windows\system32\WS2_32.dll
0x000007fefe0e0000 - 0x000007fefe0e8000 	C:\Windows\system32\NSI.dll
0x000007fef6e70000 - 0x000007fef6ea3000 	C:\Program Files\MATLAB\R2013a\bin\win64\tbb.dll
0x000007fefe670000 - 0x000007fefe689000 	C:\Windows\system32\imagehlp.dll
0x000007fefbf30000 - 0x000007fefbf5c000 	C:\Windows\system32\POWRPROF.dll
0x000007feffaa0000 - 0x000007feffc77000 	C:\Windows\system32\SETUPAPI.dll
0x000007fefda60000 - 0x000007fefda96000 	C:\Windows\system32\CFGMGR32.dll
0x000007fefdd70000 - 0x000007fefde47000 	C:\Windows\system32\OLEAUT32.dll
0x000007fefdb60000 - 0x000007fefdd63000 	C:\Windows\system32\ole32.dll
0x000007fefd820000 - 0x000007fefd83a000 	C:\Windows\system32\DEVOBJ.dll
0x0000000004200000 - 0x0000000004221000 	C:\Program Files\MATLAB\R2013a\bin\win64\libmwmfl_scalar.dll
0x000007fef3710000 - 0x000007fef3835000 	C:\Windows\system32\dbghelp.dll
0x0000000004230000 - 0x000000000455f000 	C:\Program Files\MATLAB\R2013a\bin\win64\libmwservices.dll
0x0000000075a20000 - 0x0000000075b0b000 	C:\Program Files\MATLAB\R2013a\bin\win64\libmx.dll
0x000007fef7270000 - 0x000007fef7298000 	C:\Program Files\MATLAB\R2013a\bin\win64\tbbmalloc.dll
0x0000000063700000 - 0x0000000063717000 	C:\Program Files\MATLAB\R2013a\bin\win64\zlib1.dll
0x0000000004560000 - 0x00000000045ae000 	C:\Program Files\MATLAB\R2013a\bin\win64\libmwregexp.dll
0x0000000075f10000 - 0x0000000075f57000 	C:\Program Files\MATLAB\R2013a\bin\win64\mpath.dll
0x000000007b680000 - 0x000000007bc66000 	C:\Program Files\MATLAB\R2013a\bin\win64\mlutil.dll
0x00000000754d0000 - 0x0000000075547000 	C:\Program Files\MATLAB\R2013a\bin\win64\xmlcore.dll
0x000000005fa60000 - 0x000000005fca1000 	C:\Program Files\MATLAB\R2013a\bin\win64\xerces-c_2_7.dll
0x00000000045c0000 - 0x00000000045e2000 	C:\Program Files\MATLAB\R2013a\bin\win64\libmwMATLAB_settings_res.dll
0x000007fef8b10000 - 0x000007fef8b20000 	C:\Program Files\MATLAB\R2013a\bin\win64\boost_iostreams-vc100-mt-1_49.dll
0x000007fef6e20000 - 0x000007fef6e66000 	C:\Program Files\MATLAB\R2013a\bin\win64\boost_serialization-vc100-mt-1_49.dll
0x000007fefeab0000 - 0x000007feff838000 	C:\Windows\system32\SHELL32.dll
0x000007feff980000 - 0x000007feff9f1000 	C:\Windows\system32\SHLWAPI.dll
0x00000000045f0000 - 0x00000000045f6000 	C:\Program Files\MATLAB\R2013a\bin\win64\libmwnativedisplay.dll
0x000007fef9f50000 - 0x000007fef9ff0000 	C:\Windows\WinSxS\amd64_microsoft.windows.common-controls_6595b64144ccf1df_5.82.7601.18201_none_a4d3b9377117c3df\COMCTL32.dll
0x000007fefe2a0000 - 0x000007fefe337000 	C:\Windows\system32\COMDLG32.dll
0x000007fefca30000 - 0x000007fefca46000 	C:\Windows\system32\NETAPI32.dll
0x000007fefcb30000 - 0x000007fefcb3c000 	C:\Windows\system32\netutils.dll
0x000007fefd2d0000 - 0x000007fefd2f3000 	C:\Windows\system32\srvcli.dll
0x000007fefca10000 - 0x000007fefca25000 	C:\Windows\system32\wkscli.dll
0x0000000074970000 - 0x0000000074a18000 	C:\Program Files\MATLAB\R2013a\bin\win64\mcr.dll
0x0000000075000000 - 0x00000000753b1000 	C:\Program Files\MATLAB\R2013a\bin\win64\iqm.dll
0x0000000074e80000 - 0x0000000074f30000 	C:\Program Files\MATLAB\R2013a\bin\win64\m_dispatcher.dll
0x0000000004600000 - 0x0000000004e08000 	C:\Program Files\MATLAB\R2013a\bin\win64\m_interpreter.dll
0x0000000004e10000 - 0x0000000004e34000 	C:\Program Files\MATLAB\R2013a\bin\win64\libmex.dll
0x0000000075430000 - 0x00000000754ab000 	C:\Program Files\MATLAB\R2013a\bin\win64\profiler.dll
0x0000000004e40000 - 0x00000000050c3000 	C:\Program Files\MATLAB\R2013a\bin\win64\libmwmathutil.dll
0x0000000079f40000 - 0x0000000079f66000 	C:\Program Files\MATLAB\R2013a\bin\win64\libmwmathrng.dll
0x00000000050d0000 - 0x00000000050e0000 	C:\Program Files\MATLAB\R2013a\bin\win64\libmwmfl_rng.dll
0x0000000074c10000 - 0x0000000074cf8000 	C:\Program Files\MATLAB\R2013a\bin\win64\libmwmathcore.dll
0x0000000076160000 - 0x00000000761c3000 	C:\Program Files\MATLAB\R2013a\bin\win64\libmwspmatrix.dll
0x000000007b0a0000 - 0x000000007b2f6000 	C:\Program Files\MATLAB\R2013a\bin\win64\mcos.dll
0x0000000075ea0000 - 0x0000000075f02000 	C:\Program Files\MATLAB\R2013a\bin\win64\libmwcholmod.dll
0x00000000050f0000 - 0x00000000050fd000 	C:\Program Files\MATLAB\R2013a\bin\win64\libmwamd.dll
0x000000006dfe0000 - 0x000000006e083000 	C:\Windows\WinSxS\amd64_microsoft.vc90.crt_1fc8b3b9a1e18e3b_9.0.30729.6161_none_08e61857a83bc251\MSVCR90.dll
0x0000000005110000 - 0x000000000511c000 	C:\Program Files\MATLAB\R2013a\bin\win64\libmwcolamd.dll
0x000000007a290000 - 0x000000007a2a3000 	C:\Program Files\MATLAB\R2013a\bin\win64\libmwblas.dll
0x000000007a310000 - 0x000000007a325000 	C:\Program Files\MATLAB\R2013a\bin\win64\libmwbinder.dll
0x0000000005130000 - 0x000000000513b000 	C:\Program Files\MATLAB\R2013a\bin\win64\libmwompwrapper.dll
0x0000000075820000 - 0x000000007589e000 	C:\Program Files\MATLAB\R2013a\bin\win64\libmwlapack.dll
0x000000007a1b0000 - 0x000000007a1d0000 	C:\Program Files\MATLAB\R2013a\bin\win64\m_pcodeio.dll
0x0000000079b10000 - 0x0000000079b6c000 	C:\Program Files\MATLAB\R2013a\bin\win64\m_ir.dll
0x0000000078ed0000 - 0x0000000079579000 	C:\Program Files\MATLAB\R2013a\bin\win64\m_parser.dll
0x000000007a2f0000 - 0x000000007a307000 	C:\Program Files\MATLAB\R2013a\bin\win64\ir_xfmr.dll
0x0000000005140000 - 0x0000000005150000 	C:\Program Files\MATLAB\R2013a\bin\win64\mtok.dll
0x000000007a130000 - 0x000000007a158000 	C:\Program Files\MATLAB\R2013a\bin\win64\m_pcodegen.dll
0x0000000079fb0000 - 0x0000000079fdf000 	C:\Program Files\MATLAB\R2013a\bin\win64\libmwbridge.dll
0x0000000074f40000 - 0x0000000074ff6000 	C:\Program Files\MATLAB\R2013a\bin\win64\udd.dll
0x0000000073cc0000 - 0x0000000073e0e000 	C:\Program Files\MATLAB\R2013a\bin\win64\libmwgui.dll
0x000000007a1d0000 - 0x000000007a1f4000 	C:\Program Files\MATLAB\R2013a\bin\win64\graphics_util.dll
0x000007fef3e50000 - 0x000007fef3f08000 	C:\Program Files\MATLAB\R2013a\bin\win64\libtex_base.dll
0x0000000005150000 - 0x0000000005a93000 	C:\Program Files\MATLAB\R2013a\bin\win64\hg.dll
0x0000000076100000 - 0x000000007615a000 	C:\Program Files\MATLAB\R2013a\bin\win64\libmat.dll
0x0000000072d30000 - 0x0000000072f38000 	C:\Program Files\MATLAB\R2013a\bin\win64\hdf5dll.dll
0x0000000075710000 - 0x00000000757d8000 	C:\Program Files\MATLAB\R2013a\bin\win64\jmi.dll
0x0000000005ab0000 - 0x0000000005abe000 	C:\Program Files\MATLAB\R2013a\bin\win64\nativejava_services.dll
0x0000000005ac0000 - 0x0000000005b00000 	C:\Program Files\MATLAB\R2013a\bin\win64\libmwhardcopy.dll
0x0000000075c70000 - 0x0000000075cce000 	C:\Program Files\MATLAB\R2013a\bin\win64\libuij.dll
0x0000000072f50000 - 0x000000007318f000 	C:\Program Files\MATLAB\R2013a\bin\win64\hgdatatypes.dll
0x0000000005b00000 - 0x0000000005beb000 	C:\Program Files\MATLAB\R2013a\bin\win64\hgutils.dll
0x0000000005bf0000 - 0x0000000005c9e000 	C:\Program Files\MATLAB\R2013a\bin\win64\udd_mi.dll
0x0000000005ca0000 - 0x0000000005cd6000 	C:\Program Files\MATLAB\R2013a\bin\win64\libmwgbtutils.dll
0x0000000005ce0000 - 0x0000000005cf4000 	C:\Program Files\MATLAB\R2013a\bin\win64\libmwgbt.dll
0x0000000005d00000 - 0x0000000005fce000 	C:\Program Files\MATLAB\R2013a\bin\win64\uiw.dll
0x0000000005fd0000 - 0x0000000005fd9000 	C:\Program Files\MATLAB\R2013a\bin\win64\uinone.dll
0x0000000005fe0000 - 0x0000000006006000 	C:\Program Files\MATLAB\R2013a\bin\win64\libmwnativefiledialogs.dll
0x0000000006010000 - 0x000000000601c000 	C:\Program Files\MATLAB\R2013a\bin\win64\libmwplatform_res.dll
0x000007fef9510000 - 0x000007fef9528000 	C:\Windows\system32\MPR.dll
0x000000005e990000 - 0x000000005eeed000 	C:\Program Files\MATLAB\R2013a\bin\win64\mfc100.dll
0x000007fefb1c0000 - 0x000007fefb1c7000 	C:\Windows\system32\MSIMG32.dll
0x000007fefb680000 - 0x000007fefb6f1000 	C:\Windows\system32\WINSPOOL.DRV
0x0000000006020000 - 0x000000000603d000 	C:\Program Files\MATLAB\R2013a\bin\win64\mwoles05.DLL
0x0000000006040000 - 0x00000000060ac000 	C:\Program Files\MATLAB\R2013a\bin\win64\comcli.dll
0x0000000063650000 - 0x000000006367b000 	C:\Program Files\MATLAB\R2013a\bin\win64\ATL100.DLL
0x00000000060b0000 - 0x00000000060bc000 	C:\Program Files\MATLAB\R2013a\bin\win64\mlautoregister.dll
0x00000000060c0000 - 0x0000000006216000 	C:\Program Files\MATLAB\R2013a\bin\win64\mvm.dll
0x000007fefea80000 - 0x000007fefeaae000 	C:\Windows\system32\IMM32.DLL
0x000007fefe170000 - 0x000007fefe279000 	C:\Windows\system32\MSCTF.dll
0x000007fefd6e0000 - 0x000007fefd70f000 	C:\Windows\system32\nvinitx.dll
0x000000000f000000 - 0x000000000f006000 	C:\Program Files\NVIDIA Corporation\CoProcManager\_etoured.dll
0x000007fefa970000 - 0x000007fefa9cf000 	C:\Program Files\NVIDIA Corporation\CoProcManager\nvd3d9wrapx.dll
0x000007fefa5b0000 - 0x000007fefa5f6000 	C:\Program Files\NVIDIA Corporation\CoProcManager\nvdxgiwrapx.dll
0x000007fefbbf0000 - 0x000007fefbc46000 	C:\Windows\system32\UxTheme.dll

VM Arguments:
jvm_args: -XX:PermSize=32m -Xms64m -XX:NewRatio=3 -XX:MaxPermSize=128m -Xmx196m -XX:MaxDirectMemorySize=2147400000 -Dsun.java2d.noddraw=true -Dsun.awt.nopixfmt=true -Xshare:off -Xrs -Dsun.awt.disableMixing=true -Djava.library.path=C:\Program Files\MATLAB\R2013a\bin\win64;C:\Program Files\MATLAB\R2013a\sys\jxbrowser\win64\lib vfprintf abort 
java_command: <unknown>
Launcher Type: generic

Environment Variables:
PATH=C:\Program Files\Common Files\Microsoft Shared\Windows Live;C:\Program Files (x86)\Common Files\Microsoft Shared\Windows Live;C:\Windows\system32;C:\Windows;C:\Windows\System32\Wbem;C:\Windows\System32\WindowsPowerShell\v1.0\;C:\Program Files\Intel\WiFi\bin\;C:\Program Files\Common Files\Intel\WirelessCommon\;c:\Program Files\WIDCOMM\Bluetooth Software\;c:\Program Files\WIDCOMM\Bluetooth Software\syswow64;C:\Program Files (x86)\Windows Live\Shared;C:\Program Files (x86)\Common Files\Roxio Shared\DLLShared\;C:\Program Files (x86)\Common Files\Roxio Shared\OEM\DLLShared\;C:\Program Files (x86)\Common Files\Roxio Shared\OEM\DLLShared\;C:\Program Files (x86)\Common Files\Roxio Shared\OEM\12.0\DLLShared\;C:\Program Files (x86)\Roxio\OEM\AudioCore\;C:\Program Files (x86)\Common Files\DivX Shared\;C:\Users\Abhishek\AppData\Local\Smartbar\Application\;C:\Users\Abhishek\AppData\Local\Smartbar\Application\;C:\QNX650\host\win32\x86\usr\bin;C:\Program Files (x86)\QNX Software Systems\bin;C:\QNX650\host\win32\x86\usr\bin;C:\Program Files (x86)\QNX Software Systems\bin;C:\Program Files (x86)\Microsoft SQL Server\100\Tools\Binn\;C:\Program Files\Microsoft SQL Server\100\Tools\Binn\;C:\Program Files\Microsoft SQL Server\100\DTS\Binn\;C:\Program Files\Microsoft\Web Platform Installer\;C:\Program Files (x86)\Microsoft ASP.NET\ASP.NET Web Pages\v1.0\;C:\Program Files (x86)\Windows Kits\8.0\Windows Performance Toolkit\;C:\Program Files\Microsoft SQL Server\110\Tools\Binn\;C:\Program Files\TortoiseSVN\bin;C:\Program Files\MATLAB\R2013a\runtime\win64;C:\Program Files\MATLAB\R2013a\bin;C:\opencv\build\x64\vc10\bin\;C:\opencv\build\common\tbb\intel64\vc10\;;C:\Program Files (x86)\PrimeSense\NITE\bin;c:\users\abhishek\appdata\local\enthought\canopy\user\scripts;C:\Users\Abhishek\AppData\Local\Enthought\Canopy\User;C:\Users\Abhishek\AppData\Local\Enthought\Canopy\User\Scripts
USERNAME=abhishek
OS=Windows_NT
PROCESSOR_IDENTIFIER=Intel64 Family 6 Model 37 Stepping 5, GenuineIntel



---------------  S Y S T E M  ---------------

OS: Windows 7 Build 7601 Service Pack 1

CPU:total 4 (8 cores per cpu, 2 threads per core) family 6 model 37 stepping 5, cmov, cx8, fxsr, mmx, sse, sse2, sse3, ssse3, sse4.1, sse4.2, ht

Memory: 4k page, physical 3920176k(1445904k free), swap 7838488k(3188588k free)

vm_info: Java HotSpot(TM) 64-Bit Server VM (14.3-b01) for windows-amd64 JRE (1.6.0_17-b04), built on Oct 11 2009 00:46:08 by "java_re" with MS VC++ 8.0

time: Sun Jun 22 22:41:28 2014
elapsed time: 6907 seconds

