#
# A fatal error has been detected by the Java Runtime Environment:
#
#  EXCEPTION_ACCESS_VIOLATION (0xc0000005) at pc=0x000000000ecf2d85, pid=74236, tid=79592
#
# JRE version: 6.0_17-b04
# Java VM: Java HotSpot(TM) 64-Bit Server VM (14.3-b01 mixed mode windows-amd64 )
# Problematic frame:
# C  0x000000000ecf2d85
#
# If you would like to submit a bug report, please visit:
#   http://java.sun.com/webapps/bugreport/crash.jsp
# The crash happened outside the Java Virtual Machine in native code.
# See problematic frame for where to report the bug.
#

---------------  T H R E A D  ---------------

Current thread (0x000000006e191000):  JavaThread "AWT-EventQueue-0" [_thread_in_native, id=79592, stack(0x0000000120000000,0x0000000124000000)]

siginfo: ExceptionCode=0xc0000005, reading address 0x000000000000006c

Registers:
EAX=0x000000000000001b, EBX=0x0000000061fb0001, ECX=0x000000000000001b, EDX=0x0000000000000000
ESP=0x0000000123ffea40, EBP=0x0000000000000000, ESI=0x0000000000000320, EDI=0x0000000000000242
EIP=0x000000000ecf2d85, EFLAGS=0x0000000000010203

Top of Stack: (sp=0x0000000123ffea40)
0x0000000123ffea40:   00000000fffffff8 000000005d7fc410
0x0000000123ffea50:   0000000077f4cfc0 000000000ee36b58
0x0000000123ffea60:   000000006e1911b8 000000000ecd2261
0x0000000123ffea70:   000000006e1911b8 0000000000000012
0x0000000123ffea80:   000000006e1911b8 000000005d7fc410
0x0000000123ffea90:   0000000123ffeba0 0000000123ffeb00
0x0000000123ffeaa0:   000000000ee36b58 0000000123ffeaf0
0x0000000123ffeab0:   0000001e00000008 0000026000000328
0x0000000123ffeac0:   0000001e00000008 0000026000000328
0x0000000123ffead0:   0000000000000000 0000000000000000
0x0000000123ffeae0:   0000000000000001 0000000000000000
0x0000000123ffeaf0:   0000000029694190 000000002f1755d8
0x0000000123ffeb00:   0000001e00000008 0000026000000328
0x0000000123ffeb10:   0000000061faa238 0000000100000000
0x0000000123ffeb20:   0000000000000320 0000000000000000
0x0000000123ffeb30:   0000000000000000 0000000000000000 

Instructions: (pc=0x000000000ecf2d85)
0x000000000ecf2d75:   99 0f b6 d2 03 c2 c1 f8 08 41 83 c2 ff 0f b6 c8
0x000000000ecf2d85:   41 0f b6 04 8c 88 43 ff 75 b1 4d 03 cb 48 03 dd 


Stack: [0x0000000120000000,0x0000000124000000],  sp=0x0000000123ffea40,  free space=65530k
Native frames: (J=compiled Java code, j=interpreted, Vv=VM code, C=native code)
C  0x000000000ecf2d85

[error occurred during error reporting (printing native stack), id 0xc0000005]

Java frames: (J=compiled Java code, j=interpreted, Vv=VM code)
J  sun.java2d.loops.Blit.Blit(Lsun/java2d/SurfaceData;Lsun/java2d/SurfaceData;Ljava/awt/Composite;Lsun/java2d/pipe/Region;IIIIII)V
J  sun.java2d.pipe.DrawImage.copyImage(Lsun/java2d/SunGraphics2D;Ljava/awt/Image;IILjava/awt/Color;Ljava/awt/image/ImageObserver;)Z
J  sun.java2d.SunGraphics2D.drawImage(Ljava/awt/Image;IILjava/awt/Color;Ljava/awt/image/ImageObserver;)Z
J  javax.swing.RepaintManager$PaintManager.paintDoubleBuffered(Ljavax/swing/JComponent;Ljava/awt/Image;Ljava/awt/Graphics;IIII)V
J  javax.swing.RepaintManager$PaintManager.paint(Ljavax/swing/JComponent;Ljavax/swing/JComponent;Ljava/awt/Graphics;IIII)Z
J  javax.swing.JComponent.paint(Ljava/awt/Graphics;)V
j  java.awt.GraphicsCallback$PaintCallback.run(Ljava/awt/Component;Ljava/awt/Graphics;)V+2
j  sun.awt.SunGraphicsCallback.runOneComponent(Ljava/awt/Component;Ljava/awt/Rectangle;Ljava/awt/Graphics;Ljava/awt/Shape;I)V+155
j  sun.awt.SunGraphicsCallback.runComponents([Ljava/awt/Component;Ljava/awt/Graphics;I)V+104
j  java.awt.Container.paint(Ljava/awt/Graphics;)V+73
J  javax.swing.RepaintManager.paintDirtyRegions(Ljava/util/Map;)V
j  javax.swing.RepaintManager.paintDirtyRegions()V+46
j  javax.swing.RepaintManager.seqPaintDirtyRegions()V+73
j  javax.swing.SystemEventQueueUtilities$ComponentWorkRequest.run()V+36
J  java.awt.event.InvocationEvent.dispatch()V
J  java.awt.EventDispatchThread.pumpOneEventForFilters(I)Z
J  java.awt.EventDispatchThread.pumpEventsForFilter(ILjava/awt/Conditional;Ljava/awt/EventFilter;)V
j  java.awt.EventDispatchThread.pumpEventsForHierarchy(ILjava/awt/Conditional;Ljava/awt/Component;)V+11
j  java.awt.EventDispatchThread.pumpEvents(ILjava/awt/Conditional;)V+4
j  java.awt.EventDispatchThread.pumpEvents(Ljava/awt/Conditional;)V+3
j  java.awt.EventDispatchThread.run()V+9
v  ~StubRoutines::call_stub

---------------  P R O C E S S  ---------------

Java Threads: ( => current thread )
  0x000000005f124000 JavaThread "Prefs Updater" daemon [_thread_blocked, id=130656, stack(0x00000000e0000000,0x00000000e4000000)]
  0x000000006e18a000 JavaThread "Explorer NavigationContext request queue" daemon [_thread_blocked, id=129228, stack(0x00000000b8000000,0x00000000bc000000)]
=>0x000000006e191000 JavaThread "AWT-EventQueue-0" [_thread_in_native, id=79592, stack(0x0000000120000000,0x0000000124000000)]
  0x000000006e18a800 JavaThread "Timer-InstrumentReadWritePoll" [_thread_blocked, id=65228, stack(0x00000000c4000000,0x00000000c8000000)]
  0x000000006e190800 JavaThread "Thread-88" [_thread_blocked, id=79312, stack(0x000000009c000000,0x00000000a0000000)]
  0x000000006e18f000 JavaThread "pool-7-thread-1" [_thread_blocked, id=69748, stack(0x00000000cc000000,0x00000000d0000000)]
  0x000000005f120000 JavaThread "BluecoveAsynchronousShutdownThread" daemon [_thread_blocked, id=79488, stack(0x00000000c8000000,0x00000000cc000000)]
  0x000000006e190000 JavaThread "Timer-2" daemon [_thread_blocked, id=78752, stack(0x000000012c000000,0x0000000130000000)]
  0x000000006e18b800 JavaThread "com.jniwrapper.NativeResourceCollector" daemon [_thread_blocked, id=77748, stack(0x0000000124000000,0x0000000128000000)]
  0x000000005f12c800 JavaThread "Swing-Shell" daemon [_thread_blocked, id=78948, stack(0x0000000114000000,0x0000000118000000)]
  0x000000005f12b000 JavaThread "Code Analyzer updating thread" [_thread_blocked, id=79548, stack(0x0000000108000000,0x000000010c000000)]
  0x000000005f12a800 JavaThread "Code Analyzer updating thread" [_thread_blocked, id=74532, stack(0x0000000104000000,0x0000000108000000)]
  0x000000005f129800 JavaThread "Code Analyzer updating thread" [_thread_blocked, id=74528, stack(0x0000000100000000,0x0000000104000000)]
  0x000000005f129000 JavaThread "Code Analyzer updating thread" [_thread_blocked, id=76460, stack(0x00000000fc000000,0x0000000100000000)]
  0x000000005f128000 JavaThread "Code Analyzer updating thread" [_thread_blocked, id=76420, stack(0x00000000f8000000,0x00000000fc000000)]
  0x000000005f127800 JavaThread "Code Analyzer updating thread" [_thread_blocked, id=76780, stack(0x00000000f4000000,0x00000000f8000000)]
  0x000000005f126800 JavaThread "Code Analyzer updating thread" [_thread_blocked, id=76392, stack(0x00000000f0000000,0x00000000f4000000)]
  0x000000005f126000 JavaThread "Active Reference Queue Daemon" daemon [_thread_blocked, id=76028, stack(0x00000000ec000000,0x00000000f0000000)]
  0x000000005f125800 JavaThread "Timer-1" daemon [_thread_blocked, id=67776, stack(0x00000000e8000000,0x00000000ec000000)]
  0x000000005f124800 JavaThread "ClipboardMonitor Timer" daemon [_thread_blocked, id=74116, stack(0x00000000e4000000,0x00000000e8000000)]
  0x000000005f122800 JavaThread "AddressBar directory emptiness poller" daemon [_thread_blocked, id=75048, stack(0x00000000d8000000,0x00000000dc000000)]
  0x000000005f121800 JavaThread "Explorer Refresh Service 516921323" daemon [_thread_blocked, id=74028, stack(0x00000000d4000000,0x00000000d8000000)]
  0x000000005f121000 JavaThread "Thread-4" daemon [_thread_blocked, id=73860, stack(0x00000000d0000000,0x00000000d4000000)]
  0x000000005f11f000 JavaThread "TimerQueue" daemon [_thread_blocked, id=75660, stack(0x00000000bc000000,0x00000000c0000000)]
  0x000000005f11e000 JavaThread "Thread-3" daemon [_thread_blocked, id=74944, stack(0x00000000a8000000,0x00000000ac000000)]
  0x000000005f11d800 JavaThread "FelixPackageAdmin" daemon [_thread_blocked, id=71868, stack(0x00000000b4000000,0x00000000b8000000)]
  0x000000005f1e1800 JavaThread "FelixStartLevel" daemon [_thread_blocked, id=73188, stack(0x00000000b0000000,0x00000000b4000000)]
  0x000000005f104800 JavaThread "FelixDispatchQueue" daemon [_thread_blocked, id=72296, stack(0x00000000ac000000,0x00000000b0000000)]
  0x000000005ec64800 JavaThread "com.google.common.base.internal.Finalizer" daemon [_thread_blocked, id=73792, stack(0x00000000a0000000,0x00000000a4000000)]
  0x000000005ec19800 JavaThread "AWT-Windows" daemon [_thread_in_native, id=73844, stack(0x0000000098000000,0x000000009c000000)]
  0x000000005ec19000 JavaThread "AWT-Shutdown" [_thread_blocked, id=74460, stack(0x0000000094000000,0x0000000098000000)]
  0x000000005ec18000 JavaThread "Java2D Disposer" daemon [_thread_blocked, id=74140, stack(0x0000000090000000,0x0000000094000000)]
  0x000000005e820800 JavaThread "Timer-0" [_thread_blocked, id=67500, stack(0x000000008c000000,0x0000000090000000)]
  0x000000005e6ee000 JavaThread "EventMgr Dispatcher" daemon [_thread_in_native, id=69056, stack(0x0000000088000000,0x000000008c000000)]
  0x000000000ebe4000 JavaThread "Low Memory Detector" daemon [_thread_blocked, id=69976, stack(0x0000000080000000,0x0000000084000000)]
  0x000000000ebd8800 JavaThread "CompilerThread1" daemon [_thread_blocked, id=73516, stack(0x0000000069ae0000,0x000000006dae0000)]
  0x000000000ebd1000 JavaThread "CompilerThread0" daemon [_thread_blocked, id=69576, stack(0x0000000065ae0000,0x0000000069ae0000)]
  0x000000000ebcf800 JavaThread "Attach Listener" daemon [_thread_blocked, id=69144, stack(0x0000000058be0000,0x000000005cbe0000)]
  0x000000000eb7b000 JavaThread "Finalizer" daemon [_thread_blocked, id=72008, stack(0x0000000054be0000,0x0000000058be0000)]
  0x000000000eb74800 JavaThread "Reference Handler" daemon [_thread_blocked, id=74192, stack(0x000000004f540000,0x0000000053540000)]
  0x000000000657e800 JavaThread "main" [_thread_in_native, id=73088, stack(0x0000000000030000,0x0000000004030000)]

Other Threads:
  0x000000000eb71000 VMThread [stack: 0x000000004b540000,0x000000004f540000] [id=68028]
  0x000000000ec1a000 WatcherThread [stack: 0x0000000084000000,0x0000000088000000] [id=74488]

VM state:not at safepoint (normal execution)

VM Mutex/Monitor currently owned by a thread: None

Heap
 PSYoungGen      total 48576K, used 33163K [0x0000000038440000, 0x000000003b540000, 0x000000003b540000)
  eden space 46976K, 70% used [0x0000000038440000,0x000000003a462cb8,0x000000003b220000)
  from space 1600K, 16% used [0x000000003b3b0000,0x000000003b3f0000,0x000000003b540000)
  to   space 1600K, 0% used [0x000000003b220000,0x000000003b220000,0x000000003b3b0000)
 PSOldGen        total 149760K, used 133318K [0x000000002f140000, 0x0000000038380000, 0x0000000038440000)
  object space 149760K, 89% used [0x000000002f140000,0x0000000037371960,0x0000000038380000)
 PSPermGen       total 126848K, used 78263K [0x0000000027140000, 0x000000002ed20000, 0x000000002f140000)
  object space 126848K, 61% used [0x0000000027140000,0x000000002bdade80,0x000000002ed20000)

Dynamic libraries:
0x0000000140000000 - 0x0000000140028000 	C:\Program Files\MATLAB\R2013a\bin\win64\MATLAB.exe
0x0000000077610000 - 0x00000000777b9000 	C:\Windows\SYSTEM32\ntdll.dll
0x00000000774f0000 - 0x000000007760f000 	C:\Windows\system32\kernel32.dll
0x000007fefd570000 - 0x000007fefd5dc000 	C:\Windows\system32\KERNELBASE.dll
0x0000000074460000 - 0x0000000074515000 	C:\Program Files\MATLAB\R2013a\bin\win64\libut.dll
0x00000000758a0000 - 0x000000007595f000 	C:\Program Files\MATLAB\R2013a\bin\win64\libmwi18n.dll
0x0000000180000000 - 0x000000018000d000 	C:\Program Files\MATLAB\R2013a\bin\win64\libmwresource_core.dll
0x0000000062900000 - 0x0000000062998000 	C:\Program Files\MATLAB\R2013a\bin\win64\MSVCP100.dll
0x0000000063070000 - 0x0000000063142000 	C:\Program Files\MATLAB\R2013a\bin\win64\MSVCR100.dll
0x0000000065ad0000 - 0x0000000065ade000 	C:\Program Files\MATLAB\R2013a\bin\win64\boost_date_time-vc100-mt-1_49.dll
0x0000000065a70000 - 0x0000000065a9c000 	C:\Program Files\MATLAB\R2013a\bin\win64\boost_filesystem-vc100-mt-1_49.dll
0x0000000065a60000 - 0x0000000065a69000 	C:\Program Files\MATLAB\R2013a\bin\win64\boost_system-vc100-mt-1_49.dll
0x000007fefed60000 - 0x000007fefee3b000 	C:\Windows\system32\ADVAPI32.dll
0x000007feff6a0000 - 0x000007feff73f000 	C:\Windows\system32\msvcrt.dll
0x000007fefdd70000 - 0x000007fefdd8f000 	C:\Windows\SYSTEM32\sechost.dll
0x000007fefec30000 - 0x000007fefed5d000 	C:\Windows\system32\RPCRT4.dll
0x0000000063040000 - 0x0000000063065000 	C:\Program Files\MATLAB\R2013a\bin\win64\LIBEXPAT.dll
0x0000000060640000 - 0x00000000607ca000 	C:\Program Files\MATLAB\R2013a\bin\win64\icuin49.dll
0x000000005e260000 - 0x000000005e39e000 	C:\Program Files\MATLAB\R2013a\bin\win64\icuuc49.dll
0x0000000053ab0000 - 0x0000000054bd2000 	C:\Program Files\MATLAB\R2013a\bin\win64\icudt49.dll
0x00000000657e0000 - 0x00000000657f0000 	C:\Program Files\MATLAB\R2013a\bin\win64\icuio49.dll
0x0000000073f70000 - 0x0000000074112000 	C:\Program Files\MATLAB\R2013a\bin\win64\libmwfl.dll
0x000000007a350000 - 0x000000007a737000 	C:\Program Files\MATLAB\R2013a\bin\win64\libmwMATLAB_res.dll
0x0000000062820000 - 0x00000000628ff000 	C:\Program Files\MATLAB\R2013a\bin\win64\boost_regex-vc100-mt-1_49.dll
0x00000000773f0000 - 0x00000000774ea000 	C:\Windows\system32\USER32.dll
0x000007fefd7f0000 - 0x000007fefd857000 	C:\Windows\system32\GDI32.dll
0x000007fefd7e0000 - 0x000007fefd7ee000 	C:\Windows\system32\LPK.dll
0x000007fefda60000 - 0x000007fefdb29000 	C:\Windows\system32\USP10.dll
0x0000000065720000 - 0x0000000065731000 	C:\Program Files\MATLAB\R2013a\bin\win64\boost_signals-vc100-mt-1_49.dll
0x0000000065700000 - 0x0000000065711000 	C:\Program Files\MATLAB\R2013a\bin\win64\boost_thread-vc100-mt-1_49.dll
0x000007feeecd0000 - 0x000007feeed5c000 	C:\Program Files\MATLAB\R2013a\bin\win64\boost_log-vc100-mt-1_49.dll
0x00000000777d0000 - 0x00000000777d7000 	C:\Windows\system32\PSAPI.DLL
0x000007fefeb40000 - 0x000007fefeb8d000 	C:\Windows\system32\WS2_32.dll
0x000007fefd940000 - 0x000007fefd948000 	C:\Windows\system32\NSI.dll
0x000007fef2c30000 - 0x000007fef2c63000 	C:\Program Files\MATLAB\R2013a\bin\win64\tbb.dll
0x000007fefeb20000 - 0x000007fefeb39000 	C:\Windows\system32\imagehlp.dll
0x000007fefbf70000 - 0x000007fefbf9c000 	C:\Windows\system32\POWRPROF.dll
0x000007feff740000 - 0x000007feff917000 	C:\Windows\system32\SETUPAPI.dll
0x000007fefd750000 - 0x000007fefd786000 	C:\Windows\system32\CFGMGR32.dll
0x000007fefd950000 - 0x000007fefda27000 	C:\Windows\system32\OLEAUT32.dll
0x000007fefef60000 - 0x000007feff163000 	C:\Windows\system32\ole32.dll
0x000007fefd4f0000 - 0x000007fefd50a000 	C:\Windows\system32\DEVOBJ.dll
0x0000000004100000 - 0x0000000004121000 	C:\Program Files\MATLAB\R2013a\bin\win64\libmwmfl_scalar.dll
0x000007fef3510000 - 0x000007fef3635000 	C:\Windows\system32\dbghelp.dll
0x0000000004280000 - 0x00000000045af000 	C:\Program Files\MATLAB\R2013a\bin\win64\libmwservices.dll
0x0000000075a20000 - 0x0000000075b0b000 	C:\Program Files\MATLAB\R2013a\bin\win64\libmx.dll
0x000007fef4bc0000 - 0x000007fef4be8000 	C:\Program Files\MATLAB\R2013a\bin\win64\tbbmalloc.dll
0x0000000063000000 - 0x0000000063017000 	C:\Program Files\MATLAB\R2013a\bin\win64\zlib1.dll
0x0000000004130000 - 0x000000000417e000 	C:\Program Files\MATLAB\R2013a\bin\win64\libmwregexp.dll
0x0000000075f10000 - 0x0000000075f57000 	C:\Program Files\MATLAB\R2013a\bin\win64\mpath.dll
0x000000007b680000 - 0x000000007bc66000 	C:\Program Files\MATLAB\R2013a\bin\win64\mlutil.dll
0x00000000754d0000 - 0x0000000075547000 	C:\Program Files\MATLAB\R2013a\bin\win64\xmlcore.dll
0x000000005d540000 - 0x000000005d781000 	C:\Program Files\MATLAB\R2013a\bin\win64\xerces-c_2_7.dll
0x00000000045c0000 - 0x00000000045e2000 	C:\Program Files\MATLAB\R2013a\bin\win64\libmwMATLAB_settings_res.dll
0x000007fef81f0000 - 0x000007fef8200000 	C:\Program Files\MATLAB\R2013a\bin\win64\boost_iostreams-vc100-mt-1_49.dll
0x000007fef2f80000 - 0x000007fef2fc6000 	C:\Program Files\MATLAB\R2013a\bin\win64\boost_serialization-vc100-mt-1_49.dll
0x000007fefdd90000 - 0x000007fefeb18000 	C:\Windows\system32\SHELL32.dll
0x000007fefd8c0000 - 0x000007fefd931000 	C:\Windows\system32\SHLWAPI.dll
0x00000000045f0000 - 0x00000000045f6000 	C:\Program Files\MATLAB\R2013a\bin\win64\libmwnativedisplay.dll
0x000007fef9dd0000 - 0x000007fef9e70000 	C:\Windows\WinSxS\amd64_microsoft.windows.common-controls_6595b64144ccf1df_5.82.7601.18201_none_a4d3b9377117c3df\COMCTL32.dll
0x000007fefeec0000 - 0x000007fefef57000 	C:\Windows\system32\COMDLG32.dll
0x000007fefc6b0000 - 0x000007fefc6c6000 	C:\Windows\system32\NETAPI32.dll
0x000007fefc7b0000 - 0x000007fefc7bc000 	C:\Windows\system32\netutils.dll
0x000007fefce90000 - 0x000007fefceb3000 	C:\Windows\system32\srvcli.dll
0x000007fefc690000 - 0x000007fefc6a5000 	C:\Windows\system32\wkscli.dll
0x0000000074970000 - 0x0000000074a18000 	C:\Program Files\MATLAB\R2013a\bin\win64\mcr.dll
0x0000000075000000 - 0x00000000753b1000 	C:\Program Files\MATLAB\R2013a\bin\win64\iqm.dll
0x0000000074e80000 - 0x0000000074f30000 	C:\Program Files\MATLAB\R2013a\bin\win64\m_dispatcher.dll
0x0000000004600000 - 0x0000000004e08000 	C:\Program Files\MATLAB\R2013a\bin\win64\m_interpreter.dll
0x0000000004e10000 - 0x0000000004e34000 	C:\Program Files\MATLAB\R2013a\bin\win64\libmex.dll
0x0000000075430000 - 0x00000000754ab000 	C:\Program Files\MATLAB\R2013a\bin\win64\profiler.dll
0x0000000004e40000 - 0x00000000050c3000 	C:\Program Files\MATLAB\R2013a\bin\win64\libmwmathutil.dll
0x0000000079f40000 - 0x0000000079f66000 	C:\Program Files\MATLAB\R2013a\bin\win64\libmwmathrng.dll
0x00000000050d0000 - 0x00000000050e0000 	C:\Program Files\MATLAB\R2013a\bin\win64\libmwmfl_rng.dll
0x0000000074c10000 - 0x0000000074cf8000 	C:\Program Files\MATLAB\R2013a\bin\win64\libmwmathcore.dll
0x0000000076160000 - 0x00000000761c3000 	C:\Program Files\MATLAB\R2013a\bin\win64\libmwspmatrix.dll
0x000000007b0a0000 - 0x000000007b2f6000 	C:\Program Files\MATLAB\R2013a\bin\win64\mcos.dll
0x0000000075ea0000 - 0x0000000075f02000 	C:\Program Files\MATLAB\R2013a\bin\win64\libmwcholmod.dll
0x00000000050f0000 - 0x00000000050fd000 	C:\Program Files\MATLAB\R2013a\bin\win64\libmwamd.dll
0x000000006db20000 - 0x000000006dbc3000 	C:\Windows\WinSxS\amd64_microsoft.vc90.crt_1fc8b3b9a1e18e3b_9.0.30729.6161_none_08e61857a83bc251\MSVCR90.dll
0x0000000005110000 - 0x000000000511c000 	C:\Program Files\MATLAB\R2013a\bin\win64\libmwcolamd.dll
0x000000007a290000 - 0x000000007a2a3000 	C:\Program Files\MATLAB\R2013a\bin\win64\libmwblas.dll
0x000000007a310000 - 0x000000007a325000 	C:\Program Files\MATLAB\R2013a\bin\win64\libmwbinder.dll
0x0000000005130000 - 0x000000000513b000 	C:\Program Files\MATLAB\R2013a\bin\win64\libmwompwrapper.dll
0x0000000075820000 - 0x000000007589e000 	C:\Program Files\MATLAB\R2013a\bin\win64\libmwlapack.dll
0x000000007a1b0000 - 0x000000007a1d0000 	C:\Program Files\MATLAB\R2013a\bin\win64\m_pcodeio.dll
0x0000000079b10000 - 0x0000000079b6c000 	C:\Program Files\MATLAB\R2013a\bin\win64\m_ir.dll
0x0000000078ed0000 - 0x0000000079579000 	C:\Program Files\MATLAB\R2013a\bin\win64\m_parser.dll
0x000000007a2f0000 - 0x000000007a307000 	C:\Program Files\MATLAB\R2013a\bin\win64\ir_xfmr.dll
0x0000000005140000 - 0x0000000005150000 	C:\Program Files\MATLAB\R2013a\bin\win64\mtok.dll
0x000000007a130000 - 0x000000007a158000 	C:\Program Files\MATLAB\R2013a\bin\win64\m_pcodegen.dll
0x0000000079fb0000 - 0x0000000079fdf000 	C:\Program Files\MATLAB\R2013a\bin\win64\libmwbridge.dll
0x0000000074f40000 - 0x0000000074ff6000 	C:\Program Files\MATLAB\R2013a\bin\win64\udd.dll
0x0000000073cc0000 - 0x0000000073e0e000 	C:\Program Files\MATLAB\R2013a\bin\win64\libmwgui.dll
0x000000007a1d0000 - 0x000000007a1f4000 	C:\Program Files\MATLAB\R2013a\bin\win64\graphics_util.dll
0x000007feeff60000 - 0x000007fef0018000 	C:\Program Files\MATLAB\R2013a\bin\win64\libtex_base.dll
0x0000000005150000 - 0x0000000005a93000 	C:\Program Files\MATLAB\R2013a\bin\win64\hg.dll
0x0000000076100000 - 0x000000007615a000 	C:\Program Files\MATLAB\R2013a\bin\win64\libmat.dll
0x0000000072d30000 - 0x0000000072f38000 	C:\Program Files\MATLAB\R2013a\bin\win64\hdf5dll.dll
0x0000000075710000 - 0x00000000757d8000 	C:\Program Files\MATLAB\R2013a\bin\win64\jmi.dll
0x0000000005ab0000 - 0x0000000005abe000 	C:\Program Files\MATLAB\R2013a\bin\win64\nativejava_services.dll
0x0000000005ac0000 - 0x0000000005b00000 	C:\Program Files\MATLAB\R2013a\bin\win64\libmwhardcopy.dll
0x0000000075c70000 - 0x0000000075cce000 	C:\Program Files\MATLAB\R2013a\bin\win64\libuij.dll
0x0000000072f50000 - 0x000000007318f000 	C:\Program Files\MATLAB\R2013a\bin\win64\hgdatatypes.dll
0x0000000005b00000 - 0x0000000005beb000 	C:\Program Files\MATLAB\R2013a\bin\win64\hgutils.dll
0x0000000005bf0000 - 0x0000000005c9e000 	C:\Program Files\MATLAB\R2013a\bin\win64\udd_mi.dll
0x0000000005ca0000 - 0x0000000005cd6000 	C:\Program Files\MATLAB\R2013a\bin\win64\libmwgbtutils.dll
0x0000000005ce0000 - 0x0000000005cf4000 	C:\Program Files\MATLAB\R2013a\bin\win64\libmwgbt.dll
0x0000000005d00000 - 0x0000000005fce000 	C:\Program Files\MATLAB\R2013a\bin\win64\uiw.dll
0x0000000005fd0000 - 0x0000000005fd9000 	C:\Program Files\MATLAB\R2013a\bin\win64\uinone.dll
0x0000000005fe0000 - 0x0000000006006000 	C:\Program Files\MATLAB\R2013a\bin\win64\libmwnativefiledialogs.dll
0x0000000006010000 - 0x000000000601c000 	C:\Program Files\MATLAB\R2013a\bin\win64\libmwplatform_res.dll
0x000007fef8830000 - 0x000007fef8848000 	C:\Windows\system32\MPR.dll
0x000000005cfe0000 - 0x000000005d53d000 	C:\Program Files\MATLAB\R2013a\bin\win64\mfc100.dll
0x000007fefae40000 - 0x000007fefae47000 	C:\Windows\system32\MSIMG32.dll
0x000007fefb300000 - 0x000007fefb371000 	C:\Windows\system32\WINSPOOL.DRV
0x0000000006020000 - 0x000000000603d000 	C:\Program Files\MATLAB\R2013a\bin\win64\mwoles05.DLL
0x0000000006040000 - 0x00000000060ac000 	C:\Program Files\MATLAB\R2013a\bin\win64\comcli.dll
0x0000000062090000 - 0x00000000620bb000 	C:\Program Files\MATLAB\R2013a\bin\win64\ATL100.DLL
0x00000000060b0000 - 0x00000000060bc000 	C:\Program Files\MATLAB\R2013a\bin\win64\mlautoregister.dll
0x00000000060c0000 - 0x0000000006216000 	C:\Program Files\MATLAB\R2013a\bin\win64\mvm.dll
0x000007fefda30000 - 0x000007fefda5e000 	C:\Windows\system32\IMM32.DLL
0x000007feff590000 - 0x000007feff699000 	C:\Windows\system32\MSCTF.dll
0x000007fefd360000 - 0x000007fefd38f000 	C:\Windows\system32\nvinitx.dll
0x000000000f000000 - 0x000000000f006000 	C:\Program Files\NVIDIA Corporation\CoProcManager\_etoured.dll
0x000007fefa130000 - 0x000007fefa18f000 	C:\Program Files\NVIDIA Corporation\CoProcManager\nvd3d9wrapx.dll
0x000007fefa080000 - 0x000007fefa0c6000 	C:\Program Files\NVIDIA Corporation\CoProcManager\nvdxgiwrapx.dll
0x000007fefb940000 - 0x000007fefb996000 	C:\Windows\system32\UxTheme.dll

VM Arguments:
jvm_args: -XX:PermSize=32m -Xms64m -XX:NewRatio=3 -XX:MaxPermSize=128m -Xmx196m -XX:MaxDirectMemorySize=2147400000 -Dsun.java2d.noddraw=true -Dsun.awt.nopixfmt=true -Xshare:off -Xrs -Dsun.awt.disableMixing=true -Djava.library.path=C:\Program Files\MATLAB\R2013a\bin\win64;C:\Program Files\MATLAB\R2013a\sys\jxbrowser\win64\lib vfprintf abort 
java_command: <unknown>
Launcher Type: generic

Environment Variables:
PATH=C:\Program Files\Common Files\Microsoft Shared\Windows Live;C:\Program Files (x86)\Common Files\Microsoft Shared\Windows Live;C:\Windows\system32;C:\Windows;C:\Windows\System32\Wbem;C:\Windows\System32\WindowsPowerShell\v1.0\;C:\Program Files\Intel\WiFi\bin\;C:\Program Files\Common Files\Intel\WirelessCommon\;c:\Program Files\WIDCOMM\Bluetooth Software\;c:\Program Files\WIDCOMM\Bluetooth Software\syswow64;C:\Program Files (x86)\Windows Live\Shared;C:\Program Files (x86)\Common Files\Roxio Shared\DLLShared\;C:\Program Files (x86)\Common Files\Roxio Shared\OEM\DLLShared\;C:\Program Files (x86)\Common Files\Roxio Shared\OEM\DLLShared\;C:\Program Files (x86)\Common Files\Roxio Shared\OEM\12.0\DLLShared\;C:\Program Files (x86)\Roxio\OEM\AudioCore\;C:\Program Files (x86)\Common Files\DivX Shared\;C:\Users\Abhishek\AppData\Local\Smartbar\Application\;C:\Users\Abhishek\AppData\Local\Smartbar\Application\;C:\QNX650\host\win32\x86\usr\bin;C:\Program Files (x86)\QNX Software Systems\bin;C:\QNX650\host\win32\x86\usr\bin;C:\Program Files (x86)\QNX Software Systems\bin;C:\Program Files (x86)\Microsoft SQL Server\100\Tools\Binn\;C:\Program Files\Microsoft SQL Server\100\Tools\Binn\;C:\Program Files\Microsoft SQL Server\100\DTS\Binn\;C:\Program Files\Microsoft\Web Platform Installer\;C:\Program Files (x86)\Microsoft ASP.NET\ASP.NET Web Pages\v1.0\;C:\Program Files (x86)\Windows Kits\8.0\Windows Performance Toolkit\;C:\Program Files\Microsoft SQL Server\110\Tools\Binn\;C:\Program Files\TortoiseSVN\bin;C:\Program Files\MATLAB\R2013a\runtime\win64;C:\Program Files\MATLAB\R2013a\bin;C:\opencv\build\x64\vc10\bin\;C:\opencv\build\common\tbb\intel64\vc10\;;C:\Program Files (x86)\PrimeSense\NITE\bin;c:\users\abhishek\appdata\local\enthought\canopy\user\scripts;C:\Users\Abhishek\AppData\Local\Enthought\Canopy\User;C:\Users\Abhishek\AppData\Local\Enthought\Canopy\User\Scripts
USERNAME=abhishek
OS=Windows_NT
PROCESSOR_IDENTIFIER=Intel64 Family 6 Model 37 Stepping 5, GenuineIntel



---------------  S Y S T E M  ---------------

OS: Windows 7 Build 7601 Service Pack 1

CPU:total 4 (8 cores per cpu, 2 threads per core) family 6 model 37 stepping 5, cmov, cx8, fxsr, mmx, sse, sse2, sse3, ssse3, sse4.1, sse4.2, ht

Memory: 4k page, physical 3920176k(493332k free), swap 7854872k(1347568k free)

vm_info: Java HotSpot(TM) 64-Bit Server VM (14.3-b01) for windows-amd64 JRE (1.6.0_17-b04), built on Oct 11 2009 00:46:08 by "java_re" with MS VC++ 8.0

time: Tue Aug 26 18:53:18 2014
elapsed time: 93038 seconds

