#
# A fatal error has been detected by the Java Runtime Environment:
#
#  EXCEPTION_ACCESS_VIOLATION (0xc0000005) at pc=0x000000004f562d85, pid=9808, tid=10044
#
# JRE version: 6.0_17-b04
# Java VM: Java HotSpot(TM) 64-Bit Server VM (14.3-b01 mixed mode windows-amd64 )
# Problematic frame:
# C  0x000000004f562d85
#
# If you would like to submit a bug report, please visit:
#   http://java.sun.com/webapps/bugreport/crash.jsp
# The crash happened outside the Java Virtual Machine in native code.
# See problematic frame for where to report the bug.
#

---------------  T H R E A D  ---------------

Current thread (0x0000000050b06000):  JavaThread "AWT-EventQueue-0" [_thread_in_native, id=10044, stack(0x00000000a8000000,0x00000000ac000000)]

siginfo: ExceptionCode=0xc0000005, reading address 0x000000000000006c

Registers:
EAX=0x000000000000001b, EBX=0x00000000098b0001, ECX=0x000000000000001b, EDX=0x0000000000000000
ESP=0x00000000abffe6b0, EBP=0x0000000000000000, ESI=0x0000000000000320, EDI=0x0000000000000242
EIP=0x000000004f562d85, EFLAGS=0x0000000000010203

Top of Stack: (sp=0x00000000abffe6b0)
0x00000000abffe6b0:   00000000fffffff8 0000000050a82e90
0x00000000abffe6c0:   0000000056c0a570 000000004f6a6b58
0x00000000abffe6d0:   0000000050b061b8 000000004f542261
0x00000000abffe6e0:   0000000050b061b8 0000000000000012
0x00000000abffe6f0:   0000000050b061b8 0000000050a82e90
0x00000000abffe700:   00000000abffe810 00000000abffe770
0x00000000abffe710:   000000004f6a6b58 00000000abffe760
0x00000000abffe720:   0000001e00000008 0000026000000328
0x00000000abffe730:   0000001e00000008 0000026000000328
0x00000000abffe740:   0000000000000000 0000000000000000
0x00000000abffe750:   0000000000000001 0000000000000000
0x00000000abffe760:   0000000024145ac2 0000000050b06000
0x00000000abffe770:   0000001e00000008 0000026000000328
0x00000000abffe780:   00000000098aa238 0000000100000000
0x00000000abffe790:   0000000000000320 0000000000000000
0x00000000abffe7a0:   0000000000000000 0000000000000000 

Instructions: (pc=0x000000004f562d85)
0x000000004f562d75:   99 0f b6 d2 03 c2 c1 f8 08 41 83 c2 ff 0f b6 c8
0x000000004f562d85:   41 0f b6 04 8c 88 43 ff 75 b1 4d 03 cb 48 03 dd 


Stack: [0x00000000a8000000,0x00000000ac000000],  sp=0x00000000abffe6b0,  free space=65529k
Native frames: (J=compiled Java code, j=interpreted, Vv=VM code, C=native code)
C  0x000000004f562d85

[error occurred during error reporting (printing native stack), id 0xc0000005]

Java frames: (J=compiled Java code, j=interpreted, Vv=VM code)
J  sun.java2d.loops.Blit.Blit(Lsun/java2d/SurfaceData;Lsun/java2d/SurfaceData;Ljava/awt/Composite;Lsun/java2d/pipe/Region;IIIIII)V
j  sun.java2d.pipe.DrawImage.blitSurfaceData(Lsun/java2d/SunGraphics2D;Lsun/java2d/pipe/Region;Lsun/java2d/SurfaceData;Lsun/java2d/SurfaceData;Lsun/java2d/loops/SurfaceType;Lsun/java2d/loops/SurfaceType;IIIIIILjava/awt/Color;)V+97
j  sun.java2d.pipe.DrawImage.renderImageCopy(Lsun/java2d/SunGraphics2D;Ljava/awt/Image;Ljava/awt/Color;IIIIII)Z+75
j  sun.java2d.pipe.DrawImage.copyImage(Lsun/java2d/SunGraphics2D;Ljava/awt/Image;IILjava/awt/Color;)Z+45
j  sun.java2d.pipe.DrawImage.copyImage(Lsun/java2d/SunGraphics2D;Ljava/awt/Image;IILjava/awt/Color;Ljava/awt/image/ImageObserver;)Z+15
J  sun.java2d.SunGraphics2D.drawImage(Ljava/awt/Image;IILjava/awt/Color;Ljava/awt/image/ImageObserver;)Z
J  sun.java2d.SunGraphics2D.drawImage(Ljava/awt/Image;IILjava/awt/image/ImageObserver;)Z
j  javax.swing.RepaintManager$PaintManager.paintDoubleBuffered(Ljavax/swing/JComponent;Ljava/awt/Image;Ljava/awt/Graphics;IIII)V+127
j  javax.swing.RepaintManager$PaintManager.paint(Ljavax/swing/JComponent;Ljavax/swing/JComponent;Ljava/awt/Graphics;IIII)Z+116
j  javax.swing.RepaintManager.paint(Ljavax/swing/JComponent;Ljavax/swing/JComponent;Ljava/awt/Graphics;IIII)V+52
j  javax.swing.JComponent.paint(Ljava/awt/Graphics;)V+225
j  java.awt.GraphicsCallback$PaintCallback.run(Ljava/awt/Component;Ljava/awt/Graphics;)V+2
j  sun.awt.SunGraphicsCallback.runOneComponent(Ljava/awt/Component;Ljava/awt/Rectangle;Ljava/awt/Graphics;Ljava/awt/Shape;I)V+155
j  sun.awt.SunGraphicsCallback.runComponents([Ljava/awt/Component;Ljava/awt/Graphics;I)V+104
j  java.awt.Container.paint(Ljava/awt/Graphics;)V+73
j  javax.swing.RepaintManager.paintDirtyRegions(Ljava/util/Map;)V+256
j  javax.swing.RepaintManager.paintDirtyRegions()V+46
j  javax.swing.RepaintManager.seqPaintDirtyRegions()V+73
j  javax.swing.SystemEventQueueUtilities$ComponentWorkRequest.run()V+36
j  java.awt.event.InvocationEvent.dispatch()V+47
J  java.awt.EventDispatchThread.pumpOneEventForFilters(I)Z
j  java.awt.EventDispatchThread.pumpEventsForFilter(ILjava/awt/Conditional;Ljava/awt/EventFilter;)V+30
j  java.awt.EventDispatchThread.pumpEventsForHierarchy(ILjava/awt/Conditional;Ljava/awt/Component;)V+11
j  java.awt.EventDispatchThread.pumpEvents(ILjava/awt/Conditional;)V+4
j  java.awt.EventDispatchThread.pumpEvents(Ljava/awt/Conditional;)V+3
j  java.awt.EventDispatchThread.run()V+9
v  ~StubRoutines::call_stub

---------------  P R O C E S S  ---------------

Java Threads: ( => current thread )
  0x0000000056b2a800 JavaThread "Prefs Updater" daemon [_thread_blocked, id=2572, stack(0x00000000d0000000,0x00000000d4000000)]
  0x0000000056b2d000 JavaThread "pool-7-thread-1" [_thread_blocked, id=8680, stack(0x00000000c8000000,0x00000000cc000000)]
  0x0000000056b29000 JavaThread "Timer-InstrumentReadWritePoll" [_thread_blocked, id=8228, stack(0x00000000bc000000,0x00000000c0000000)]
  0x0000000056b27800 JavaThread "BluecoveAsynchronousShutdownThread" daemon [_thread_blocked, id=8292, stack(0x0000000118000000,0x000000011c000000)]
  0x0000000056b2d800 JavaThread "Timer-2" daemon [_thread_blocked, id=9884, stack(0x000000012c000000,0x0000000130000000)]
  0x0000000056b2a000 JavaThread "com.jniwrapper.NativeResourceCollector" daemon [_thread_blocked, id=3712, stack(0x0000000120000000,0x0000000124000000)]
  0x0000000056b2c000 JavaThread "Swing-Shell" daemon [_thread_blocked, id=5096, stack(0x0000000124000000,0x0000000128000000)]
  0x0000000056b27000 JavaThread "Code Analyzer updating thread" [_thread_blocked, id=9772, stack(0x0000000114000000,0x0000000118000000)]
  0x0000000056b26800 JavaThread "Code Analyzer updating thread" [_thread_blocked, id=3888, stack(0x0000000110000000,0x0000000114000000)]
  0x0000000050b13000 JavaThread "Code Analyzer updating thread" [_thread_blocked, id=4696, stack(0x000000010c000000,0x0000000110000000)]
  0x0000000050b12800 JavaThread "Code Analyzer updating thread" [_thread_blocked, id=4836, stack(0x0000000108000000,0x000000010c000000)]
  0x0000000050b12000 JavaThread "Code Analyzer updating thread" [_thread_blocked, id=9544, stack(0x0000000104000000,0x0000000108000000)]
  0x0000000050b11000 JavaThread "Code Analyzer updating thread" [_thread_blocked, id=628, stack(0x0000000100000000,0x0000000104000000)]
  0x0000000050b10800 JavaThread "Active Reference Queue Daemon" daemon [_thread_blocked, id=10148, stack(0x00000000fc000000,0x0000000100000000)]
  0x0000000050b0f800 JavaThread "Timer-1" daemon [_thread_blocked, id=1116, stack(0x00000000f8000000,0x00000000fc000000)]
  0x0000000050b0f000 JavaThread "ClipboardMonitor Timer" daemon [_thread_blocked, id=9388, stack(0x00000000f4000000,0x00000000f8000000)]
  0x0000000050b0d800 JavaThread "Explorer NavigationContext request queue" daemon [_thread_blocked, id=8944, stack(0x00000000ec000000,0x00000000f0000000)]
  0x0000000050b0c000 JavaThread "AddressBar directory emptiness poller" daemon [_thread_blocked, id=8508, stack(0x00000000e4000000,0x00000000e8000000)]
  0x0000000050b0b800 JavaThread "Explorer Refresh Service 1630910813" daemon [_thread_blocked, id=10220, stack(0x00000000e0000000,0x00000000e4000000)]
  0x0000000050b0a800 JavaThread "Thread-4" daemon [_thread_blocked, id=9968, stack(0x00000000cc000000,0x00000000d0000000)]
  0x0000000050b07800 JavaThread "TimerQueue" daemon [_thread_blocked, id=9324, stack(0x00000000c0000000,0x00000000c4000000)]
  0x0000000050b07000 JavaThread "Thread-3" daemon [_thread_blocked, id=10048, stack(0x00000000ac000000,0x00000000b0000000)]
=>0x0000000050b06000 JavaThread "AWT-EventQueue-0" [_thread_in_native, id=10044, stack(0x00000000a8000000,0x00000000ac000000)]
  0x0000000050b05800 JavaThread "AWT-Shutdown" [_thread_blocked, id=10040, stack(0x00000000a4000000,0x00000000a8000000)]
  0x0000000050b05000 JavaThread "FelixPackageAdmin" daemon [_thread_blocked, id=5208, stack(0x00000000b8000000,0x00000000bc000000)]
  0x0000000050b04000 JavaThread "FelixStartLevel" daemon [_thread_blocked, id=10092, stack(0x00000000b4000000,0x00000000b8000000)]
  0x0000000050163000 JavaThread "FelixDispatchQueue" daemon [_thread_blocked, id=10032, stack(0x00000000b0000000,0x00000000b4000000)]
  0x000000000eb3d000 JavaThread "com.google.common.base.internal.Finalizer" daemon [_thread_blocked, id=9724, stack(0x00000000a0000000,0x00000000a4000000)]
  0x000000000ebb4800 JavaThread "AWT-Windows" daemon [_thread_in_native, id=9916, stack(0x0000000098000000,0x000000009c000000)]
  0x000000000ea7a000 JavaThread "Java2D Disposer" daemon [_thread_blocked, id=9536, stack(0x0000000090000000,0x0000000094000000)]
  0x00000000500e5000 JavaThread "Timer-0" [_thread_blocked, id=6528, stack(0x000000008c000000,0x0000000090000000)]
  0x000000005010e000 JavaThread "EventMgr Dispatcher" daemon [_thread_in_native, id=10168, stack(0x0000000088000000,0x000000008c000000)]
  0x000000000ea30000 JavaThread "Low Memory Detector" daemon [_thread_blocked, id=9292, stack(0x0000000080000000,0x0000000084000000)]
  0x000000000ea2e800 JavaThread "CompilerThread1" daemon [_thread_blocked, id=4224, stack(0x00000000681d0000,0x000000006c1d0000)]
  0x000000000ea24800 JavaThread "CompilerThread0" daemon [_thread_blocked, id=8812, stack(0x00000000641d0000,0x00000000681d0000)]
  0x000000000ea1f800 JavaThread "Attach Listener" daemon [_thread_blocked, id=6244, stack(0x000000005d7f0000,0x00000000617f0000)]
  0x000000000e9cb000 JavaThread "Finalizer" daemon [_thread_blocked, id=9764, stack(0x00000000597f0000,0x000000005d7f0000)]
  0x000000000e9c4800 JavaThread "Reference Handler" daemon [_thread_blocked, id=10140, stack(0x00000000526a0000,0x00000000566a0000)]
  0x000000000647e800 JavaThread "main" [_thread_in_native, id=9364, stack(0x0000000000030000,0x0000000004030000)]

Other Threads:
  0x000000000e9c1000 VMThread [stack: 0x000000004b540000,0x000000004f540000] [id=7896]
  0x000000000ea50000 WatcherThread [stack: 0x0000000084000000,0x0000000088000000] [id=9696]

VM state:not at safepoint (normal execution)

VM Mutex/Monitor currently owned by a thread: None

Heap
 PSYoungGen      total 36736K, used 4767K [0x0000000038440000, 0x000000003adf0000, 0x000000003b540000)
  eden space 33472K, 11% used [0x0000000038440000,0x000000003881d7c0,0x000000003a4f0000)
  from space 3264K, 24% used [0x000000003aac0000,0x000000003ab8a600,0x000000003adf0000)
  to   space 4608K, 0% used [0x000000003a4f0000,0x000000003a4f0000,0x000000003a970000)
 PSOldGen        total 81152K, used 67933K [0x000000002f140000, 0x0000000034080000, 0x0000000038440000)
  object space 81152K, 83% used [0x000000002f140000,0x00000000333977a0,0x0000000034080000)
 PSPermGen       total 131072K, used 75302K [0x0000000027140000, 0x000000002f140000, 0x000000002f140000)
  object space 131072K, 57% used [0x0000000027140000,0x000000002bac9828,0x000000002f140000)

Dynamic libraries:
0x0000000140000000 - 0x0000000140028000 	C:\Program Files\MATLAB\R2013a\bin\win64\MATLAB.exe
0x0000000077320000 - 0x00000000774c9000 	C:\Windows\SYSTEM32\ntdll.dll
0x0000000077100000 - 0x000000007721f000 	C:\Windows\system32\kernel32.dll
0x000007fefd170000 - 0x000007fefd1dc000 	C:\Windows\system32\KERNELBASE.dll
0x0000000074460000 - 0x0000000074515000 	C:\Program Files\MATLAB\R2013a\bin\win64\libut.dll
0x00000000758a0000 - 0x000000007595f000 	C:\Program Files\MATLAB\R2013a\bin\win64\libmwi18n.dll
0x0000000180000000 - 0x000000018000d000 	C:\Program Files\MATLAB\R2013a\bin\win64\libmwresource_core.dll
0x0000000063420000 - 0x00000000634b8000 	C:\Program Files\MATLAB\R2013a\bin\win64\MSVCP100.dll
0x00000000631e0000 - 0x00000000632b2000 	C:\Program Files\MATLAB\R2013a\bin\win64\MSVCR100.dll
0x0000000072300000 - 0x000000007230e000 	C:\Program Files\MATLAB\R2013a\bin\win64\boost_date_time-vc100-mt-1_49.dll
0x0000000063c90000 - 0x0000000063cbc000 	C:\Program Files\MATLAB\R2013a\bin\win64\boost_filesystem-vc100-mt-1_49.dll
0x0000000072b50000 - 0x0000000072b59000 	C:\Program Files\MATLAB\R2013a\bin\win64\boost_system-vc100-mt-1_49.dll
0x000007feff330000 - 0x000007feff40b000 	C:\Windows\system32\ADVAPI32.dll
0x000007feff410000 - 0x000007feff4af000 	C:\Windows\system32\msvcrt.dll
0x000007feff240000 - 0x000007feff25f000 	C:\Windows\SYSTEM32\sechost.dll
0x000007feff110000 - 0x000007feff23d000 	C:\Windows\system32\RPCRT4.dll
0x0000000063fe0000 - 0x0000000064005000 	C:\Program Files\MATLAB\R2013a\bin\win64\LIBEXPAT.dll
0x0000000061d10000 - 0x0000000061e9a000 	C:\Program Files\MATLAB\R2013a\bin\win64\icuin49.dll
0x00000000627a0000 - 0x00000000628de000 	C:\Program Files\MATLAB\R2013a\bin\win64\icuuc49.dll
0x0000000051570000 - 0x0000000052692000 	C:\Program Files\MATLAB\R2013a\bin\win64\icudt49.dll
0x00000000641b0000 - 0x00000000641c0000 	C:\Program Files\MATLAB\R2013a\bin\win64\icuio49.dll
0x0000000073f70000 - 0x0000000074112000 	C:\Program Files\MATLAB\R2013a\bin\win64\libmwfl.dll
0x000000007a350000 - 0x000000007a737000 	C:\Program Files\MATLAB\R2013a\bin\win64\libmwMATLAB_res.dll
0x0000000063100000 - 0x00000000631df000 	C:\Program Files\MATLAB\R2013a\bin\win64\boost_regex-vc100-mt-1_49.dll
0x0000000077220000 - 0x000000007731a000 	C:\Windows\system32\USER32.dll
0x000007fefda30000 - 0x000007fefda97000 	C:\Windows\system32\GDI32.dll
0x000007feff320000 - 0x000007feff32e000 	C:\Windows\system32\LPK.dll
0x000007fefeeb0000 - 0x000007fefef79000 	C:\Windows\system32\USP10.dll
0x0000000063c70000 - 0x0000000063c81000 	C:\Program Files\MATLAB\R2013a\bin\win64\boost_signals-vc100-mt-1_49.dll
0x0000000063c50000 - 0x0000000063c61000 	C:\Program Files\MATLAB\R2013a\bin\win64\boost_thread-vc100-mt-1_49.dll
0x000007fef66d0000 - 0x000007fef675c000 	C:\Program Files\MATLAB\R2013a\bin\win64\boost_log-vc100-mt-1_49.dll
0x00000000774e0000 - 0x00000000774e7000 	C:\Windows\system32\PSAPI.DLL
0x000007fefeb20000 - 0x000007fefeb6d000 	C:\Windows\system32\WS2_32.dll
0x000007fefd7c0000 - 0x000007fefd7c8000 	C:\Windows\system32\NSI.dll
0x000007fef6c20000 - 0x000007fef6c53000 	C:\Program Files\MATLAB\R2013a\bin\win64\tbb.dll
0x000007feff300000 - 0x000007feff319000 	C:\Windows\system32\imagehlp.dll
0x000007fefbae0000 - 0x000007fefbb0c000 	C:\Windows\system32\POWRPROF.dll
0x000007fefd850000 - 0x000007fefda27000 	C:\Windows\system32\SETUPAPI.dll
0x000007fefd320000 - 0x000007fefd356000 	C:\Windows\system32\CFGMGR32.dll
0x000007fefdcb0000 - 0x000007fefdd87000 	C:\Windows\system32\OLEAUT32.dll
0x000007fefdaa0000 - 0x000007fefdca3000 	C:\Windows\system32\ole32.dll
0x000007fefd2e0000 - 0x000007fefd2fa000 	C:\Windows\system32\DEVOBJ.dll
0x0000000004200000 - 0x0000000004221000 	C:\Program Files\MATLAB\R2013a\bin\win64\libmwmfl_scalar.dll
0x000007fef3050000 - 0x000007fef3175000 	C:\Windows\system32\dbghelp.dll
0x0000000004230000 - 0x000000000455f000 	C:\Program Files\MATLAB\R2013a\bin\win64\libmwservices.dll
0x0000000075a20000 - 0x0000000075b0b000 	C:\Program Files\MATLAB\R2013a\bin\win64\libmx.dll
0x000007fef6bf0000 - 0x000007fef6c18000 	C:\Program Files\MATLAB\R2013a\bin\win64\tbbmalloc.dll
0x0000000063c30000 - 0x0000000063c47000 	C:\Program Files\MATLAB\R2013a\bin\win64\zlib1.dll
0x0000000004560000 - 0x00000000045ae000 	C:\Program Files\MATLAB\R2013a\bin\win64\libmwregexp.dll
0x0000000075f10000 - 0x0000000075f57000 	C:\Program Files\MATLAB\R2013a\bin\win64\mpath.dll
0x000000007b680000 - 0x000000007bc66000 	C:\Program Files\MATLAB\R2013a\bin\win64\mlutil.dll
0x00000000754d0000 - 0x0000000075547000 	C:\Program Files\MATLAB\R2013a\bin\win64\xmlcore.dll
0x00000000595a0000 - 0x00000000597e1000 	C:\Program Files\MATLAB\R2013a\bin\win64\xerces-c_2_7.dll
0x00000000045c0000 - 0x00000000045e2000 	C:\Program Files\MATLAB\R2013a\bin\win64\libmwMATLAB_settings_res.dll
0x000007fef86b0000 - 0x000007fef86c0000 	C:\Program Files\MATLAB\R2013a\bin\win64\boost_iostreams-vc100-mt-1_49.dll
0x000007fef6b10000 - 0x000007fef6b56000 	C:\Program Files\MATLAB\R2013a\bin\win64\boost_serialization-vc100-mt-1_49.dll
0x000007fefdd90000 - 0x000007fefeb18000 	C:\Windows\system32\SHELL32.dll
0x000007fefd7d0000 - 0x000007fefd841000 	C:\Windows\system32\SHLWAPI.dll
0x00000000045f0000 - 0x00000000045f6000 	C:\Program Files\MATLAB\R2013a\bin\win64\libmwnativedisplay.dll
0x000007fefa030000 - 0x000007fefa0d0000 	C:\Windows\WinSxS\amd64_microsoft.windows.common-controls_6595b64144ccf1df_5.82.7601.18201_none_a4d3b9377117c3df\COMCTL32.dll
0x000007feff260000 - 0x000007feff2f7000 	C:\Windows\system32\COMDLG32.dll
0x000007fefc3e0000 - 0x000007fefc3f6000 	C:\Windows\system32\NETAPI32.dll
0x000007fefc4e0000 - 0x000007fefc4ec000 	C:\Windows\system32\netutils.dll
0x000007fefcc80000 - 0x000007fefcca3000 	C:\Windows\system32\srvcli.dll
0x000007fefc3c0000 - 0x000007fefc3d5000 	C:\Windows\system32\wkscli.dll
0x0000000074970000 - 0x0000000074a18000 	C:\Program Files\MATLAB\R2013a\bin\win64\mcr.dll
0x0000000075000000 - 0x00000000753b1000 	C:\Program Files\MATLAB\R2013a\bin\win64\iqm.dll
0x0000000074e80000 - 0x0000000074f30000 	C:\Program Files\MATLAB\R2013a\bin\win64\m_dispatcher.dll
0x0000000004600000 - 0x0000000004e08000 	C:\Program Files\MATLAB\R2013a\bin\win64\m_interpreter.dll
0x0000000004e10000 - 0x0000000004e34000 	C:\Program Files\MATLAB\R2013a\bin\win64\libmex.dll
0x0000000075430000 - 0x00000000754ab000 	C:\Program Files\MATLAB\R2013a\bin\win64\profiler.dll
0x0000000004e40000 - 0x00000000050c3000 	C:\Program Files\MATLAB\R2013a\bin\win64\libmwmathutil.dll
0x0000000079f40000 - 0x0000000079f66000 	C:\Program Files\MATLAB\R2013a\bin\win64\libmwmathrng.dll
0x00000000050d0000 - 0x00000000050e0000 	C:\Program Files\MATLAB\R2013a\bin\win64\libmwmfl_rng.dll
0x0000000074c10000 - 0x0000000074cf8000 	C:\Program Files\MATLAB\R2013a\bin\win64\libmwmathcore.dll
0x0000000076160000 - 0x00000000761c3000 	C:\Program Files\MATLAB\R2013a\bin\win64\libmwspmatrix.dll
0x000000007b0a0000 - 0x000000007b2f6000 	C:\Program Files\MATLAB\R2013a\bin\win64\mcos.dll
0x0000000075ea0000 - 0x0000000075f02000 	C:\Program Files\MATLAB\R2013a\bin\win64\libmwcholmod.dll
0x00000000050f0000 - 0x00000000050fd000 	C:\Program Files\MATLAB\R2013a\bin\win64\libmwamd.dll
0x000000006db00000 - 0x000000006dba3000 	C:\Windows\WinSxS\amd64_microsoft.vc90.crt_1fc8b3b9a1e18e3b_9.0.30729.6161_none_08e61857a83bc251\MSVCR90.dll
0x0000000005110000 - 0x000000000511c000 	C:\Program Files\MATLAB\R2013a\bin\win64\libmwcolamd.dll
0x000000007a290000 - 0x000000007a2a3000 	C:\Program Files\MATLAB\R2013a\bin\win64\libmwblas.dll
0x000000007a310000 - 0x000000007a325000 	C:\Program Files\MATLAB\R2013a\bin\win64\libmwbinder.dll
0x0000000005130000 - 0x000000000513b000 	C:\Program Files\MATLAB\R2013a\bin\win64\libmwompwrapper.dll
0x0000000075820000 - 0x000000007589e000 	C:\Program Files\MATLAB\R2013a\bin\win64\libmwlapack.dll
0x000000007a1b0000 - 0x000000007a1d0000 	C:\Program Files\MATLAB\R2013a\bin\win64\m_pcodeio.dll
0x0000000079b10000 - 0x0000000079b6c000 	C:\Program Files\MATLAB\R2013a\bin\win64\m_ir.dll
0x0000000078ed0000 - 0x0000000079579000 	C:\Program Files\MATLAB\R2013a\bin\win64\m_parser.dll
0x000000007a2f0000 - 0x000000007a307000 	C:\Program Files\MATLAB\R2013a\bin\win64\ir_xfmr.dll
0x0000000005140000 - 0x0000000005150000 	C:\Program Files\MATLAB\R2013a\bin\win64\mtok.dll
0x000000007a130000 - 0x000000007a158000 	C:\Program Files\MATLAB\R2013a\bin\win64\m_pcodegen.dll
0x0000000079fb0000 - 0x0000000079fdf000 	C:\Program Files\MATLAB\R2013a\bin\win64\libmwbridge.dll
0x0000000074f40000 - 0x0000000074ff6000 	C:\Program Files\MATLAB\R2013a\bin\win64\udd.dll
0x0000000073cc0000 - 0x0000000073e0e000 	C:\Program Files\MATLAB\R2013a\bin\win64\libmwgui.dll
0x000000007a1d0000 - 0x000000007a1f4000 	C:\Program Files\MATLAB\R2013a\bin\win64\graphics_util.dll
0x000007fef5a00000 - 0x000007fef5ab8000 	C:\Program Files\MATLAB\R2013a\bin\win64\libtex_base.dll
0x0000000005150000 - 0x0000000005a93000 	C:\Program Files\MATLAB\R2013a\bin\win64\hg.dll
0x0000000076100000 - 0x000000007615a000 	C:\Program Files\MATLAB\R2013a\bin\win64\libmat.dll
0x0000000072d30000 - 0x0000000072f38000 	C:\Program Files\MATLAB\R2013a\bin\win64\hdf5dll.dll
0x0000000075710000 - 0x00000000757d8000 	C:\Program Files\MATLAB\R2013a\bin\win64\jmi.dll
0x0000000005ab0000 - 0x0000000005abe000 	C:\Program Files\MATLAB\R2013a\bin\win64\nativejava_services.dll
0x0000000005ac0000 - 0x0000000005b00000 	C:\Program Files\MATLAB\R2013a\bin\win64\libmwhardcopy.dll
0x0000000075c70000 - 0x0000000075cce000 	C:\Program Files\MATLAB\R2013a\bin\win64\libuij.dll
0x0000000072f50000 - 0x000000007318f000 	C:\Program Files\MATLAB\R2013a\bin\win64\hgdatatypes.dll
0x0000000005b00000 - 0x0000000005beb000 	C:\Program Files\MATLAB\R2013a\bin\win64\hgutils.dll
0x0000000005bf0000 - 0x0000000005c9e000 	C:\Program Files\MATLAB\R2013a\bin\win64\udd_mi.dll
0x0000000005ca0000 - 0x0000000005cd6000 	C:\Program Files\MATLAB\R2013a\bin\win64\libmwgbtutils.dll
0x0000000005ce0000 - 0x0000000005cf4000 	C:\Program Files\MATLAB\R2013a\bin\win64\libmwgbt.dll
0x0000000005d00000 - 0x0000000005fce000 	C:\Program Files\MATLAB\R2013a\bin\win64\uiw.dll
0x0000000005fd0000 - 0x0000000005fd9000 	C:\Program Files\MATLAB\R2013a\bin\win64\uinone.dll
0x0000000005fe0000 - 0x0000000006006000 	C:\Program Files\MATLAB\R2013a\bin\win64\libmwnativefiledialogs.dll
0x0000000006010000 - 0x000000000601c000 	C:\Program Files\MATLAB\R2013a\bin\win64\libmwplatform_res.dll
0x000007fef8460000 - 0x000007fef8478000 	C:\Windows\system32\MPR.dll
0x0000000059040000 - 0x000000005959d000 	C:\Program Files\MATLAB\R2013a\bin\win64\mfc100.dll
0x000007fefab70000 - 0x000007fefab77000 	C:\Windows\system32\MSIMG32.dll
0x000007fefb030000 - 0x000007fefb0a1000 	C:\Windows\system32\WINSPOOL.DRV
0x0000000006020000 - 0x000000000603d000 	C:\Program Files\MATLAB\R2013a\bin\win64\mwoles05.DLL
0x0000000006040000 - 0x00000000060ac000 	C:\Program Files\MATLAB\R2013a\bin\win64\comcli.dll
0x00000000636a0000 - 0x00000000636cb000 	C:\Program Files\MATLAB\R2013a\bin\win64\ATL100.DLL
0x00000000060b0000 - 0x00000000060bc000 	C:\Program Files\MATLAB\R2013a\bin\win64\mlautoregister.dll
0x00000000060c0000 - 0x0000000006216000 	C:\Program Files\MATLAB\R2013a\bin\win64\mvm.dll
0x000007feff0e0000 - 0x000007feff10e000 	C:\Windows\system32\IMM32.DLL
0x000007fefeb70000 - 0x000007fefec79000 	C:\Windows\system32\MSCTF.dll
0x000007fefd090000 - 0x000007fefd0bf000 	C:\Windows\system32\nvinitx.dll
0x000000000f000000 - 0x000000000f006000 	C:\Program Files\NVIDIA Corporation\CoProcManager\_etoured.dll
0x000007fefa360000 - 0x000007fefa3bf000 	C:\Program Files\NVIDIA Corporation\CoProcManager\nvd3d9wrapx.dll
0x000007fefa2c0000 - 0x000007fefa306000 	C:\Program Files\NVIDIA Corporation\CoProcManager\nvdxgiwrapx.dll
0x000007fefb670000 - 0x000007fefb6c6000 	C:\Windows\system32\UxTheme.dll

VM Arguments:
jvm_args: -XX:PermSize=32m -Xms64m -XX:NewRatio=3 -XX:MaxPermSize=128m -Xmx196m -XX:MaxDirectMemorySize=2147400000 -Dsun.java2d.noddraw=true -Dsun.awt.nopixfmt=true -Xshare:off -Xrs -Dsun.awt.disableMixing=true -Djava.library.path=C:\Program Files\MATLAB\R2013a\bin\win64;C:\Program Files\MATLAB\R2013a\sys\jxbrowser\win64\lib vfprintf abort 
java_command: <unknown>
Launcher Type: generic

Environment Variables:
PATH=C:\Program Files\Common Files\Microsoft Shared\Windows Live;C:\Program Files (x86)\Common Files\Microsoft Shared\Windows Live;C:\Windows\system32;C:\Windows;C:\Windows\System32\Wbem;C:\Windows\System32\WindowsPowerShell\v1.0\;C:\Program Files\Intel\WiFi\bin\;C:\Program Files\Common Files\Intel\WirelessCommon\;c:\Program Files\WIDCOMM\Bluetooth Software\;c:\Program Files\WIDCOMM\Bluetooth Software\syswow64;C:\Program Files (x86)\Windows Live\Shared;C:\Program Files (x86)\Common Files\Roxio Shared\DLLShared\;C:\Program Files (x86)\Common Files\Roxio Shared\OEM\DLLShared\;C:\Program Files (x86)\Common Files\Roxio Shared\OEM\DLLShared\;C:\Program Files (x86)\Common Files\Roxio Shared\OEM\12.0\DLLShared\;C:\Program Files (x86)\Roxio\OEM\AudioCore\;C:\Program Files (x86)\Common Files\DivX Shared\;C:\Users\Abhishek\AppData\Local\Smartbar\Application\;C:\Users\Abhishek\AppData\Local\Smartbar\Application\;C:\QNX650\host\win32\x86\usr\bin;C:\Program Files (x86)\QNX Software Systems\bin;C:\QNX650\host\win32\x86\usr\bin;C:\Program Files (x86)\QNX Software Systems\bin;C:\Program Files (x86)\Microsoft SQL Server\100\Tools\Binn\;C:\Program Files\Microsoft SQL Server\100\Tools\Binn\;C:\Program Files\Microsoft SQL Server\100\DTS\Binn\;C:\Program Files\Microsoft\Web Platform Installer\;C:\Program Files (x86)\Microsoft ASP.NET\ASP.NET Web Pages\v1.0\;C:\Program Files (x86)\Windows Kits\8.0\Windows Performance Toolkit\;C:\Program Files\Microsoft SQL Server\110\Tools\Binn\;C:\Program Files\TortoiseSVN\bin;C:\Program Files\MATLAB\R2013a\runtime\win64;C:\Program Files\MATLAB\R2013a\bin;C:\opencv\build\x64\vc10\bin\;C:\opencv\build\common\tbb\intel64\vc10\;;C:\Program Files (x86)\PrimeSense\NITE\bin;c:\users\abhishek\appdata\local\enthought\canopy\user\scripts;C:\Users\Abhishek\AppData\Local\Enthought\Canopy\User;C:\Users\Abhishek\AppData\Local\Enthought\Canopy\User\Scripts
USERNAME=abhishek
OS=Windows_NT
PROCESSOR_IDENTIFIER=Intel64 Family 6 Model 37 Stepping 5, GenuineIntel



---------------  S Y S T E M  ---------------

OS: Windows 7 Build 7601 Service Pack 1

CPU:total 4 (8 cores per cpu, 2 threads per core) family 6 model 37 stepping 5, cmov, cx8, fxsr, mmx, sse, sse2, sse3, ssse3, sse4.1, sse4.2, ht

Memory: 4k page, physical 3920176k(974696k free), swap 7838488k(3610532k free)

vm_info: Java HotSpot(TM) 64-Bit Server VM (14.3-b01) for windows-amd64 JRE (1.6.0_17-b04), built on Oct 11 2009 00:46:08 by "java_re" with MS VC++ 8.0

time: Sat Jun 21 15:30:21 2014
elapsed time: 399 seconds

