#
# A fatal error has been detected by the Java Runtime Environment:
#
#  EXCEPTION_ACCESS_VIOLATION (0xc0000005) at pc=0x000000000eaf2d85, pid=5416, tid=8904
#
# JRE version: 6.0_17-b04
# Java VM: Java HotSpot(TM) 64-Bit Server VM (14.3-b01 mixed mode windows-amd64 )
# Problematic frame:
# C  0x000000000eaf2d85
#
# If you would like to submit a bug report, please visit:
#   http://java.sun.com/webapps/bugreport/crash.jsp
# The crash happened outside the Java Virtual Machine in native code.
# See problematic frame for where to report the bug.
#

---------------  T H R E A D  ---------------

Current thread (0x0000000054bbf800):  JavaThread "AWT-EventQueue-0" [_thread_in_native, id=8904, stack(0x00000000a4000000,0x00000000a8000000)]

siginfo: ExceptionCode=0xc0000005, reading address 0x000000000000006c

Registers:
EAX=0x000000000000001b, EBX=0x0000000133dd0001, ECX=0x000000000000001b, EDX=0x0000000000000000
ESP=0x00000000a7ffea50, EBP=0x0000000000000000, ESI=0x0000000000000320, EDI=0x000000000000021a
EIP=0x000000000eaf2d85, EFLAGS=0x0000000000010203

Top of Stack: (sp=0x00000000a7ffea50)
0x00000000a7ffea50:   00000000fffffff8 000000006b695cb0
0x00000000a7ffea60:   000000007d815000 000000000ec36b58
0x00000000a7ffea70:   0000000054bbf9b8 000000000ead2261
0x00000000a7ffea80:   0000000054bbf9b8 0000000000000012
0x00000000a7ffea90:   0000000054bbf9b8 000000006b695cb0
0x00000000a7ffeaa0:   00000000a7ffebb0 00000000a7ffeb10
0x00000000a7ffeab0:   000000000ec36b58 00000000a7ffeb00
0x00000000a7ffeac0:   0000001e00000008 0000023800000328
0x00000000a7ffead0:   0000001e00000008 0000023800000328
0x00000000a7ffeae0:   0000000000000000 0000000000000000
0x00000000a7ffeaf0:   0000000000000001 0000000000000000
0x00000000a7ffeb00:   0000000029453ff8 000000002f202348
0x00000000a7ffeb10:   0000001e00000008 0000023800000328
0x00000000a7ffeb20:   0000000133dca238 0000000100000000
0x00000000a7ffeb30:   0000000000000320 0000000000000000
0x00000000a7ffeb40:   0000000000000000 0000000000000000 

Instructions: (pc=0x000000000eaf2d85)
0x000000000eaf2d75:   99 0f b6 d2 03 c2 c1 f8 08 41 83 c2 ff 0f b6 c8
0x000000000eaf2d85:   41 0f b6 04 8c 88 43 ff 75 b1 4d 03 cb 48 03 dd 


Stack: [0x00000000a4000000,0x00000000a8000000],  sp=0x00000000a7ffea50,  free space=65530k
Native frames: (J=compiled Java code, j=interpreted, Vv=VM code, C=native code)
C  0x000000000eaf2d85

[error occurred during error reporting (printing native stack), id 0xc0000005]

Java frames: (J=compiled Java code, j=interpreted, Vv=VM code)
J  sun.java2d.loops.Blit.Blit(Lsun/java2d/SurfaceData;Lsun/java2d/SurfaceData;Ljava/awt/Composite;Lsun/java2d/pipe/Region;IIIIII)V
J  sun.java2d.pipe.DrawImage.copyImage(Lsun/java2d/SunGraphics2D;Ljava/awt/Image;IILjava/awt/Color;Ljava/awt/image/ImageObserver;)Z
J  javax.swing.RepaintManager$PaintManager.paintDoubleBuffered(Ljavax/swing/JComponent;Ljava/awt/Image;Ljava/awt/Graphics;IIII)V
j  javax.swing.RepaintManager$PaintManager.paint(Ljavax/swing/JComponent;Ljavax/swing/JComponent;Ljava/awt/Graphics;IIII)Z+116
j  javax.swing.RepaintManager.paint(Ljavax/swing/JComponent;Ljavax/swing/JComponent;Ljava/awt/Graphics;IIII)V+52
J  javax.swing.JComponent.paint(Ljava/awt/Graphics;)V
j  java.awt.GraphicsCallback$PaintCallback.run(Ljava/awt/Component;Ljava/awt/Graphics;)V+2
j  sun.awt.SunGraphicsCallback.runOneComponent(Ljava/awt/Component;Ljava/awt/Rectangle;Ljava/awt/Graphics;Ljava/awt/Shape;I)V+155
j  sun.awt.SunGraphicsCallback.runComponents([Ljava/awt/Component;Ljava/awt/Graphics;I)V+104
j  java.awt.Container.paint(Ljava/awt/Graphics;)V+73
J  javax.swing.RepaintManager.paintDirtyRegions(Ljava/util/Map;)V
j  javax.swing.RepaintManager.paintDirtyRegions()V+46
j  javax.swing.RepaintManager.seqPaintDirtyRegions()V+73
j  javax.swing.SystemEventQueueUtilities$ComponentWorkRequest.run()V+36
J  java.awt.event.InvocationEvent.dispatch()V
J  java.awt.EventDispatchThread.pumpOneEventForFilters(I)Z
J  java.awt.EventDispatchThread.pumpEventsForFilter(ILjava/awt/Conditional;Ljava/awt/EventFilter;)V
j  java.awt.EventDispatchThread.pumpEventsForHierarchy(ILjava/awt/Conditional;Ljava/awt/Component;)V+11
j  java.awt.EventDispatchThread.pumpEvents(ILjava/awt/Conditional;)V+4
j  java.awt.EventDispatchThread.pumpEvents(Ljava/awt/Conditional;)V+3
j  java.awt.EventDispatchThread.run()V+9
v  ~StubRoutines::call_stub

---------------  P R O C E S S  ---------------

Java Threads: ( => current thread )
  0x000000007cd7a800 JavaThread "Code Analyzer updating thread" [_thread_blocked, id=7708, stack(0x0000000190010000,0x0000000194010000)]
  0x0000000054f27000 JavaThread "Code Analyzer updating thread" [_thread_blocked, id=7144, stack(0x0000000137e80000,0x000000013be80000)]
  0x000000006bd82000 JavaThread "Foxtrot Single Worker Thread #1" daemon [_thread_blocked, id=8804, stack(0x000000018c010000,0x0000000190010000)]
  0x0000000054f28000 JavaThread "Browser Events Thread" daemon [_thread_blocked, id=8808, stack(0x0000000180010000,0x0000000184010000)]
  0x0000000054f1d800 JavaThread "Main message loop" daemon [_thread_in_native, id=8736, stack(0x0000000158030000,0x000000015c030000)]
  0x0000000054f21800 JavaThread "Code Analyzer updating thread" [_thread_blocked, id=8244, stack(0x00000000ec000000,0x00000000f0000000)]
  0x000000006bd7a800 JavaThread "Prefs Updater" daemon [_thread_blocked, id=8396, stack(0x0000000110000000,0x0000000114000000)]
  0x000000006bd7d800 JavaThread "pool-7-thread-1" [_thread_blocked, id=7016, stack(0x0000000104000000,0x0000000108000000)]
  0x000000006bd80800 JavaThread "Thread-118" [_thread_blocked, id=4636, stack(0x0000000100000000,0x0000000104000000)]
  0x000000006bd81000 JavaThread "Timer-InstrumentReadWritePoll" [_thread_blocked, id=3688, stack(0x000000009c000000,0x00000000a0000000)]
  0x000000006bd7e000 JavaThread "BluecoveAsynchronousShutdownThread" daemon [_thread_blocked, id=4492, stack(0x00000000d8000000,0x00000000dc000000)]
  0x000000006bd7b800 JavaThread "Timer-2" daemon [_thread_blocked, id=3156, stack(0x0000000118000000,0x000000011c000000)]
  0x000000007cd7c800 JavaThread "com.jniwrapper.NativeResourceCollector" daemon [_thread_blocked, id=8008, stack(0x000000010c000000,0x0000000110000000)]
  0x000000007cd7c000 JavaThread "Swing-Shell" daemon [_thread_blocked, id=8156, stack(0x0000000120000000,0x0000000124000000)]
  0x0000000054f24000 JavaThread "Code Analyzer updating thread" [_thread_blocked, id=1692, stack(0x00000000fc000000,0x0000000100000000)]
  0x0000000054f23000 JavaThread "Code Analyzer updating thread" [_thread_blocked, id=2776, stack(0x00000000f4000000,0x00000000f8000000)]
  0x0000000054f22000 JavaThread "Code Analyzer updating thread" [_thread_blocked, id=8528, stack(0x00000000f0000000,0x00000000f4000000)]
  0x0000000054f20800 JavaThread "Active Reference Queue Daemon" daemon [_thread_blocked, id=3612, stack(0x00000000e8000000,0x00000000ec000000)]
  0x0000000054f20000 JavaThread "Timer-1" daemon [_thread_blocked, id=7624, stack(0x00000000e4000000,0x00000000e8000000)]
  0x0000000054f1f000 JavaThread "ClipboardMonitor Timer" daemon [_thread_blocked, id=8128, stack(0x00000000e0000000,0x00000000e4000000)]
  0x0000000054f1e800 JavaThread "Explorer NavigationContext request queue" daemon [_thread_blocked, id=780, stack(0x00000000dc000000,0x00000000e0000000)]
  0x0000000054f1d000 JavaThread "AddressBar directory emptiness poller" daemon [_thread_blocked, id=4504, stack(0x00000000d4000000,0x00000000d8000000)]
  0x0000000054f1c800 JavaThread "Explorer Refresh Service 632845183" daemon [_thread_blocked, id=8620, stack(0x00000000d0000000,0x00000000d4000000)]
  0x0000000054f1b800 JavaThread "Thread-4" daemon [_thread_blocked, id=1448, stack(0x00000000cc000000,0x00000000d0000000)]
  0x0000000054f1a000 JavaThread "TimerQueue" daemon [_thread_blocked, id=7688, stack(0x00000000bc000000,0x00000000c0000000)]
  0x0000000054f19800 JavaThread "Thread-3" daemon [_thread_blocked, id=6444, stack(0x00000000a8000000,0x00000000ac000000)]
  0x0000000054f18800 JavaThread "FelixPackageAdmin" daemon [_thread_blocked, id=6376, stack(0x00000000b4000000,0x00000000b8000000)]
  0x0000000054ee4000 JavaThread "FelixStartLevel" daemon [_thread_blocked, id=6352, stack(0x00000000b0000000,0x00000000b4000000)]
  0x0000000054e85000 JavaThread "FelixDispatchQueue" daemon [_thread_blocked, id=9140, stack(0x00000000ac000000,0x00000000b0000000)]
=>0x0000000054bbf800 JavaThread "AWT-EventQueue-0" [_thread_in_native, id=8904, stack(0x00000000a4000000,0x00000000a8000000)]
  0x0000000054acb000 JavaThread "com.google.common.base.internal.Finalizer" daemon [_thread_blocked, id=8900, stack(0x00000000a0000000,0x00000000a4000000)]
  0x0000000054ab0000 JavaThread "AWT-Windows" daemon [_thread_in_native, id=8716, stack(0x0000000098000000,0x000000009c000000)]
  0x0000000054aaf000 JavaThread "AWT-Shutdown" [_thread_blocked, id=8864, stack(0x0000000094000000,0x0000000098000000)]
  0x0000000054aae800 JavaThread "Java2D Disposer" daemon [_thread_blocked, id=8848, stack(0x0000000090000000,0x0000000094000000)]
  0x00000000545c7000 JavaThread "Timer-0" [_thread_blocked, id=8844, stack(0x000000008c000000,0x0000000090000000)]
  0x0000000054226000 JavaThread "EventMgr Dispatcher" daemon [_thread_in_native, id=3664, stack(0x0000000088000000,0x000000008c000000)]
  0x000000000e9e0000 JavaThread "Low Memory Detector" daemon [_thread_blocked, id=8820, stack(0x0000000080000000,0x0000000084000000)]
  0x000000000e9de800 JavaThread "CompilerThread1" daemon [_thread_blocked, id=8460, stack(0x0000000066110000,0x000000006a110000)]
  0x000000000e9d1000 JavaThread "CompilerThread0" daemon [_thread_blocked, id=8708, stack(0x0000000062110000,0x0000000066110000)]
  0x000000000e9cf800 JavaThread "Attach Listener" daemon [_thread_blocked, id=8792, stack(0x000000005d540000,0x0000000061540000)]
  0x000000000e97b000 JavaThread "Finalizer" daemon [_thread_blocked, id=8816, stack(0x0000000059540000,0x000000005d540000)]
  0x000000000e974800 JavaThread "Reference Handler" daemon [_thread_blocked, id=8788, stack(0x000000004f540000,0x0000000053540000)]
  0x000000000658e800 JavaThread "main" [_thread_in_native, id=5136, stack(0x0000000000030000,0x0000000004030000)]

Other Threads:
  0x000000000e971000 VMThread [stack: 0x000000004b540000,0x000000004f540000] [id=8780]
  0x000000000ea36000 WatcherThread [stack: 0x0000000084000000,0x0000000088000000] [id=8456]

VM state:not at safepoint (normal execution)

VM Mutex/Monitor currently owned by a thread: None

Heap
 PSYoungGen      total 21184K, used 9243K [0x0000000038440000, 0x0000000039990000, 0x000000003b540000)
  eden space 20992K, 43% used [0x0000000038440000,0x0000000038d16f58,0x00000000398c0000)
  from space 192K, 100% used [0x0000000039920000,0x0000000039950000,0x0000000039950000)
  to   space 256K, 0% used [0x0000000039950000,0x0000000039950000,0x0000000039990000)
 PSOldGen        total 91520K, used 89780K [0x000000002f140000, 0x0000000034aa0000, 0x0000000038440000)
  object space 91520K, 98% used [0x000000002f140000,0x00000000348ed0d0,0x0000000034aa0000)
 PSPermGen       total 131072K, used 82683K [0x0000000027140000, 0x000000002f140000, 0x000000002f140000)
  object space 131072K, 63% used [0x0000000027140000,0x000000002c1fed80,0x000000002f140000)

Dynamic libraries:
0x0000000140000000 - 0x0000000140028000 	C:\Program Files\MATLAB\R2013a\bin\win64\MATLAB.exe
0x0000000077090000 - 0x0000000077239000 	C:\Windows\SYSTEM32\ntdll.dll
0x0000000076e70000 - 0x0000000076f8f000 	C:\Windows\system32\kernel32.dll
0x000007fefd190000 - 0x000007fefd1fc000 	C:\Windows\system32\KERNELBASE.dll
0x0000000074460000 - 0x0000000074515000 	C:\Program Files\MATLAB\R2013a\bin\win64\libut.dll
0x00000000758a0000 - 0x000000007595f000 	C:\Program Files\MATLAB\R2013a\bin\win64\libmwi18n.dll
0x0000000180000000 - 0x000000018000d000 	C:\Program Files\MATLAB\R2013a\bin\win64\libmwresource_core.dll
0x00000000701b0000 - 0x0000000070248000 	C:\Program Files\MATLAB\R2013a\bin\win64\MSVCP100.dll
0x0000000062030000 - 0x0000000062102000 	C:\Program Files\MATLAB\R2013a\bin\win64\MSVCR100.dll
0x0000000072700000 - 0x000000007270e000 	C:\Program Files\MATLAB\R2013a\bin\win64\boost_date_time-vc100-mt-1_49.dll
0x00000000705d0000 - 0x00000000705fc000 	C:\Program Files\MATLAB\R2013a\bin\win64\boost_filesystem-vc100-mt-1_49.dll
0x0000000071a50000 - 0x0000000071a59000 	C:\Program Files\MATLAB\R2013a\bin\win64\boost_system-vc100-mt-1_49.dll
0x000007fefd280000 - 0x000007fefd35b000 	C:\Windows\system32\ADVAPI32.dll
0x000007fefd590000 - 0x000007fefd62f000 	C:\Windows\system32\msvcrt.dll
0x000007fefd390000 - 0x000007fefd3af000 	C:\Windows\SYSTEM32\sechost.dll
0x000007fefd780000 - 0x000007fefd8ad000 	C:\Windows\system32\RPCRT4.dll
0x0000000070180000 - 0x00000000701a5000 	C:\Program Files\MATLAB\R2013a\bin\win64\LIBEXPAT.dll
0x0000000061bd0000 - 0x0000000061d5a000 	C:\Program Files\MATLAB\R2013a\bin\win64\icuin49.dll
0x0000000061770000 - 0x00000000618ae000 	C:\Program Files\MATLAB\R2013a\bin\win64\icuuc49.dll
0x0000000056a00000 - 0x0000000057b22000 	C:\Program Files\MATLAB\R2013a\bin\win64\icudt49.dll
0x00000000714a0000 - 0x00000000714b0000 	C:\Program Files\MATLAB\R2013a\bin\win64\icuio49.dll
0x0000000073f70000 - 0x0000000074112000 	C:\Program Files\MATLAB\R2013a\bin\win64\libmwfl.dll
0x000000007a350000 - 0x000000007a737000 	C:\Program Files\MATLAB\R2013a\bin\win64\libmwMATLAB_res.dll
0x0000000061f50000 - 0x000000006202f000 	C:\Program Files\MATLAB\R2013a\bin\win64\boost_regex-vc100-mt-1_49.dll
0x0000000076f90000 - 0x000000007708a000 	C:\Windows\system32\USER32.dll
0x000007fefd710000 - 0x000007fefd777000 	C:\Windows\system32\GDI32.dll
0x000007fefebc0000 - 0x000007fefebce000 	C:\Windows\system32\LPK.dll
0x000007fefebd0000 - 0x000007fefec99000 	C:\Windows\system32\USP10.dll
0x0000000070160000 - 0x0000000070171000 	C:\Program Files\MATLAB\R2013a\bin\win64\boost_signals-vc100-mt-1_49.dll
0x0000000070100000 - 0x0000000070111000 	C:\Program Files\MATLAB\R2013a\bin\win64\boost_thread-vc100-mt-1_49.dll
0x000007fef5c00000 - 0x000007fef5c8c000 	C:\Program Files\MATLAB\R2013a\bin\win64\boost_log-vc100-mt-1_49.dll
0x0000000077250000 - 0x0000000077257000 	C:\Windows\system32\PSAPI.DLL
0x000007fefe660000 - 0x000007fefe6ad000 	C:\Windows\system32\WS2_32.dll
0x000007fefeca0000 - 0x000007fefeca8000 	C:\Windows\system32\NSI.dll
0x000007fef66f0000 - 0x000007fef6723000 	C:\Program Files\MATLAB\R2013a\bin\win64\tbb.dll
0x000007fefd8b0000 - 0x000007fefd8c9000 	C:\Windows\system32\imagehlp.dll
0x000007fefb650000 - 0x000007fefb67c000 	C:\Windows\system32\POWRPROF.dll
0x000007fefd3b0000 - 0x000007fefd587000 	C:\Windows\system32\SETUPAPI.dll
0x000007fefd230000 - 0x000007fefd266000 	C:\Windows\system32\CFGMGR32.dll
0x000007fefd630000 - 0x000007fefd707000 	C:\Windows\system32\OLEAUT32.dll
0x000007fefecb0000 - 0x000007fefeeb3000 	C:\Windows\system32\ole32.dll
0x000007fefd200000 - 0x000007fefd21a000 	C:\Windows\system32\DEVOBJ.dll
0x0000000004200000 - 0x0000000004221000 	C:\Program Files\MATLAB\R2013a\bin\win64\libmwmfl_scalar.dll
0x000007fef2ff0000 - 0x000007fef3115000 	C:\Windows\system32\dbghelp.dll
0x0000000004230000 - 0x000000000455f000 	C:\Program Files\MATLAB\R2013a\bin\win64\libmwservices.dll
0x0000000075a20000 - 0x0000000075b0b000 	C:\Program Files\MATLAB\R2013a\bin\win64\libmx.dll
0x000007fef8380000 - 0x000007fef83a8000 	C:\Program Files\MATLAB\R2013a\bin\win64\tbbmalloc.dll
0x00000000700e0000 - 0x00000000700f7000 	C:\Program Files\MATLAB\R2013a\bin\win64\zlib1.dll
0x0000000004560000 - 0x00000000045ae000 	C:\Program Files\MATLAB\R2013a\bin\win64\libmwregexp.dll
0x0000000075f10000 - 0x0000000075f57000 	C:\Program Files\MATLAB\R2013a\bin\win64\mpath.dll
0x000000007b680000 - 0x000000007bc66000 	C:\Program Files\MATLAB\R2013a\bin\win64\mlutil.dll
0x00000000754d0000 - 0x0000000075547000 	C:\Program Files\MATLAB\R2013a\bin\win64\xmlcore.dll
0x00000000592f0000 - 0x0000000059531000 	C:\Program Files\MATLAB\R2013a\bin\win64\xerces-c_2_7.dll
0x00000000045c0000 - 0x00000000045e2000 	C:\Program Files\MATLAB\R2013a\bin\win64\libmwMATLAB_settings_res.dll
0x000007fef8370000 - 0x000007fef8380000 	C:\Program Files\MATLAB\R2013a\bin\win64\boost_iostreams-vc100-mt-1_49.dll
0x000007fef5bb0000 - 0x000007fef5bf6000 	C:\Program Files\MATLAB\R2013a\bin\win64\boost_serialization-vc100-mt-1_49.dll
0x000007fefd8d0000 - 0x000007fefe658000 	C:\Windows\system32\SHELL32.dll
0x000007fefe7f0000 - 0x000007fefe861000 	C:\Windows\system32\SHLWAPI.dll
0x00000000045f0000 - 0x00000000045f6000 	C:\Program Files\MATLAB\R2013a\bin\win64\libmwnativedisplay.dll
0x000007fef97e0000 - 0x000007fef9880000 	C:\Windows\WinSxS\amd64_microsoft.windows.common-controls_6595b64144ccf1df_5.82.7601.18201_none_a4d3b9377117c3df\COMCTL32.dll
0x000007fefe750000 - 0x000007fefe7e7000 	C:\Windows\system32\COMDLG32.dll
0x000007fefc150000 - 0x000007fefc166000 	C:\Windows\system32\NETAPI32.dll
0x000007fefc250000 - 0x000007fefc25c000 	C:\Windows\system32\netutils.dll
0x000007fefc9f0000 - 0x000007fefca13000 	C:\Windows\system32\srvcli.dll
0x000007fefc130000 - 0x000007fefc145000 	C:\Windows\system32\wkscli.dll
0x0000000074970000 - 0x0000000074a18000 	C:\Program Files\MATLAB\R2013a\bin\win64\mcr.dll
0x0000000075000000 - 0x00000000753b1000 	C:\Program Files\MATLAB\R2013a\bin\win64\iqm.dll
0x0000000074e80000 - 0x0000000074f30000 	C:\Program Files\MATLAB\R2013a\bin\win64\m_dispatcher.dll
0x0000000004600000 - 0x0000000004e08000 	C:\Program Files\MATLAB\R2013a\bin\win64\m_interpreter.dll
0x0000000004e10000 - 0x0000000004e34000 	C:\Program Files\MATLAB\R2013a\bin\win64\libmex.dll
0x0000000075430000 - 0x00000000754ab000 	C:\Program Files\MATLAB\R2013a\bin\win64\profiler.dll
0x0000000004e40000 - 0x00000000050c3000 	C:\Program Files\MATLAB\R2013a\bin\win64\libmwmathutil.dll
0x0000000079f40000 - 0x0000000079f66000 	C:\Program Files\MATLAB\R2013a\bin\win64\libmwmathrng.dll
0x00000000050d0000 - 0x00000000050e0000 	C:\Program Files\MATLAB\R2013a\bin\win64\libmwmfl_rng.dll
0x0000000074c10000 - 0x0000000074cf8000 	C:\Program Files\MATLAB\R2013a\bin\win64\libmwmathcore.dll
0x0000000076160000 - 0x00000000761c3000 	C:\Program Files\MATLAB\R2013a\bin\win64\libmwspmatrix.dll
0x000000007b0a0000 - 0x000000007b2f6000 	C:\Program Files\MATLAB\R2013a\bin\win64\mcos.dll
0x0000000075ea0000 - 0x0000000075f02000 	C:\Program Files\MATLAB\R2013a\bin\win64\libmwcholmod.dll
0x00000000050f0000 - 0x00000000050fd000 	C:\Program Files\MATLAB\R2013a\bin\win64\libmwamd.dll
0x000000006c7b0000 - 0x000000006c853000 	C:\Windows\WinSxS\amd64_microsoft.vc90.crt_1fc8b3b9a1e18e3b_9.0.30729.6161_none_08e61857a83bc251\MSVCR90.dll
0x0000000005110000 - 0x000000000511c000 	C:\Program Files\MATLAB\R2013a\bin\win64\libmwcolamd.dll
0x000000007a290000 - 0x000000007a2a3000 	C:\Program Files\MATLAB\R2013a\bin\win64\libmwblas.dll
0x000000007a310000 - 0x000000007a325000 	C:\Program Files\MATLAB\R2013a\bin\win64\libmwbinder.dll
0x0000000005130000 - 0x000000000513b000 	C:\Program Files\MATLAB\R2013a\bin\win64\libmwompwrapper.dll
0x0000000075820000 - 0x000000007589e000 	C:\Program Files\MATLAB\R2013a\bin\win64\libmwlapack.dll
0x000000007a1b0000 - 0x000000007a1d0000 	C:\Program Files\MATLAB\R2013a\bin\win64\m_pcodeio.dll
0x0000000079b10000 - 0x0000000079b6c000 	C:\Program Files\MATLAB\R2013a\bin\win64\m_ir.dll
0x0000000078ed0000 - 0x0000000079579000 	C:\Program Files\MATLAB\R2013a\bin\win64\m_parser.dll
0x000000007a2f0000 - 0x000000007a307000 	C:\Program Files\MATLAB\R2013a\bin\win64\ir_xfmr.dll
0x0000000005140000 - 0x0000000005150000 	C:\Program Files\MATLAB\R2013a\bin\win64\mtok.dll
0x000000007a130000 - 0x000000007a158000 	C:\Program Files\MATLAB\R2013a\bin\win64\m_pcodegen.dll
0x0000000079fb0000 - 0x0000000079fdf000 	C:\Program Files\MATLAB\R2013a\bin\win64\libmwbridge.dll
0x0000000074f40000 - 0x0000000074ff6000 	C:\Program Files\MATLAB\R2013a\bin\win64\udd.dll
0x0000000073cc0000 - 0x0000000073e0e000 	C:\Program Files\MATLAB\R2013a\bin\win64\libmwgui.dll
0x000000007a1d0000 - 0x000000007a1f4000 	C:\Program Files\MATLAB\R2013a\bin\win64\graphics_util.dll
0x000007fef3880000 - 0x000007fef3938000 	C:\Program Files\MATLAB\R2013a\bin\win64\libtex_base.dll
0x0000000005150000 - 0x0000000005a93000 	C:\Program Files\MATLAB\R2013a\bin\win64\hg.dll
0x0000000076100000 - 0x000000007615a000 	C:\Program Files\MATLAB\R2013a\bin\win64\libmat.dll
0x0000000072d30000 - 0x0000000072f38000 	C:\Program Files\MATLAB\R2013a\bin\win64\hdf5dll.dll
0x0000000075710000 - 0x00000000757d8000 	C:\Program Files\MATLAB\R2013a\bin\win64\jmi.dll
0x0000000005ab0000 - 0x0000000005abe000 	C:\Program Files\MATLAB\R2013a\bin\win64\nativejava_services.dll
0x0000000005ac0000 - 0x0000000005b00000 	C:\Program Files\MATLAB\R2013a\bin\win64\libmwhardcopy.dll
0x0000000075c70000 - 0x0000000075cce000 	C:\Program Files\MATLAB\R2013a\bin\win64\libuij.dll
0x0000000072f50000 - 0x000000007318f000 	C:\Program Files\MATLAB\R2013a\bin\win64\hgdatatypes.dll
0x0000000005b00000 - 0x0000000005beb000 	C:\Program Files\MATLAB\R2013a\bin\win64\hgutils.dll
0x0000000005bf0000 - 0x0000000005c9e000 	C:\Program Files\MATLAB\R2013a\bin\win64\udd_mi.dll
0x0000000005ca0000 - 0x0000000005cd6000 	C:\Program Files\MATLAB\R2013a\bin\win64\libmwgbtutils.dll
0x0000000005ce0000 - 0x0000000005cf4000 	C:\Program Files\MATLAB\R2013a\bin\win64\libmwgbt.dll
0x0000000005d00000 - 0x0000000005fce000 	C:\Program Files\MATLAB\R2013a\bin\win64\uiw.dll
0x0000000005fd0000 - 0x0000000005fd9000 	C:\Program Files\MATLAB\R2013a\bin\win64\uinone.dll
0x0000000005fe0000 - 0x0000000006006000 	C:\Program Files\MATLAB\R2013a\bin\win64\libmwnativefiledialogs.dll
0x0000000006010000 - 0x000000000601c000 	C:\Program Files\MATLAB\R2013a\bin\win64\libmwplatform_res.dll
0x000007fef82d0000 - 0x000007fef82e8000 	C:\Windows\system32\MPR.dll
0x0000000058d90000 - 0x00000000592ed000 	C:\Program Files\MATLAB\R2013a\bin\win64\mfc100.dll
0x000007fefa8e0000 - 0x000007fefa8e7000 	C:\Windows\system32\MSIMG32.dll
0x000007fefada0000 - 0x000007fefae11000 	C:\Windows\system32\WINSPOOL.DRV
0x0000000006020000 - 0x000000000603d000 	C:\Program Files\MATLAB\R2013a\bin\win64\mwoles05.DLL
0x0000000006040000 - 0x00000000060ac000 	C:\Program Files\MATLAB\R2013a\bin\win64\comcli.dll
0x00000000700b0000 - 0x00000000700db000 	C:\Program Files\MATLAB\R2013a\bin\win64\ATL100.DLL
0x00000000060b0000 - 0x00000000060bc000 	C:\Program Files\MATLAB\R2013a\bin\win64\mlautoregister.dll
0x00000000060c0000 - 0x0000000006216000 	C:\Program Files\MATLAB\R2013a\bin\win64\mvm.dll
0x000007fefd360000 - 0x000007fefd38e000 	C:\Windows\system32\IMM32.DLL
0x000007fefe8f0000 - 0x000007fefe9f9000 	C:\Windows\system32\MSCTF.dll
0x000007fefce00000 - 0x000007fefce2f000 	C:\Windows\system32\nvinitx.dll
0x000000000f000000 - 0x000000000f006000 	C:\Program Files\NVIDIA Corporation\CoProcManager\_etoured.dll
0x000007fefa090000 - 0x000007fefa0ef000 	C:\Program Files\NVIDIA Corporation\CoProcManager\nvd3d9wrapx.dll
0x000007fef9fe0000 - 0x000007fefa026000 	C:\Program Files\NVIDIA Corporation\CoProcManager\nvdxgiwrapx.dll
0x000007fefb3e0000 - 0x000007fefb436000 	C:\Windows\system32\UxTheme.dll

VM Arguments:
jvm_args: -XX:PermSize=32m -Xms64m -XX:NewRatio=3 -XX:MaxPermSize=128m -Xmx196m -XX:MaxDirectMemorySize=2147400000 -Dsun.java2d.noddraw=true -Dsun.awt.nopixfmt=true -Xshare:off -Xrs -Dsun.awt.disableMixing=true -Djava.library.path=C:\Program Files\MATLAB\R2013a\bin\win64;C:\Program Files\MATLAB\R2013a\sys\jxbrowser\win64\lib vfprintf abort 
java_command: <unknown>
Launcher Type: generic

Environment Variables:
PATH=C:\Program Files\Common Files\Microsoft Shared\Windows Live;C:\Program Files (x86)\Common Files\Microsoft Shared\Windows Live;C:\Windows\system32;C:\Windows;C:\Windows\System32\Wbem;C:\Windows\System32\WindowsPowerShell\v1.0\;C:\Program Files\Intel\WiFi\bin\;C:\Program Files\Common Files\Intel\WirelessCommon\;c:\Program Files\WIDCOMM\Bluetooth Software\;c:\Program Files\WIDCOMM\Bluetooth Software\syswow64;C:\Program Files (x86)\Windows Live\Shared;C:\Program Files (x86)\Common Files\Roxio Shared\DLLShared\;C:\Program Files (x86)\Common Files\Roxio Shared\OEM\DLLShared\;C:\Program Files (x86)\Common Files\Roxio Shared\OEM\DLLShared\;C:\Program Files (x86)\Common Files\Roxio Shared\OEM\12.0\DLLShared\;C:\Program Files (x86)\Roxio\OEM\AudioCore\;C:\Program Files (x86)\Common Files\DivX Shared\;C:\Users\Abhishek\AppData\Local\Smartbar\Application\;C:\Users\Abhishek\AppData\Local\Smartbar\Application\;C:\QNX650\host\win32\x86\usr\bin;C:\Program Files (x86)\QNX Software Systems\bin;C:\QNX650\host\win32\x86\usr\bin;C:\Program Files (x86)\QNX Software Systems\bin;C:\Program Files (x86)\Microsoft SQL Server\100\Tools\Binn\;C:\Program Files\Microsoft SQL Server\100\Tools\Binn\;C:\Program Files\Microsoft SQL Server\100\DTS\Binn\;C:\Program Files\Microsoft\Web Platform Installer\;C:\Program Files (x86)\Microsoft ASP.NET\ASP.NET Web Pages\v1.0\;C:\Program Files (x86)\Windows Kits\8.0\Windows Performance Toolkit\;C:\Program Files\Microsoft SQL Server\110\Tools\Binn\;C:\Program Files\TortoiseSVN\bin;C:\Program Files\MATLAB\R2013a\runtime\win64;C:\Program Files\MATLAB\R2013a\bin;C:\opencv\build\x64\vc10\bin\;C:\opencv\build\common\tbb\intel64\vc10\;;C:\Program Files (x86)\PrimeSense\NITE\bin;c:\users\abhishek\appdata\local\enthought\canopy\user\scripts;C:\Users\Abhishek\AppData\Local\Enthought\Canopy\User;C:\Users\Abhishek\AppData\Local\Enthought\Canopy\User\Scripts
USERNAME=abhishek
OS=Windows_NT
PROCESSOR_IDENTIFIER=Intel64 Family 6 Model 37 Stepping 5, GenuineIntel



---------------  S Y S T E M  ---------------

OS: Windows 7 Build 7601 Service Pack 1

CPU:total 4 (8 cores per cpu, 2 threads per core) family 6 model 37 stepping 5, cmov, cx8, fxsr, mmx, sse, sse2, sse3, ssse3, sse4.1, sse4.2, ht

Memory: 4k page, physical 3920176k(1188520k free), swap 7838488k(2407244k free)

vm_info: Java HotSpot(TM) 64-Bit Server VM (14.3-b01) for windows-amd64 JRE (1.6.0_17-b04), built on Oct 11 2009 00:46:08 by "java_re" with MS VC++ 8.0

time: Tue Jun 24 19:35:30 2014
elapsed time: 23777 seconds

