#
# A fatal error has been detected by the Java Runtime Environment:
#
#  EXCEPTION_ACCESS_VIOLATION (0xc0000005) at pc=0x0000000009652d85, pid=2392, tid=7708
#
# JRE version: 6.0_17-b04
# Java VM: Java HotSpot(TM) 64-Bit Server VM (14.3-b01 mixed mode windows-amd64 )
# Problematic frame:
# C  0x0000000009652d85
#
# If you would like to submit a bug report, please visit:
#   http://java.sun.com/webapps/bugreport/crash.jsp
# The crash happened outside the Java Virtual Machine in native code.
# See problematic frame for where to report the bug.
#

---------------  T H R E A D  ---------------

Current thread (0x0000000054687800):  JavaThread "AWT-EventQueue-0" [_thread_in_native, id=7708, stack(0x00000000b4000000,0x00000000b8000000)]

siginfo: ExceptionCode=0xc0000005, reading address 0x000000000000006c

Registers:
EAX=0x000000000000001b, EBX=0x0000000022f60001, ECX=0x000000000000001b, EDX=0x0000000000000000
ESP=0x00000000b7ffe700, EBP=0x0000000000000000, ESI=0x0000000000000320, EDI=0x0000000000000242
EIP=0x0000000009652d85, EFLAGS=0x0000000000010203

Top of Stack: (sp=0x00000000b7ffe700)
0x00000000b7ffe700:   00000000fffffff8 000000006d6cf8b0
0x00000000b7ffe710:   000000006e8894d0 0000000009796b58
0x00000000b7ffe720:   00000000546879b8 0000000009632261
0x00000000b7ffe730:   00000000546879b8 0000000000000012
0x00000000b7ffe740:   00000000546879b8 000000006d6cf8b0
0x00000000b7ffe750:   00000000b7ffe860 00000000b7ffe7c0
0x00000000b7ffe760:   0000000009796b58 00000000b7ffe7b0
0x00000000b7ffe770:   0000001e00000008 0000026000000328
0x00000000b7ffe780:   0000001e00000008 0000026000000328
0x00000000b7ffe790:   0000000000000000 0000000000000000
0x00000000b7ffe7a0:   0000000000000001 0000000000000000
0x00000000b7ffe7b0:   000000002e82a468 0000000054687800
0x00000000b7ffe7c0:   0000001e00000008 0000026000000328
0x00000000b7ffe7d0:   0000000022f5a238 0000000100000000
0x00000000b7ffe7e0:   0000000000000320 0000000000000000
0x00000000b7ffe7f0:   0000000000000000 0000000000000000 

Instructions: (pc=0x0000000009652d85)
0x0000000009652d75:   99 0f b6 d2 03 c2 c1 f8 08 41 83 c2 ff 0f b6 c8
0x0000000009652d85:   41 0f b6 04 8c 88 43 ff 75 b1 4d 03 cb 48 03 dd 


Stack: [0x00000000b4000000,0x00000000b8000000],  sp=0x00000000b7ffe700,  free space=65529k
Native frames: (J=compiled Java code, j=interpreted, Vv=VM code, C=native code)
C  0x0000000009652d85

[error occurred during error reporting (printing native stack), id 0xc0000005]

Java frames: (J=compiled Java code, j=interpreted, Vv=VM code)
J  sun.java2d.loops.Blit.Blit(Lsun/java2d/SurfaceData;Lsun/java2d/SurfaceData;Ljava/awt/Composite;Lsun/java2d/pipe/Region;IIIIII)V
j  sun.java2d.pipe.DrawImage.blitSurfaceData(Lsun/java2d/SunGraphics2D;Lsun/java2d/pipe/Region;Lsun/java2d/SurfaceData;Lsun/java2d/SurfaceData;Lsun/java2d/loops/SurfaceType;Lsun/java2d/loops/SurfaceType;IIIIIILjava/awt/Color;)V+97
j  sun.java2d.pipe.DrawImage.renderImageCopy(Lsun/java2d/SunGraphics2D;Ljava/awt/Image;Ljava/awt/Color;IIIIII)Z+75
j  sun.java2d.pipe.DrawImage.copyImage(Lsun/java2d/SunGraphics2D;Ljava/awt/Image;IILjava/awt/Color;)Z+45
j  sun.java2d.pipe.DrawImage.copyImage(Lsun/java2d/SunGraphics2D;Ljava/awt/Image;IILjava/awt/Color;Ljava/awt/image/ImageObserver;)Z+15
J  sun.java2d.SunGraphics2D.drawImage(Ljava/awt/Image;IILjava/awt/Color;Ljava/awt/image/ImageObserver;)Z
J  javax.swing.RepaintManager$PaintManager.paintDoubleBuffered(Ljavax/swing/JComponent;Ljava/awt/Image;Ljava/awt/Graphics;IIII)V
j  javax.swing.RepaintManager$PaintManager.paint(Ljavax/swing/JComponent;Ljavax/swing/JComponent;Ljava/awt/Graphics;IIII)Z+116
j  javax.swing.RepaintManager.paint(Ljavax/swing/JComponent;Ljavax/swing/JComponent;Ljava/awt/Graphics;IIII)V+52
J  javax.swing.JComponent.paint(Ljava/awt/Graphics;)V
j  java.awt.GraphicsCallback$PaintCallback.run(Ljava/awt/Component;Ljava/awt/Graphics;)V+2
j  sun.awt.SunGraphicsCallback.runOneComponent(Ljava/awt/Component;Ljava/awt/Rectangle;Ljava/awt/Graphics;Ljava/awt/Shape;I)V+155
j  sun.awt.SunGraphicsCallback.runComponents([Ljava/awt/Component;Ljava/awt/Graphics;I)V+104
j  java.awt.Container.paint(Ljava/awt/Graphics;)V+73
J  javax.swing.RepaintManager.paintDirtyRegions(Ljava/util/Map;)V
j  javax.swing.RepaintManager.paintDirtyRegions()V+46
j  javax.swing.RepaintManager.seqPaintDirtyRegions()V+73
j  javax.swing.SystemEventQueueUtilities$ComponentWorkRequest.run()V+36
J  java.awt.event.InvocationEvent.dispatch()V
J  java.awt.EventDispatchThread.pumpOneEventForFilters(I)Z
J  java.awt.EventDispatchThread.pumpEventsForFilter(ILjava/awt/Conditional;Ljava/awt/EventFilter;)V
j  java.awt.EventDispatchThread.pumpEventsForHierarchy(ILjava/awt/Conditional;Ljava/awt/Component;)V+11
j  java.awt.EventDispatchThread.pumpEvents(ILjava/awt/Conditional;)V+4
j  java.awt.EventDispatchThread.pumpEvents(Ljava/awt/Conditional;)V+3
j  java.awt.EventDispatchThread.run()V+9
v  ~StubRoutines::call_stub

---------------  P R O C E S S  ---------------

Java Threads: ( => current thread )
  0x00000000549b7800 JavaThread "Thread-129" [_thread_blocked, id=4772, stack(0x00000000a8000000,0x00000000ac000000)]
  0x00000000549bd800 JavaThread "pool-7-thread-1" [_thread_blocked, id=6544, stack(0x00000000cc000000,0x00000000d0000000)]
  0x00000000549b9000 JavaThread "Timer-InstrumentReadWritePoll" [_thread_blocked, id=6944, stack(0x00000000ac000000,0x00000000b0000000)]
  0x00000000549ba800 JavaThread "BluecoveAsynchronousShutdownThread" daemon [_thread_blocked, id=4756, stack(0x00000000a4000000,0x00000000a8000000)]
  0x00000000549bb800 JavaThread "Timer-2" daemon [_thread_blocked, id=3588, stack(0x0000000128000000,0x000000012c000000)]
  0x00000000549bc000 JavaThread "com.jniwrapper.NativeResourceCollector" daemon [_thread_blocked, id=8188, stack(0x0000000120000000,0x0000000124000000)]
  0x00000000549ba000 JavaThread "Swing-Shell" daemon [_thread_blocked, id=8100, stack(0x000000011c000000,0x0000000120000000)]
  0x00000000549b7000 JavaThread "Code Analyzer updating thread" [_thread_blocked, id=7964, stack(0x0000000114000000,0x0000000118000000)]
  0x00000000549b6000 JavaThread "Code Analyzer updating thread" [_thread_blocked, id=7956, stack(0x0000000110000000,0x0000000114000000)]
  0x0000000054694800 JavaThread "Code Analyzer updating thread" [_thread_blocked, id=7944, stack(0x000000010c000000,0x0000000110000000)]
  0x0000000054693800 JavaThread "Code Analyzer updating thread" [_thread_blocked, id=7932, stack(0x0000000108000000,0x000000010c000000)]
  0x0000000054693000 JavaThread "Code Analyzer updating thread" [_thread_blocked, id=7912, stack(0x0000000104000000,0x0000000108000000)]
  0x0000000054692000 JavaThread "Code Analyzer updating thread" [_thread_blocked, id=7904, stack(0x0000000100000000,0x0000000104000000)]
  0x0000000054691800 JavaThread "Code Analyzer updating thread" [_thread_blocked, id=7892, stack(0x00000000fc000000,0x0000000100000000)]
  0x0000000054690800 JavaThread "Active Reference Queue Daemon" daemon [_thread_blocked, id=7884, stack(0x00000000f8000000,0x00000000fc000000)]
  0x000000005468f000 JavaThread "Timer-1" daemon [_thread_blocked, id=7880, stack(0x00000000f4000000,0x00000000f8000000)]
  0x0000000054690000 JavaThread "ClipboardMonitor Timer" daemon [_thread_blocked, id=7872, stack(0x00000000f0000000,0x00000000f4000000)]
  0x000000005468e000 JavaThread "Explorer NavigationContext request queue" daemon [_thread_blocked, id=7836, stack(0x00000000e8000000,0x00000000ec000000)]
  0x000000005468d000 JavaThread "AddressBar directory emptiness poller" daemon [_thread_blocked, id=7820, stack(0x00000000e4000000,0x00000000e8000000)]
  0x000000005468c800 JavaThread "Explorer Refresh Service 144566322" daemon [_thread_blocked, id=7816, stack(0x00000000e0000000,0x00000000e4000000)]
  0x000000005468b000 JavaThread "Thread-4" daemon [_thread_blocked, id=7756, stack(0x00000000d4000000,0x00000000d8000000)]
  0x0000000054688800 JavaThread "TimerQueue" daemon [_thread_blocked, id=7720, stack(0x00000000c8000000,0x00000000cc000000)]
  0x0000000054688000 JavaThread "Thread-3" daemon [_thread_blocked, id=7712, stack(0x00000000b8000000,0x00000000bc000000)]
=>0x0000000054687800 JavaThread "AWT-EventQueue-0" [_thread_in_native, id=7708, stack(0x00000000b4000000,0x00000000b8000000)]
  0x0000000054686800 JavaThread "AWT-Shutdown" [_thread_blocked, id=7704, stack(0x00000000b0000000,0x00000000b4000000)]
  0x0000000054686000 JavaThread "FelixPackageAdmin" daemon [_thread_blocked, id=7700, stack(0x00000000c4000000,0x00000000c8000000)]
  0x0000000054685000 JavaThread "FelixStartLevel" daemon [_thread_blocked, id=7696, stack(0x00000000c0000000,0x00000000c4000000)]
  0x0000000053b8e000 JavaThread "FelixDispatchQueue" daemon [_thread_blocked, id=7692, stack(0x00000000bc000000,0x00000000c0000000)]
  0x0000000052e6c000 JavaThread "com.google.common.base.internal.Finalizer" daemon [_thread_blocked, id=7656, stack(0x00000000a0000000,0x00000000a4000000)]
  0x00000000532c9000 JavaThread "AWT-Windows" daemon [_thread_in_native, id=7648, stack(0x0000000098000000,0x000000009c000000)]
  0x000000004ad37000 JavaThread "Java2D Disposer" daemon [_thread_blocked, id=7640, stack(0x0000000090000000,0x0000000094000000)]
  0x0000000053d92800 JavaThread "Timer-0" [_thread_blocked, id=7632, stack(0x000000008c000000,0x0000000090000000)]
  0x0000000053c19000 JavaThread "EventMgr Dispatcher" daemon [_thread_in_native, id=7612, stack(0x0000000088000000,0x000000008c000000)]
  0x000000004ad21000 JavaThread "Low Memory Detector" daemon [_thread_blocked, id=7580, stack(0x0000000080000000,0x0000000084000000)]
  0x000000004ad1d800 JavaThread "CompilerThread1" daemon [_thread_blocked, id=7576, stack(0x0000000067420000,0x000000006b420000)]
  0x000000004ad12000 JavaThread "CompilerThread0" daemon [_thread_blocked, id=7572, stack(0x0000000063420000,0x0000000067420000)]
  0x000000004ad10800 JavaThread "Attach Listener" daemon [_thread_blocked, id=7568, stack(0x000000005bb80000,0x000000005fb80000)]
  0x000000004acbb000 JavaThread "Finalizer" daemon [_thread_blocked, id=7440, stack(0x0000000057b80000,0x000000005bb80000)]
  0x000000004acb4800 JavaThread "Reference Handler" daemon [_thread_blocked, id=7436, stack(0x000000004ee10000,0x0000000052e10000)]
  0x000000000653e800 JavaThread "main" [_thread_in_native, id=5548, stack(0x0000000000030000,0x0000000004030000)]

Other Threads:
  0x000000004acb1000 VMThread [stack: 0x000000004ae10000,0x000000004ee10000] [id=7432]
  0x000000004ad39000 WatcherThread [stack: 0x0000000084000000,0x0000000088000000] [id=7584]

VM state:not at safepoint (normal execution)

VM Mutex/Monitor currently owned by a thread: None

Heap
 PSYoungGen      total 16192K, used 11798K [0x0000000037b10000, 0x0000000038e00000, 0x000000003ac10000)
  eden space 13760K, 84% used [0x0000000037b10000,0x0000000038675a10,0x0000000038880000)
  from space 2432K, 5% used [0x0000000038ba0000,0x0000000038bc0000,0x0000000038e00000)
  to   space 2816K, 0% used [0x0000000038880000,0x0000000038880000,0x0000000038b40000)
 PSOldGen        total 85184K, used 73424K [0x000000002e810000, 0x0000000033b40000, 0x0000000037b10000)
  object space 85184K, 86% used [0x000000002e810000,0x0000000032fc4100,0x0000000033b40000)
 PSPermGen       total 131072K, used 76768K [0x0000000026810000, 0x000000002e810000, 0x000000002e810000)
  object space 131072K, 58% used [0x0000000026810000,0x000000002b308200,0x000000002e810000)

Dynamic libraries:
0x0000000140000000 - 0x0000000140028000 	C:\Program Files\MATLAB\R2013a\bin\win64\MATLAB.exe
0x0000000077370000 - 0x0000000077519000 	C:\Windows\SYSTEM32\ntdll.dll
0x0000000077250000 - 0x000000007736f000 	C:\Windows\system32\kernel32.dll
0x000007fefd380000 - 0x000007fefd3ec000 	C:\Windows\system32\KERNELBASE.dll
0x0000000074460000 - 0x0000000074515000 	C:\Program Files\MATLAB\R2013a\bin\win64\libut.dll
0x00000000758a0000 - 0x000000007595f000 	C:\Program Files\MATLAB\R2013a\bin\win64\libmwi18n.dll
0x0000000180000000 - 0x000000018000d000 	C:\Program Files\MATLAB\R2013a\bin\win64\libmwresource_core.dll
0x0000000062e90000 - 0x0000000062f28000 	C:\Program Files\MATLAB\R2013a\bin\win64\MSVCP100.dll
0x0000000062db0000 - 0x0000000062e82000 	C:\Program Files\MATLAB\R2013a\bin\win64\MSVCR100.dll
0x000000006cf20000 - 0x000000006cf2e000 	C:\Program Files\MATLAB\R2013a\bin\win64\boost_date_time-vc100-mt-1_49.dll
0x00000000633f0000 - 0x000000006341c000 	C:\Program Files\MATLAB\R2013a\bin\win64\boost_filesystem-vc100-mt-1_49.dll
0x000000006cf10000 - 0x000000006cf19000 	C:\Program Files\MATLAB\R2013a\bin\win64\boost_system-vc100-mt-1_49.dll
0x000007fefe490000 - 0x000007fefe56b000 	C:\Windows\system32\ADVAPI32.dll
0x000007fefd560000 - 0x000007fefd5ff000 	C:\Windows\system32\msvcrt.dll
0x000007fefd7f0000 - 0x000007fefd80f000 	C:\Windows\SYSTEM32\sechost.dll
0x000007fefe360000 - 0x000007fefe48d000 	C:\Windows\system32\RPCRT4.dll
0x0000000063260000 - 0x0000000063285000 	C:\Program Files\MATLAB\R2013a\bin\win64\LIBEXPAT.dll
0x0000000061b60000 - 0x0000000061cea000 	C:\Program Files\MATLAB\R2013a\bin\win64\icuin49.dll
0x0000000061200000 - 0x000000006133e000 	C:\Program Files\MATLAB\R2013a\bin\win64\icuuc49.dll
0x0000000055140000 - 0x0000000056262000 	C:\Program Files\MATLAB\R2013a\bin\win64\icudt49.dll
0x00000000633e0000 - 0x00000000633f0000 	C:\Program Files\MATLAB\R2013a\bin\win64\icuio49.dll
0x0000000073f70000 - 0x0000000074112000 	C:\Program Files\MATLAB\R2013a\bin\win64\libmwfl.dll
0x000000007a350000 - 0x000000007a737000 	C:\Program Files\MATLAB\R2013a\bin\win64\libmwMATLAB_res.dll
0x0000000060d70000 - 0x0000000060e4f000 	C:\Program Files\MATLAB\R2013a\bin\win64\boost_regex-vc100-mt-1_49.dll
0x0000000077150000 - 0x000000007724a000 	C:\Windows\system32\USER32.dll
0x000007fefe250000 - 0x000007fefe2b7000 	C:\Windows\system32\GDI32.dll
0x000007fefd600000 - 0x000007fefd60e000 	C:\Windows\system32\LPK.dll
0x000007fefd9f0000 - 0x000007fefdab9000 	C:\Windows\system32\USP10.dll
0x0000000063240000 - 0x0000000063251000 	C:\Program Files\MATLAB\R2013a\bin\win64\boost_signals-vc100-mt-1_49.dll
0x0000000062d90000 - 0x0000000062da1000 	C:\Program Files\MATLAB\R2013a\bin\win64\boost_thread-vc100-mt-1_49.dll
0x000007fef3010000 - 0x000007fef309c000 	C:\Program Files\MATLAB\R2013a\bin\win64\boost_log-vc100-mt-1_49.dll
0x0000000077540000 - 0x0000000077547000 	C:\Windows\system32\PSAPI.DLL
0x000007fefe200000 - 0x000007fefe24d000 	C:\Windows\system32\WS2_32.dll
0x000007feff3e0000 - 0x000007feff3e8000 	C:\Windows\system32\NSI.dll
0x000007fef6f60000 - 0x000007fef6f93000 	C:\Program Files\MATLAB\R2013a\bin\win64\tbb.dll
0x000007fefe340000 - 0x000007fefe359000 	C:\Windows\system32\imagehlp.dll
0x000007fefbb00000 - 0x000007fefbb2c000 	C:\Windows\system32\POWRPROF.dll
0x000007fefd610000 - 0x000007fefd7e7000 	C:\Windows\system32\SETUPAPI.dll
0x000007fefd320000 - 0x000007fefd356000 	C:\Windows\system32\CFGMGR32.dll
0x000007fefe570000 - 0x000007fefe647000 	C:\Windows\system32\OLEAUT32.dll
0x000007fefdeb0000 - 0x000007fefe0b3000 	C:\Windows\system32\ole32.dll
0x000007fefd1c0000 - 0x000007fefd1da000 	C:\Windows\system32\DEVOBJ.dll
0x0000000004220000 - 0x0000000004241000 	C:\Program Files\MATLAB\R2013a\bin\win64\libmwmfl_scalar.dll
0x000007fef3290000 - 0x000007fef33b5000 	C:\Windows\system32\dbghelp.dll
0x0000000004250000 - 0x000000000457f000 	C:\Program Files\MATLAB\R2013a\bin\win64\libmwservices.dll
0x0000000075a20000 - 0x0000000075b0b000 	C:\Program Files\MATLAB\R2013a\bin\win64\libmx.dll
0x000007fef6130000 - 0x000007fef6158000 	C:\Program Files\MATLAB\R2013a\bin\win64\tbbmalloc.dll
0x0000000062d70000 - 0x0000000062d87000 	C:\Program Files\MATLAB\R2013a\bin\win64\zlib1.dll
0x0000000004580000 - 0x00000000045ce000 	C:\Program Files\MATLAB\R2013a\bin\win64\libmwregexp.dll
0x0000000075f10000 - 0x0000000075f57000 	C:\Program Files\MATLAB\R2013a\bin\win64\mpath.dll
0x000000007b680000 - 0x000000007bc66000 	C:\Program Files\MATLAB\R2013a\bin\win64\mlutil.dll
0x00000000754d0000 - 0x0000000075547000 	C:\Program Files\MATLAB\R2013a\bin\win64\xmlcore.dll
0x000000005fbb0000 - 0x000000005fdf1000 	C:\Program Files\MATLAB\R2013a\bin\win64\xerces-c_2_7.dll
0x00000000045d0000 - 0x00000000045f2000 	C:\Program Files\MATLAB\R2013a\bin\win64\libmwMATLAB_settings_res.dll
0x000007fef6f50000 - 0x000007fef6f60000 	C:\Program Files\MATLAB\R2013a\bin\win64\boost_iostreams-vc100-mt-1_49.dll
0x000007fef02d0000 - 0x000007fef0316000 	C:\Program Files\MATLAB\R2013a\bin\win64\boost_serialization-vc100-mt-1_49.dll
0x000007fefe650000 - 0x000007feff3d8000 	C:\Windows\system32\SHELL32.dll
0x000007fefd810000 - 0x000007fefd881000 	C:\Windows\system32\SHLWAPI.dll
0x0000000004110000 - 0x0000000004116000 	C:\Program Files\MATLAB\R2013a\bin\win64\libmwnativedisplay.dll
0x000007fef9890000 - 0x000007fef9930000 	C:\Windows\WinSxS\amd64_microsoft.windows.common-controls_6595b64144ccf1df_5.82.7601.18201_none_a4d3b9377117c3df\COMCTL32.dll
0x000007fefdac0000 - 0x000007fefdb57000 	C:\Windows\system32\COMDLG32.dll
0x000007fefc430000 - 0x000007fefc446000 	C:\Windows\system32\NETAPI32.dll
0x000007fefc530000 - 0x000007fefc53c000 	C:\Windows\system32\netutils.dll
0x000007fefccd0000 - 0x000007fefccf3000 	C:\Windows\system32\srvcli.dll
0x000007fefc410000 - 0x000007fefc425000 	C:\Windows\system32\wkscli.dll
0x0000000074970000 - 0x0000000074a18000 	C:\Program Files\MATLAB\R2013a\bin\win64\mcr.dll
0x0000000075000000 - 0x00000000753b1000 	C:\Program Files\MATLAB\R2013a\bin\win64\iqm.dll
0x0000000074e80000 - 0x0000000074f30000 	C:\Program Files\MATLAB\R2013a\bin\win64\m_dispatcher.dll
0x0000000004600000 - 0x0000000004e08000 	C:\Program Files\MATLAB\R2013a\bin\win64\m_interpreter.dll
0x0000000004e10000 - 0x0000000004e34000 	C:\Program Files\MATLAB\R2013a\bin\win64\libmex.dll
0x0000000075430000 - 0x00000000754ab000 	C:\Program Files\MATLAB\R2013a\bin\win64\profiler.dll
0x0000000004e40000 - 0x00000000050c3000 	C:\Program Files\MATLAB\R2013a\bin\win64\libmwmathutil.dll
0x0000000079f40000 - 0x0000000079f66000 	C:\Program Files\MATLAB\R2013a\bin\win64\libmwmathrng.dll
0x00000000050d0000 - 0x00000000050e0000 	C:\Program Files\MATLAB\R2013a\bin\win64\libmwmfl_rng.dll
0x0000000074c10000 - 0x0000000074cf8000 	C:\Program Files\MATLAB\R2013a\bin\win64\libmwmathcore.dll
0x0000000076160000 - 0x00000000761c3000 	C:\Program Files\MATLAB\R2013a\bin\win64\libmwspmatrix.dll
0x000000007b0a0000 - 0x000000007b2f6000 	C:\Program Files\MATLAB\R2013a\bin\win64\mcos.dll
0x0000000075ea0000 - 0x0000000075f02000 	C:\Program Files\MATLAB\R2013a\bin\win64\libmwcholmod.dll
0x00000000050f0000 - 0x00000000050fd000 	C:\Program Files\MATLAB\R2013a\bin\win64\libmwamd.dll
0x000000006c8e0000 - 0x000000006c983000 	C:\Windows\WinSxS\amd64_microsoft.vc90.crt_1fc8b3b9a1e18e3b_9.0.30729.6161_none_08e61857a83bc251\MSVCR90.dll
0x0000000005110000 - 0x000000000511c000 	C:\Program Files\MATLAB\R2013a\bin\win64\libmwcolamd.dll
0x000000007a290000 - 0x000000007a2a3000 	C:\Program Files\MATLAB\R2013a\bin\win64\libmwblas.dll
0x000000007a310000 - 0x000000007a325000 	C:\Program Files\MATLAB\R2013a\bin\win64\libmwbinder.dll
0x0000000005130000 - 0x000000000513b000 	C:\Program Files\MATLAB\R2013a\bin\win64\libmwompwrapper.dll
0x0000000075820000 - 0x000000007589e000 	C:\Program Files\MATLAB\R2013a\bin\win64\libmwlapack.dll
0x000000007a1b0000 - 0x000000007a1d0000 	C:\Program Files\MATLAB\R2013a\bin\win64\m_pcodeio.dll
0x0000000079b10000 - 0x0000000079b6c000 	C:\Program Files\MATLAB\R2013a\bin\win64\m_ir.dll
0x0000000078ed0000 - 0x0000000079579000 	C:\Program Files\MATLAB\R2013a\bin\win64\m_parser.dll
0x000000007a2f0000 - 0x000000007a307000 	C:\Program Files\MATLAB\R2013a\bin\win64\ir_xfmr.dll
0x0000000005140000 - 0x0000000005150000 	C:\Program Files\MATLAB\R2013a\bin\win64\mtok.dll
0x000000007a130000 - 0x000000007a158000 	C:\Program Files\MATLAB\R2013a\bin\win64\m_pcodegen.dll
0x0000000079fb0000 - 0x0000000079fdf000 	C:\Program Files\MATLAB\R2013a\bin\win64\libmwbridge.dll
0x0000000074f40000 - 0x0000000074ff6000 	C:\Program Files\MATLAB\R2013a\bin\win64\udd.dll
0x0000000073cc0000 - 0x0000000073e0e000 	C:\Program Files\MATLAB\R2013a\bin\win64\libmwgui.dll
0x000000007a1d0000 - 0x000000007a1f4000 	C:\Program Files\MATLAB\R2013a\bin\win64\graphics_util.dll
0x000007fef00b0000 - 0x000007fef0168000 	C:\Program Files\MATLAB\R2013a\bin\win64\libtex_base.dll
0x0000000005150000 - 0x0000000005a93000 	C:\Program Files\MATLAB\R2013a\bin\win64\hg.dll
0x0000000076100000 - 0x000000007615a000 	C:\Program Files\MATLAB\R2013a\bin\win64\libmat.dll
0x0000000072d30000 - 0x0000000072f38000 	C:\Program Files\MATLAB\R2013a\bin\win64\hdf5dll.dll
0x0000000075710000 - 0x00000000757d8000 	C:\Program Files\MATLAB\R2013a\bin\win64\jmi.dll
0x0000000005ab0000 - 0x0000000005abe000 	C:\Program Files\MATLAB\R2013a\bin\win64\nativejava_services.dll
0x0000000005ac0000 - 0x0000000005b00000 	C:\Program Files\MATLAB\R2013a\bin\win64\libmwhardcopy.dll
0x0000000075c70000 - 0x0000000075cce000 	C:\Program Files\MATLAB\R2013a\bin\win64\libuij.dll
0x0000000072f50000 - 0x000000007318f000 	C:\Program Files\MATLAB\R2013a\bin\win64\hgdatatypes.dll
0x0000000005b00000 - 0x0000000005beb000 	C:\Program Files\MATLAB\R2013a\bin\win64\hgutils.dll
0x0000000005bf0000 - 0x0000000005c9e000 	C:\Program Files\MATLAB\R2013a\bin\win64\udd_mi.dll
0x0000000005ca0000 - 0x0000000005cd6000 	C:\Program Files\MATLAB\R2013a\bin\win64\libmwgbtutils.dll
0x0000000005ce0000 - 0x0000000005cf4000 	C:\Program Files\MATLAB\R2013a\bin\win64\libmwgbt.dll
0x0000000005d00000 - 0x0000000005fce000 	C:\Program Files\MATLAB\R2013a\bin\win64\uiw.dll
0x0000000005fd0000 - 0x0000000005fd9000 	C:\Program Files\MATLAB\R2013a\bin\win64\uinone.dll
0x0000000005fe0000 - 0x0000000006006000 	C:\Program Files\MATLAB\R2013a\bin\win64\libmwnativefiledialogs.dll
0x0000000006010000 - 0x000000000601c000 	C:\Program Files\MATLAB\R2013a\bin\win64\libmwplatform_res.dll
0x000007fef8500000 - 0x000007fef8518000 	C:\Windows\system32\MPR.dll
0x0000000057620000 - 0x0000000057b7d000 	C:\Program Files\MATLAB\R2013a\bin\win64\mfc100.dll
0x000007fefabc0000 - 0x000007fefabc7000 	C:\Windows\system32\MSIMG32.dll
0x000007fefb080000 - 0x000007fefb0f1000 	C:\Windows\system32\WINSPOOL.DRV
0x0000000006020000 - 0x000000000603d000 	C:\Program Files\MATLAB\R2013a\bin\win64\mwoles05.DLL
0x0000000006040000 - 0x00000000060ac000 	C:\Program Files\MATLAB\R2013a\bin\win64\comcli.dll
0x00000000628c0000 - 0x00000000628eb000 	C:\Program Files\MATLAB\R2013a\bin\win64\ATL100.DLL
0x00000000060b0000 - 0x00000000060bc000 	C:\Program Files\MATLAB\R2013a\bin\win64\mlautoregister.dll
0x00000000060c0000 - 0x0000000006216000 	C:\Program Files\MATLAB\R2013a\bin\win64\mvm.dll
0x000007fefe0c0000 - 0x000007fefe0ee000 	C:\Windows\system32\IMM32.DLL
0x000007fefe0f0000 - 0x000007fefe1f9000 	C:\Windows\system32\MSCTF.dll
0x000007fefd0e0000 - 0x000007fefd10f000 	C:\Windows\system32\nvinitx.dll
0x000000000f000000 - 0x000000000f006000 	C:\Program Files\NVIDIA Corporation\CoProcManager\_etoured.dll
0x000007fefa360000 - 0x000007fefa3bf000 	C:\Program Files\NVIDIA Corporation\CoProcManager\nvd3d9wrapx.dll
0x000007fefa140000 - 0x000007fefa186000 	C:\Program Files\NVIDIA Corporation\CoProcManager\nvdxgiwrapx.dll
0x000007fefb6c0000 - 0x000007fefb716000 	C:\Windows\system32\UxTheme.dll

VM Arguments:
jvm_args: -XX:PermSize=32m -Xms64m -XX:NewRatio=3 -XX:MaxPermSize=128m -Xmx196m -XX:MaxDirectMemorySize=2147400000 -Dsun.java2d.noddraw=true -Dsun.awt.nopixfmt=true -Xshare:off -Xrs -Dsun.awt.disableMixing=true -Djava.library.path=C:\Program Files\MATLAB\R2013a\bin\win64;C:\Program Files\MATLAB\R2013a\sys\jxbrowser\win64\lib vfprintf abort 
java_command: <unknown>
Launcher Type: generic

Environment Variables:
PATH=C:\Program Files\Common Files\Microsoft Shared\Windows Live;C:\Program Files (x86)\Common Files\Microsoft Shared\Windows Live;C:\Windows\system32;C:\Windows;C:\Windows\System32\Wbem;C:\Windows\System32\WindowsPowerShell\v1.0\;C:\Program Files\Intel\WiFi\bin\;C:\Program Files\Common Files\Intel\WirelessCommon\;c:\Program Files\WIDCOMM\Bluetooth Software\;c:\Program Files\WIDCOMM\Bluetooth Software\syswow64;C:\Program Files (x86)\Windows Live\Shared;C:\Program Files (x86)\Common Files\Roxio Shared\DLLShared\;C:\Program Files (x86)\Common Files\Roxio Shared\OEM\DLLShared\;C:\Program Files (x86)\Common Files\Roxio Shared\OEM\DLLShared\;C:\Program Files (x86)\Common Files\Roxio Shared\OEM\12.0\DLLShared\;C:\Program Files (x86)\Roxio\OEM\AudioCore\;C:\Program Files (x86)\Common Files\DivX Shared\;C:\Users\Abhishek\AppData\Local\Smartbar\Application\;C:\Users\Abhishek\AppData\Local\Smartbar\Application\;C:\QNX650\host\win32\x86\usr\bin;C:\Program Files (x86)\QNX Software Systems\bin;C:\QNX650\host\win32\x86\usr\bin;C:\Program Files (x86)\QNX Software Systems\bin;C:\Program Files (x86)\Microsoft SQL Server\100\Tools\Binn\;C:\Program Files\Microsoft SQL Server\100\Tools\Binn\;C:\Program Files\Microsoft SQL Server\100\DTS\Binn\;C:\Program Files\Microsoft\Web Platform Installer\;C:\Program Files (x86)\Microsoft ASP.NET\ASP.NET Web Pages\v1.0\;C:\Program Files (x86)\Windows Kits\8.0\Windows Performance Toolkit\;C:\Program Files\Microsoft SQL Server\110\Tools\Binn\;C:\Program Files\TortoiseSVN\bin;C:\Program Files\MATLAB\R2013a\runtime\win64;C:\Program Files\MATLAB\R2013a\bin;C:\opencv\build\x64\vc10\bin\;C:\opencv\build\common\tbb\intel64\vc10\;;C:\Program Files (x86)\PrimeSense\NITE\bin;c:\users\abhishek\appdata\local\enthought\canopy\user\scripts;C:\Users\Abhishek\AppData\Local\Enthought\Canopy\User;C:\Users\Abhishek\AppData\Local\Enthought\Canopy\User\Scripts
USERNAME=abhishek
OS=Windows_NT
PROCESSOR_IDENTIFIER=Intel64 Family 6 Model 37 Stepping 5, GenuineIntel



---------------  S Y S T E M  ---------------

OS: Windows 7 Build 7601 Service Pack 1

CPU:total 4 (8 cores per cpu, 2 threads per core) family 6 model 37 stepping 5, cmov, cx8, fxsr, mmx, sse, sse2, sse3, ssse3, sse4.1, sse4.2, ht

Memory: 4k page, physical 3920176k(1018244k free), swap 7838488k(3445556k free)

vm_info: Java HotSpot(TM) 64-Bit Server VM (14.3-b01) for windows-amd64 JRE (1.6.0_17-b04), built on Oct 11 2009 00:46:08 by "java_re" with MS VC++ 8.0

time: Sat Jun 28 18:28:03 2014
elapsed time: 4028 seconds

