#
# A fatal error has been detected by the Java Runtime Environment:
#
#  EXCEPTION_ACCESS_VIOLATION (0xc0000005) at pc=0x00000000500f2d85, pid=9076, tid=9012
#
# JRE version: 6.0_17-b04
# Java VM: Java HotSpot(TM) 64-Bit Server VM (14.3-b01 mixed mode windows-amd64 )
# Problematic frame:
# C  0x00000000500f2d85
#
# If you would like to submit a bug report, please visit:
#   http://java.sun.com/webapps/bugreport/crash.jsp
# The crash happened outside the Java Virtual Machine in native code.
# See problematic frame for where to report the bug.
#

---------------  T H R E A D  ---------------

Current thread (0x0000000052024800):  JavaThread "AWT-EventQueue-0" [_thread_in_native, id=9012, stack(0x00000000ac000000,0x00000000b0000000)]

siginfo: ExceptionCode=0xc0000005, reading address 0x000000000000006c

Registers:
EAX=0x000000000000001b, EBX=0x0000000070550001, ECX=0x000000000000001b, EDX=0x0000000000000000
ESP=0x00000000afffe810, EBP=0x0000000000000000, ESI=0x0000000000000320, EDI=0x0000000000000242
EIP=0x00000000500f2d85, EFLAGS=0x0000000000010203

Top of Stack: (sp=0x00000000afffe810)
0x00000000afffe810:   00000000fffffff8 0000000051fb7ae0
0x00000000afffe820:   000000005c0e81e0 0000000050236b58
0x00000000afffe830:   00000000520249b8 00000000500d2261
0x00000000afffe840:   00000000520249b8 0000000000000012
0x00000000afffe850:   00000000520249b8 0000000051fb7ae0
0x00000000afffe860:   00000000afffe970 00000000afffe8d0
0x00000000afffe870:   0000000050236b58 00000000afffe8c0
0x00000000afffe880:   0000001e00000008 0000026000000328
0x00000000afffe890:   0000001e00000008 0000026000000328
0x00000000afffe8a0:   0000000000000000 0000000000000000
0x00000000afffe8b0:   0000000000000001 0000000000000000
0x00000000afffe8c0:   0000000029e23368 000000002fb3b988
0x00000000afffe8d0:   0000001e00000008 0000026000000328
0x00000000afffe8e0:   000000007054a238 0000000100000000
0x00000000afffe8f0:   0000000000000320 0000000000000000
0x00000000afffe900:   0000000000000000 0000000000000000 

Instructions: (pc=0x00000000500f2d85)
0x00000000500f2d75:   99 0f b6 d2 03 c2 c1 f8 08 41 83 c2 ff 0f b6 c8
0x00000000500f2d85:   41 0f b6 04 8c 88 43 ff 75 b1 4d 03 cb 48 03 dd 


Stack: [0x00000000ac000000,0x00000000b0000000],  sp=0x00000000afffe810,  free space=65530k
Native frames: (J=compiled Java code, j=interpreted, Vv=VM code, C=native code)
C  0x00000000500f2d85

[error occurred during error reporting (printing native stack), id 0xc0000005]

Java frames: (J=compiled Java code, j=interpreted, Vv=VM code)
J  sun.java2d.loops.Blit.Blit(Lsun/java2d/SurfaceData;Lsun/java2d/SurfaceData;Ljava/awt/Composite;Lsun/java2d/pipe/Region;IIIIII)V
J  sun.java2d.pipe.DrawImage.copyImage(Lsun/java2d/SunGraphics2D;Ljava/awt/Image;IILjava/awt/Color;Ljava/awt/image/ImageObserver;)Z
J  sun.java2d.SunGraphics2D.drawImage(Ljava/awt/Image;IILjava/awt/Color;Ljava/awt/image/ImageObserver;)Z
J  javax.swing.RepaintManager$PaintManager.paintDoubleBuffered(Ljavax/swing/JComponent;Ljava/awt/Image;Ljava/awt/Graphics;IIII)V
j  javax.swing.RepaintManager$PaintManager.paint(Ljavax/swing/JComponent;Ljavax/swing/JComponent;Ljava/awt/Graphics;IIII)Z+116
j  javax.swing.RepaintManager.paint(Ljavax/swing/JComponent;Ljavax/swing/JComponent;Ljava/awt/Graphics;IIII)V+52
J  javax.swing.JComponent.paint(Ljava/awt/Graphics;)V
j  java.awt.GraphicsCallback$PaintCallback.run(Ljava/awt/Component;Ljava/awt/Graphics;)V+2
j  sun.awt.SunGraphicsCallback.runOneComponent(Ljava/awt/Component;Ljava/awt/Rectangle;Ljava/awt/Graphics;Ljava/awt/Shape;I)V+155
j  sun.awt.SunGraphicsCallback.runComponents([Ljava/awt/Component;Ljava/awt/Graphics;I)V+104
j  java.awt.Container.paint(Ljava/awt/Graphics;)V+73
J  javax.swing.RepaintManager.paintDirtyRegions(Ljava/util/Map;)V
j  javax.swing.RepaintManager.paintDirtyRegions()V+46
j  javax.swing.RepaintManager.seqPaintDirtyRegions()V+73
j  javax.swing.SystemEventQueueUtilities$ComponentWorkRequest.run()V+36
J  java.awt.EventDispatchThread.pumpOneEventForFilters(I)Z
J  java.awt.EventDispatchThread.pumpEventsForFilter(ILjava/awt/Conditional;Ljava/awt/EventFilter;)V
j  java.awt.EventDispatchThread.pumpEventsForHierarchy(ILjava/awt/Conditional;Ljava/awt/Component;)V+11
j  java.awt.EventDispatchThread.pumpEvents(ILjava/awt/Conditional;)V+4
j  java.awt.EventDispatchThread.pumpEvents(Ljava/awt/Conditional;)V+3
j  java.awt.EventDispatchThread.run()V+9
v  ~StubRoutines::call_stub

---------------  P R O C E S S  ---------------

Java Threads: ( => current thread )
  0x0000000052030800 JavaThread "Code Analyzer updating thread" [_thread_blocked, id=8260, stack(0x0000000118000000,0x000000011c000000)]
  0x000000005856d800 JavaThread "Thread-190" [_thread_blocked, id=8644, stack(0x00000000dc000000,0x00000000e0000000)]
  0x000000005856d000 JavaThread "Code Analyzer updating thread" [_thread_blocked, id=8884, stack(0x00000000d8000000,0x00000000dc000000)]
  0x0000000058571800 JavaThread "pool-7-thread-1" [_thread_blocked, id=8304, stack(0x00000000f4000000,0x00000000f8000000)]
  0x0000000058570000 JavaThread "Foxtrot Multi Worker Thread Runner #2" daemon [_thread_blocked, id=9212, stack(0x00000000ec000000,0x00000000f0000000)]
  0x000000005856c000 JavaThread "Timer-InstrumentReadWritePoll" [_thread_blocked, id=9152, stack(0x00000000e0000000,0x00000000e4000000)]
  0x000000005856b000 JavaThread "BluecoveAsynchronousShutdownThread" daemon [_thread_blocked, id=8768, stack(0x0000000110000000,0x0000000114000000)]
  0x0000000058570800 JavaThread "Code Analyzer updating thread" [_thread_blocked, id=9200, stack(0x0000000104000000,0x0000000108000000)]
  0x000000005856b800 JavaThread "Prefs Updater" daemon [_thread_blocked, id=7212, stack(0x00000000a0000000,0x00000000a4000000)]
  0x000000005202c800 JavaThread "Foxtrot Single Worker Thread #1" daemon [_thread_blocked, id=8104, stack(0x00000000c0000000,0x00000000c4000000)]
  0x0000000058572000 JavaThread "Timer-2" daemon [_thread_blocked, id=7804, stack(0x0000000124000000,0x0000000128000000)]
  0x000000005202b000 JavaThread "com.jniwrapper.NativeResourceCollector" daemon [_thread_blocked, id=5300, stack(0x0000000098000000,0x000000009c000000)]
  0x000000005856f000 JavaThread "Swing-Shell" daemon [_thread_blocked, id=5020, stack(0x000000011c000000,0x0000000120000000)]
  0x000000005202e800 JavaThread "Active Reference Queue Daemon" daemon [_thread_blocked, id=4924, stack(0x0000000100000000,0x0000000104000000)]
  0x000000005202e000 JavaThread "Timer-1" daemon [_thread_blocked, id=8752, stack(0x00000000fc000000,0x0000000100000000)]
  0x000000005202d000 JavaThread "ClipboardMonitor Timer" daemon [_thread_blocked, id=4028, stack(0x00000000f8000000,0x00000000fc000000)]
  0x000000005202b800 JavaThread "Explorer NavigationContext request queue" daemon [_thread_blocked, id=8776, stack(0x00000000f0000000,0x00000000f4000000)]
  0x000000005202a000 JavaThread "AddressBar directory emptiness poller" daemon [_thread_blocked, id=8280, stack(0x00000000e8000000,0x00000000ec000000)]
  0x0000000052029800 JavaThread "Explorer Refresh Service 570376143" daemon [_thread_blocked, id=8244, stack(0x00000000e4000000,0x00000000e8000000)]
  0x0000000052027800 JavaThread "Thread-4" daemon [_thread_blocked, id=8216, stack(0x00000000cc000000,0x00000000d0000000)]
  0x0000000052026000 JavaThread "TimerQueue" daemon [_thread_blocked, id=9040, stack(0x00000000c4000000,0x00000000c8000000)]
  0x0000000052025000 JavaThread "Thread-3" daemon [_thread_blocked, id=9104, stack(0x00000000b0000000,0x00000000b4000000)]
=>0x0000000052024800 JavaThread "AWT-EventQueue-0" [_thread_in_native, id=9012, stack(0x00000000ac000000,0x00000000b0000000)]
  0x0000000052023800 JavaThread "AWT-Shutdown" [_thread_blocked, id=8264, stack(0x00000000a8000000,0x00000000ac000000)]
  0x0000000052023000 JavaThread "FelixPackageAdmin" daemon [_thread_blocked, id=6492, stack(0x00000000bc000000,0x00000000c0000000)]
  0x0000000052022000 JavaThread "FelixStartLevel" daemon [_thread_blocked, id=9044, stack(0x00000000b8000000,0x00000000bc000000)]
  0x0000000051e7c000 JavaThread "FelixDispatchQueue" daemon [_thread_blocked, id=9188, stack(0x00000000b4000000,0x00000000b8000000)]
  0x0000000050a29800 JavaThread "com.google.common.base.internal.Finalizer" daemon [_thread_blocked, id=2480, stack(0x00000000a4000000,0x00000000a8000000)]
  0x0000000050a25800 JavaThread "AWT-Windows" daemon [_thread_in_native, id=6644, stack(0x000000009c000000,0x00000000a0000000)]
  0x0000000050a23000 JavaThread "Java2D Disposer" daemon [_thread_blocked, id=8288, stack(0x0000000094000000,0x0000000098000000)]
  0x000000005186c000 JavaThread "Timer-0" [_thread_blocked, id=8208, stack(0x0000000090000000,0x0000000094000000)]
  0x0000000051732800 JavaThread "EventMgr Dispatcher" daemon [_thread_in_native, id=2156, stack(0x000000008c000000,0x0000000090000000)]
  0x000000004bfe0000 JavaThread "Low Memory Detector" daemon [_thread_blocked, id=2052, stack(0x0000000084000000,0x0000000088000000)]
  0x000000004bfde800 JavaThread "CompilerThread1" daemon [_thread_blocked, id=7640, stack(0x0000000080000000,0x0000000084000000)]
  0x000000004bfd4800 JavaThread "CompilerThread0" daemon [_thread_blocked, id=8200, stack(0x0000000066d40000,0x000000006ad40000)]
  0x000000004bfcf800 JavaThread "Attach Listener" daemon [_thread_blocked, id=5944, stack(0x0000000062d40000,0x0000000066d40000)]
  0x000000004bf7b000 JavaThread "Finalizer" daemon [_thread_blocked, id=8992, stack(0x000000005ed40000,0x0000000062d40000)]
  0x000000004bf74800 JavaThread "Reference Handler" daemon [_thread_blocked, id=9004, stack(0x0000000052d20000,0x0000000056d20000)]
  0x00000000064ce800 JavaThread "main" [_thread_in_native, id=9072, stack(0x0000000000030000,0x0000000004030000)]

Other Threads:
  0x000000004bf71000 VMThread [stack: 0x000000004c0d0000,0x00000000500d0000] [id=9148]
  0x000000004bff8000 WatcherThread [stack: 0x0000000088000000,0x000000008c000000] [id=8136]

VM state:not at safepoint (normal execution)

VM Mutex/Monitor currently owned by a thread: None

Heap
 PSYoungGen      total 36160K, used 23823K [0x0000000038dd0000, 0x000000003b190000, 0x000000003bed0000)
  eden space 35776K, 65% used [0x0000000038dd0000,0x000000003a4dbfa0,0x000000003b0c0000)
  from space 384K, 58% used [0x000000003b0c0000,0x000000003b0f8000,0x000000003b120000)
  to   space 384K, 0% used [0x000000003b130000,0x000000003b130000,0x000000003b190000)
 PSOldGen        total 101952K, used 63488K [0x000000002fad0000, 0x0000000035e60000, 0x0000000038dd0000)
  object space 101952K, 62% used [0x000000002fad0000,0x00000000338d0058,0x0000000035e60000)
 PSPermGen       total 126656K, used 77079K [0x0000000027ad0000, 0x000000002f680000, 0x000000002fad0000)
  object space 126656K, 60% used [0x0000000027ad0000,0x000000002c615fc8,0x000000002f680000)

Dynamic libraries:
0x0000000140000000 - 0x0000000140028000 	C:\Program Files\MATLAB\R2013a\bin\win64\MATLAB.exe
0x0000000076d50000 - 0x0000000076ef9000 	C:\Windows\SYSTEM32\ntdll.dll
0x0000000076c30000 - 0x0000000076d4f000 	C:\Windows\system32\kernel32.dll
0x000007fefce20000 - 0x000007fefce8c000 	C:\Windows\system32\KERNELBASE.dll
0x0000000074460000 - 0x0000000074515000 	C:\Program Files\MATLAB\R2013a\bin\win64\libut.dll
0x00000000758a0000 - 0x000000007595f000 	C:\Program Files\MATLAB\R2013a\bin\win64\libmwi18n.dll
0x0000000180000000 - 0x000000018000d000 	C:\Program Files\MATLAB\R2013a\bin\win64\libmwresource_core.dll
0x000000005a0f0000 - 0x000000005a188000 	C:\Program Files\MATLAB\R2013a\bin\win64\MSVCP100.dll
0x000000005a010000 - 0x000000005a0e2000 	C:\Program Files\MATLAB\R2013a\bin\win64\MSVCR100.dll
0x000000005ed30000 - 0x000000005ed3e000 	C:\Program Files\MATLAB\R2013a\bin\win64\boost_date_time-vc100-mt-1_49.dll
0x0000000057960000 - 0x000000005798c000 	C:\Program Files\MATLAB\R2013a\bin\win64\boost_filesystem-vc100-mt-1_49.dll
0x000000005ed20000 - 0x000000005ed29000 	C:\Program Files\MATLAB\R2013a\bin\win64\boost_system-vc100-mt-1_49.dll
0x000007fefecc0000 - 0x000007fefed9b000 	C:\Windows\system32\ADVAPI32.dll
0x000007fefe280000 - 0x000007fefe31f000 	C:\Windows\system32\msvcrt.dll
0x000007fefe260000 - 0x000007fefe27f000 	C:\Windows\SYSTEM32\sechost.dll
0x000007fefeda0000 - 0x000007fefeecd000 	C:\Windows\system32\RPCRT4.dll
0x0000000057930000 - 0x0000000057955000 	C:\Program Files\MATLAB\R2013a\bin\win64\LIBEXPAT.dll
0x00000000577a0000 - 0x000000005792a000 	C:\Program Files\MATLAB\R2013a\bin\win64\icuin49.dll
0x0000000057660000 - 0x000000005779e000 	C:\Program Files\MATLAB\R2013a\bin\win64\icuuc49.dll
0x000000000f9a0000 - 0x0000000010ac2000 	C:\Program Files\MATLAB\R2013a\bin\win64\icudt49.dll
0x000000005ed10000 - 0x000000005ed20000 	C:\Program Files\MATLAB\R2013a\bin\win64\icuio49.dll
0x0000000073f70000 - 0x0000000074112000 	C:\Program Files\MATLAB\R2013a\bin\win64\libmwfl.dll
0x000000007a350000 - 0x000000007a737000 	C:\Program Files\MATLAB\R2013a\bin\win64\libmwMATLAB_res.dll
0x0000000057580000 - 0x000000005765f000 	C:\Program Files\MATLAB\R2013a\bin\win64\boost_regex-vc100-mt-1_49.dll
0x0000000076b30000 - 0x0000000076c2a000 	C:\Windows\system32\USER32.dll
0x000007fefeed0000 - 0x000007fefef37000 	C:\Windows\system32\GDI32.dll
0x000007fefde50000 - 0x000007fefde5e000 	C:\Windows\system32\LPK.dll
0x000007fefdee0000 - 0x000007fefdfa9000 	C:\Windows\system32\USP10.dll
0x0000000057560000 - 0x0000000057571000 	C:\Program Files\MATLAB\R2013a\bin\win64\boost_signals-vc100-mt-1_49.dll
0x0000000057540000 - 0x0000000057551000 	C:\Program Files\MATLAB\R2013a\bin\win64\boost_thread-vc100-mt-1_49.dll
0x000007fef1670000 - 0x000007fef16fc000 	C:\Program Files\MATLAB\R2013a\bin\win64\boost_log-vc100-mt-1_49.dll
0x0000000076f10000 - 0x0000000076f17000 	C:\Windows\system32\PSAPI.DLL
0x000007fefde60000 - 0x000007fefdead000 	C:\Windows\system32\WS2_32.dll
0x000007fefe710000 - 0x000007fefe718000 	C:\Windows\system32\NSI.dll
0x000007fef65a0000 - 0x000007fef65d3000 	C:\Program Files\MATLAB\R2013a\bin\win64\tbb.dll
0x000007fefef40000 - 0x000007fefef59000 	C:\Windows\system32\imagehlp.dll
0x000007fefb6d0000 - 0x000007fefb6fc000 	C:\Windows\system32\POWRPROF.dll
0x000007fefe4d0000 - 0x000007fefe6a7000 	C:\Windows\system32\SETUPAPI.dll
0x000007fefcee0000 - 0x000007fefcf16000 	C:\Windows\system32\CFGMGR32.dll
0x000007fefdd70000 - 0x000007fefde47000 	C:\Windows\system32\OLEAUT32.dll
0x000007fefe720000 - 0x000007fefe923000 	C:\Windows\system32\ole32.dll
0x000007fefcf20000 - 0x000007fefcf3a000 	C:\Windows\system32\DEVOBJ.dll
0x0000000004100000 - 0x0000000004121000 	C:\Program Files\MATLAB\R2013a\bin\win64\libmwmfl_scalar.dll
0x000007fef2a70000 - 0x000007fef2b95000 	C:\Windows\system32\dbghelp.dll
0x0000000004270000 - 0x000000000459f000 	C:\Program Files\MATLAB\R2013a\bin\win64\libmwservices.dll
0x0000000075a20000 - 0x0000000075b0b000 	C:\Program Files\MATLAB\R2013a\bin\win64\libmx.dll
0x000007fef6d50000 - 0x000007fef6d78000 	C:\Program Files\MATLAB\R2013a\bin\win64\tbbmalloc.dll
0x0000000057520000 - 0x0000000057537000 	C:\Program Files\MATLAB\R2013a\bin\win64\zlib1.dll
0x00000000045a0000 - 0x00000000045ee000 	C:\Program Files\MATLAB\R2013a\bin\win64\libmwregexp.dll
0x0000000075f10000 - 0x0000000075f57000 	C:\Program Files\MATLAB\R2013a\bin\win64\mpath.dll
0x000000007b680000 - 0x000000007bc66000 	C:\Program Files\MATLAB\R2013a\bin\win64\mlutil.dll
0x00000000754d0000 - 0x0000000075547000 	C:\Program Files\MATLAB\R2013a\bin\win64\xmlcore.dll
0x0000000052ad0000 - 0x0000000052d11000 	C:\Program Files\MATLAB\R2013a\bin\win64\xerces-c_2_7.dll
0x0000000004140000 - 0x0000000004162000 	C:\Program Files\MATLAB\R2013a\bin\win64\libmwMATLAB_settings_res.dll
0x000007fef8070000 - 0x000007fef8080000 	C:\Program Files\MATLAB\R2013a\bin\win64\boost_iostreams-vc100-mt-1_49.dll
0x000007fef62a0000 - 0x000007fef62e6000 	C:\Program Files\MATLAB\R2013a\bin\win64\boost_serialization-vc100-mt-1_49.dll
0x000007fefcfe0000 - 0x000007fefdd68000 	C:\Windows\system32\SHELL32.dll
0x000007fefef60000 - 0x000007fefefd1000 	C:\Windows\system32\SHLWAPI.dll
0x00000000045f0000 - 0x00000000045f6000 	C:\Program Files\MATLAB\R2013a\bin\win64\libmwnativedisplay.dll
0x000007fef9530000 - 0x000007fef95d0000 	C:\Windows\WinSxS\amd64_microsoft.windows.common-controls_6595b64144ccf1df_5.82.7601.18201_none_a4d3b9377117c3df\COMCTL32.dll
0x000007fefcf40000 - 0x000007fefcfd7000 	C:\Windows\system32\COMDLG32.dll
0x000007fefbe20000 - 0x000007fefbe36000 	C:\Windows\system32\NETAPI32.dll
0x000007fefbe10000 - 0x000007fefbe1c000 	C:\Windows\system32\netutils.dll
0x000007fefc6b0000 - 0x000007fefc6d3000 	C:\Windows\system32\srvcli.dll
0x000007fefbdf0000 - 0x000007fefbe05000 	C:\Windows\system32\wkscli.dll
0x0000000074970000 - 0x0000000074a18000 	C:\Program Files\MATLAB\R2013a\bin\win64\mcr.dll
0x0000000075000000 - 0x00000000753b1000 	C:\Program Files\MATLAB\R2013a\bin\win64\iqm.dll
0x0000000074e80000 - 0x0000000074f30000 	C:\Program Files\MATLAB\R2013a\bin\win64\m_dispatcher.dll
0x0000000004600000 - 0x0000000004e08000 	C:\Program Files\MATLAB\R2013a\bin\win64\m_interpreter.dll
0x0000000004e10000 - 0x0000000004e34000 	C:\Program Files\MATLAB\R2013a\bin\win64\libmex.dll
0x0000000075430000 - 0x00000000754ab000 	C:\Program Files\MATLAB\R2013a\bin\win64\profiler.dll
0x0000000004e40000 - 0x00000000050c3000 	C:\Program Files\MATLAB\R2013a\bin\win64\libmwmathutil.dll
0x0000000079f40000 - 0x0000000079f66000 	C:\Program Files\MATLAB\R2013a\bin\win64\libmwmathrng.dll
0x00000000050d0000 - 0x00000000050e0000 	C:\Program Files\MATLAB\R2013a\bin\win64\libmwmfl_rng.dll
0x0000000074c10000 - 0x0000000074cf8000 	C:\Program Files\MATLAB\R2013a\bin\win64\libmwmathcore.dll
0x0000000076160000 - 0x00000000761c3000 	C:\Program Files\MATLAB\R2013a\bin\win64\libmwspmatrix.dll
0x000000007b0a0000 - 0x000000007b2f6000 	C:\Program Files\MATLAB\R2013a\bin\win64\mcos.dll
0x0000000075ea0000 - 0x0000000075f02000 	C:\Program Files\MATLAB\R2013a\bin\win64\libmwcholmod.dll
0x00000000050f0000 - 0x00000000050fd000 	C:\Program Files\MATLAB\R2013a\bin\win64\libmwamd.dll
0x000000006c400000 - 0x000000006c4a3000 	C:\Windows\WinSxS\amd64_microsoft.vc90.crt_1fc8b3b9a1e18e3b_9.0.30729.6161_none_08e61857a83bc251\MSVCR90.dll
0x0000000005110000 - 0x000000000511c000 	C:\Program Files\MATLAB\R2013a\bin\win64\libmwcolamd.dll
0x000000007a290000 - 0x000000007a2a3000 	C:\Program Files\MATLAB\R2013a\bin\win64\libmwblas.dll
0x000000007a310000 - 0x000000007a325000 	C:\Program Files\MATLAB\R2013a\bin\win64\libmwbinder.dll
0x0000000005130000 - 0x000000000513b000 	C:\Program Files\MATLAB\R2013a\bin\win64\libmwompwrapper.dll
0x0000000075820000 - 0x000000007589e000 	C:\Program Files\MATLAB\R2013a\bin\win64\libmwlapack.dll
0x000000007a1b0000 - 0x000000007a1d0000 	C:\Program Files\MATLAB\R2013a\bin\win64\m_pcodeio.dll
0x0000000079b10000 - 0x0000000079b6c000 	C:\Program Files\MATLAB\R2013a\bin\win64\m_ir.dll
0x0000000078ed0000 - 0x0000000079579000 	C:\Program Files\MATLAB\R2013a\bin\win64\m_parser.dll
0x000000007a2f0000 - 0x000000007a307000 	C:\Program Files\MATLAB\R2013a\bin\win64\ir_xfmr.dll
0x0000000005140000 - 0x0000000005150000 	C:\Program Files\MATLAB\R2013a\bin\win64\mtok.dll
0x000000007a130000 - 0x000000007a158000 	C:\Program Files\MATLAB\R2013a\bin\win64\m_pcodegen.dll
0x0000000079fb0000 - 0x0000000079fdf000 	C:\Program Files\MATLAB\R2013a\bin\win64\libmwbridge.dll
0x0000000074f40000 - 0x0000000074ff6000 	C:\Program Files\MATLAB\R2013a\bin\win64\udd.dll
0x0000000073cc0000 - 0x0000000073e0e000 	C:\Program Files\MATLAB\R2013a\bin\win64\libmwgui.dll
0x000000007a1d0000 - 0x000000007a1f4000 	C:\Program Files\MATLAB\R2013a\bin\win64\graphics_util.dll
0x000007fef00f0000 - 0x000007fef01a8000 	C:\Program Files\MATLAB\R2013a\bin\win64\libtex_base.dll
0x0000000005150000 - 0x0000000005a93000 	C:\Program Files\MATLAB\R2013a\bin\win64\hg.dll
0x0000000076100000 - 0x000000007615a000 	C:\Program Files\MATLAB\R2013a\bin\win64\libmat.dll
0x0000000072d30000 - 0x0000000072f38000 	C:\Program Files\MATLAB\R2013a\bin\win64\hdf5dll.dll
0x0000000075710000 - 0x00000000757d8000 	C:\Program Files\MATLAB\R2013a\bin\win64\jmi.dll
0x0000000005ab0000 - 0x0000000005abe000 	C:\Program Files\MATLAB\R2013a\bin\win64\nativejava_services.dll
0x0000000005ac0000 - 0x0000000005b00000 	C:\Program Files\MATLAB\R2013a\bin\win64\libmwhardcopy.dll
0x0000000075c70000 - 0x0000000075cce000 	C:\Program Files\MATLAB\R2013a\bin\win64\libuij.dll
0x0000000072f50000 - 0x000000007318f000 	C:\Program Files\MATLAB\R2013a\bin\win64\hgdatatypes.dll
0x0000000005b00000 - 0x0000000005beb000 	C:\Program Files\MATLAB\R2013a\bin\win64\hgutils.dll
0x0000000005bf0000 - 0x0000000005c9e000 	C:\Program Files\MATLAB\R2013a\bin\win64\udd_mi.dll
0x0000000005ca0000 - 0x0000000005cd6000 	C:\Program Files\MATLAB\R2013a\bin\win64\libmwgbtutils.dll
0x0000000005ce0000 - 0x0000000005cf4000 	C:\Program Files\MATLAB\R2013a\bin\win64\libmwgbt.dll
0x0000000005d00000 - 0x0000000005fce000 	C:\Program Files\MATLAB\R2013a\bin\win64\uiw.dll
0x0000000005fd0000 - 0x0000000005fd9000 	C:\Program Files\MATLAB\R2013a\bin\win64\uinone.dll
0x0000000005fe0000 - 0x0000000006006000 	C:\Program Files\MATLAB\R2013a\bin\win64\libmwnativefiledialogs.dll
0x0000000006010000 - 0x000000000601c000 	C:\Program Files\MATLAB\R2013a\bin\win64\libmwplatform_res.dll
0x000007fef7ee0000 - 0x000007fef7ef8000 	C:\Windows\system32\MPR.dll
0x0000000050390000 - 0x00000000508ed000 	C:\Program Files\MATLAB\R2013a\bin\win64\mfc100.dll
0x000007fefa5a0000 - 0x000007fefa5a7000 	C:\Windows\system32\MSIMG32.dll
0x000007fefaa60000 - 0x000007fefaad1000 	C:\Windows\system32\WINSPOOL.DRV
0x0000000006020000 - 0x000000000603d000 	C:\Program Files\MATLAB\R2013a\bin\win64\mwoles05.DLL
0x0000000006040000 - 0x00000000060ac000 	C:\Program Files\MATLAB\R2013a\bin\win64\comcli.dll
0x00000000574f0000 - 0x000000005751b000 	C:\Program Files\MATLAB\R2013a\bin\win64\ATL100.DLL
0x00000000060b0000 - 0x00000000060bc000 	C:\Program Files\MATLAB\R2013a\bin\win64\mlautoregister.dll
0x00000000060c0000 - 0x0000000006216000 	C:\Program Files\MATLAB\R2013a\bin\win64\mvm.dll
0x000007fefdeb0000 - 0x000007fefdede000 	C:\Windows\system32\IMM32.DLL
0x000007fefe3c0000 - 0x000007fefe4c9000 	C:\Windows\system32\MSCTF.dll
0x000007fefcac0000 - 0x000007fefcaef000 	C:\Windows\system32\nvinitx.dll
0x000000000f000000 - 0x000000000f006000 	C:\Program Files\NVIDIA Corporation\CoProcManager\_etoured.dll
0x000007fef9b30000 - 0x000007fef9b8f000 	C:\Program Files\NVIDIA Corporation\CoProcManager\nvd3d9wrapx.dll
0x000007fef9ae0000 - 0x000007fef9b26000 	C:\Program Files\NVIDIA Corporation\CoProcManager\nvdxgiwrapx.dll
0x000007fefb090000 - 0x000007fefb0e6000 	C:\Windows\system32\UxTheme.dll

VM Arguments:
jvm_args: -XX:PermSize=32m -Xms64m -XX:NewRatio=3 -XX:MaxPermSize=128m -Xmx196m -XX:MaxDirectMemorySize=2147400000 -Dsun.java2d.noddraw=true -Dsun.awt.nopixfmt=true -Xshare:off -Xrs -Dsun.awt.disableMixing=true -Djava.library.path=C:\Program Files\MATLAB\R2013a\bin\win64;C:\Program Files\MATLAB\R2013a\sys\jxbrowser\win64\lib vfprintf abort 
java_command: <unknown>
Launcher Type: generic

Environment Variables:
PATH=C:\Program Files\Common Files\Microsoft Shared\Windows Live;C:\Program Files (x86)\Common Files\Microsoft Shared\Windows Live;C:\Windows\system32;C:\Windows;C:\Windows\System32\Wbem;C:\Windows\System32\WindowsPowerShell\v1.0\;C:\Program Files\Intel\WiFi\bin\;C:\Program Files\Common Files\Intel\WirelessCommon\;c:\Program Files\WIDCOMM\Bluetooth Software\;c:\Program Files\WIDCOMM\Bluetooth Software\syswow64;C:\Program Files (x86)\Windows Live\Shared;C:\Program Files (x86)\Common Files\Roxio Shared\DLLShared\;C:\Program Files (x86)\Common Files\Roxio Shared\OEM\DLLShared\;C:\Program Files (x86)\Common Files\Roxio Shared\OEM\DLLShared\;C:\Program Files (x86)\Common Files\Roxio Shared\OEM\12.0\DLLShared\;C:\Program Files (x86)\Roxio\OEM\AudioCore\;C:\Program Files (x86)\Common Files\DivX Shared\;C:\Users\Abhishek\AppData\Local\Smartbar\Application\;C:\Users\Abhishek\AppData\Local\Smartbar\Application\;C:\QNX650\host\win32\x86\usr\bin;C:\Program Files (x86)\QNX Software Systems\bin;C:\QNX650\host\win32\x86\usr\bin;C:\Program Files (x86)\QNX Software Systems\bin;C:\Program Files (x86)\Microsoft SQL Server\100\Tools\Binn\;C:\Program Files\Microsoft SQL Server\100\Tools\Binn\;C:\Program Files\Microsoft SQL Server\100\DTS\Binn\;C:\Program Files\Microsoft\Web Platform Installer\;C:\Program Files (x86)\Microsoft ASP.NET\ASP.NET Web Pages\v1.0\;C:\Program Files (x86)\Windows Kits\8.0\Windows Performance Toolkit\;C:\Program Files\Microsoft SQL Server\110\Tools\Binn\;C:\Program Files\TortoiseSVN\bin;C:\Program Files\MATLAB\R2013a\runtime\win64;C:\Program Files\MATLAB\R2013a\bin;C:\opencv\build\x64\vc10\bin\;C:\opencv\build\common\tbb\intel64\vc10\;;C:\Program Files (x86)\PrimeSense\NITE\bin;c:\users\abhishek\appdata\local\enthought\canopy\user\scripts;C:\Users\Abhishek\AppData\Local\Enthought\Canopy\User;C:\Users\Abhishek\AppData\Local\Enthought\Canopy\User\Scripts
USERNAME=abhishek
OS=Windows_NT
PROCESSOR_IDENTIFIER=Intel64 Family 6 Model 37 Stepping 5, GenuineIntel



---------------  S Y S T E M  ---------------

OS: Windows 7 Build 7601 Service Pack 1

CPU:total 4 (8 cores per cpu, 2 threads per core) family 6 model 37 stepping 5, cmov, cx8, fxsr, mmx, sse, sse2, sse3, ssse3, sse4.1, sse4.2, ht

Memory: 4k page, physical 3920176k(940548k free), swap 7838488k(2572176k free)

vm_info: Java HotSpot(TM) 64-Bit Server VM (14.3-b01) for windows-amd64 JRE (1.6.0_17-b04), built on Oct 11 2009 00:46:08 by "java_re" with MS VC++ 8.0

time: Mon Jun 30 19:16:10 2014
elapsed time: 14507 seconds

