#
# A fatal error has been detected by the Java Runtime Environment:
#
#  EXCEPTION_ACCESS_VIOLATION (0xc0000005) at pc=0x000000000fb62d85, pid=7412, tid=7180
#
# JRE version: 6.0_17-b04
# Java VM: Java HotSpot(TM) 64-Bit Server VM (14.3-b01 mixed mode windows-amd64 )
# Problematic frame:
# C  0x000000000fb62d85
#
# If you would like to submit a bug report, please visit:
#   http://java.sun.com/webapps/bugreport/crash.jsp
# The crash happened outside the Java Virtual Machine in native code.
# See problematic frame for where to report the bug.
#

---------------  T H R E A D  ---------------

Current thread (0x0000000055de9000):  JavaThread "AWT-EventQueue-0" [_thread_in_native, id=7180, stack(0x00000000a8000000,0x00000000ac000000)]

siginfo: ExceptionCode=0xc0000005, reading address 0x000000000000006c

Registers:
EAX=0x000000000000001b, EBX=0x0000000068350001, ECX=0x000000000000001b, EDX=0x0000000000000000
ESP=0x00000000abffe810, EBP=0x0000000000000000, ESI=0x0000000000000320, EDI=0x0000000000000242
EIP=0x000000000fb62d85, EFLAGS=0x0000000000010203

Top of Stack: (sp=0x00000000abffe810)
0x00000000abffe810:   00000000fffffff8 000000006ee4dd50
0x00000000abffe820:   000000005701eed0 000000000fca6b58
0x00000000abffe830:   0000000055de91b8 000000000fb42261
0x00000000abffe840:   0000000055de91b8 0000000000000012
0x00000000abffe850:   0000000055de91b8 000000006ee4dd50
0x00000000abffe860:   00000000abffe970 00000000abffe8d0
0x00000000abffe870:   000000000fca6b58 00000000abffe8c0
0x00000000abffe880:   0000001e00000008 0000026000000328
0x00000000abffe890:   0000001e00000008 0000026000000328
0x00000000abffe8a0:   0000000000000000 0000000000000000
0x00000000abffe8b0:   0000000000000001 0000000000000000
0x00000000abffe8c0:   000000002a3f2eb8 0000000030135ca0
0x00000000abffe8d0:   0000001e00000008 0000026000000328
0x00000000abffe8e0:   000000006834a238 0000000100000000
0x00000000abffe8f0:   0000000000000320 0000000000000000
0x00000000abffe900:   0000000000000000 0000000000000000 

Instructions: (pc=0x000000000fb62d85)
0x000000000fb62d75:   99 0f b6 d2 03 c2 c1 f8 08 41 83 c2 ff 0f b6 c8
0x000000000fb62d85:   41 0f b6 04 8c 88 43 ff 75 b1 4d 03 cb 48 03 dd 


Stack: [0x00000000a8000000,0x00000000ac000000],  sp=0x00000000abffe810,  free space=65530k
Native frames: (J=compiled Java code, j=interpreted, Vv=VM code, C=native code)
C  0x000000000fb62d85

[error occurred during error reporting (printing native stack), id 0xc0000005]

Java frames: (J=compiled Java code, j=interpreted, Vv=VM code)
J  sun.java2d.loops.Blit.Blit(Lsun/java2d/SurfaceData;Lsun/java2d/SurfaceData;Ljava/awt/Composite;Lsun/java2d/pipe/Region;IIIIII)V
J  sun.java2d.pipe.DrawImage.blitSurfaceData(Lsun/java2d/SunGraphics2D;Lsun/java2d/pipe/Region;Lsun/java2d/SurfaceData;Lsun/java2d/SurfaceData;Lsun/java2d/loops/SurfaceType;Lsun/java2d/loops/SurfaceType;IIIIIILjava/awt/Color;)V
J  sun.java2d.pipe.DrawImage.copyImage(Lsun/java2d/SunGraphics2D;Ljava/awt/Image;IILjava/awt/Color;)Z
J  sun.java2d.pipe.DrawImage.copyImage(Lsun/java2d/SunGraphics2D;Ljava/awt/Image;IILjava/awt/Color;Ljava/awt/image/ImageObserver;)Z
J  sun.java2d.pipe.ValidatePipe.copyImage(Lsun/java2d/SunGraphics2D;Ljava/awt/Image;IILjava/awt/Color;Ljava/awt/image/ImageObserver;)Z
J  sun.java2d.SunGraphics2D.drawImage(Ljava/awt/Image;IILjava/awt/Color;Ljava/awt/image/ImageObserver;)Z
J  javax.swing.RepaintManager$PaintManager.paintDoubleBuffered(Ljavax/swing/JComponent;Ljava/awt/Image;Ljava/awt/Graphics;IIII)V
j  javax.swing.RepaintManager$PaintManager.paint(Ljavax/swing/JComponent;Ljavax/swing/JComponent;Ljava/awt/Graphics;IIII)Z+116
J  javax.swing.JComponent.paint(Ljava/awt/Graphics;)V
j  java.awt.GraphicsCallback$PaintCallback.run(Ljava/awt/Component;Ljava/awt/Graphics;)V+2
j  sun.awt.SunGraphicsCallback.runOneComponent(Ljava/awt/Component;Ljava/awt/Rectangle;Ljava/awt/Graphics;Ljava/awt/Shape;I)V+155
j  sun.awt.SunGraphicsCallback.runComponents([Ljava/awt/Component;Ljava/awt/Graphics;I)V+104
j  java.awt.Container.paint(Ljava/awt/Graphics;)V+73
J  javax.swing.RepaintManager.paintDirtyRegions(Ljava/util/Map;)V
J  javax.swing.RepaintManager.paintDirtyRegions()V
j  javax.swing.RepaintManager.seqPaintDirtyRegions()V+73
j  javax.swing.SystemEventQueueUtilities$ComponentWorkRequest.run()V+36
J  java.awt.event.InvocationEvent.dispatch()V
J  java.awt.EventDispatchThread.pumpOneEventForFilters(I)Z
J  java.awt.EventDispatchThread.pumpEventsForFilter(ILjava/awt/Conditional;Ljava/awt/EventFilter;)V
j  java.awt.EventDispatchThread.pumpEventsForHierarchy(ILjava/awt/Conditional;Ljava/awt/Component;)V+11
j  java.awt.EventDispatchThread.pumpEvents(ILjava/awt/Conditional;)V+4
j  java.awt.EventDispatchThread.pumpEvents(Ljava/awt/Conditional;)V+3
j  java.awt.EventDispatchThread.run()V+9
v  ~StubRoutines::call_stub

---------------  P R O C E S S  ---------------

Java Threads: ( => current thread )
  0x0000000055df4800 JavaThread "Code Analyzer updating thread" [_thread_blocked, id=6380, stack(0x00000000e4000000,0x00000000e8000000)]
  0x0000000055dee000 JavaThread "Code Analyzer updating thread" [_thread_blocked, id=7416, stack(0x00000000dc000000,0x00000000e0000000)]
  0x0000000055df5000 JavaThread "Code Analyzer updating thread" [_thread_blocked, id=7144, stack(0x00000000d4000000,0x00000000d8000000)]
  0x0000000055df1000 JavaThread "Code Analyzer updating thread" [_thread_blocked, id=4440, stack(0x00000000bc000000,0x00000000c0000000)]
  0x0000000055dec000 JavaThread "Code Analyzer updating thread" [_thread_blocked, id=7804, stack(0x00000000cc000000,0x00000000d0000000)]
  0x0000000055deb000 JavaThread "Code Analyzer updating thread" [_thread_blocked, id=7640, stack(0x00000000d8000000,0x00000000dc000000)]
  0x0000000055df6000 JavaThread "Prefs Updater" daemon [_thread_blocked, id=8976, stack(0x00000000c4000000,0x00000000c8000000)]
  0x00000000572dc800 JavaThread "Timer-2" daemon [_thread_blocked, id=1744, stack(0x0000000130000000,0x0000000134000000)]
  0x00000000572d9000 JavaThread "com.jniwrapper.NativeResourceCollector" daemon [_thread_blocked, id=5672, stack(0x0000000124000000,0x0000000128000000)]
  0x00000000572d6000 JavaThread "Swing-Shell" daemon [_thread_blocked, id=4596, stack(0x0000000120000000,0x0000000124000000)]
  0x00000000572d5800 JavaThread "Code Analyzer updating thread" [_thread_blocked, id=3992, stack(0x000000011c000000,0x0000000120000000)]
  0x0000000055df6800 JavaThread "Code Analyzer updating thread" [_thread_blocked, id=7264, stack(0x0000000114000000,0x0000000118000000)]
  0x0000000055df4000 JavaThread "Code Analyzer updating thread" [_thread_blocked, id=4104, stack(0x0000000104000000,0x0000000108000000)]
  0x0000000055df3000 JavaThread "Active Reference Queue Daemon" daemon [_thread_blocked, id=4752, stack(0x0000000100000000,0x0000000104000000)]
  0x0000000055df2800 JavaThread "Timer-1" daemon [_thread_blocked, id=8088, stack(0x00000000fc000000,0x0000000100000000)]
  0x0000000055df1800 JavaThread "ClipboardMonitor Timer" daemon [_thread_blocked, id=8148, stack(0x00000000f8000000,0x00000000fc000000)]
  0x0000000055df0000 JavaThread "Explorer NavigationContext request queue" daemon [_thread_blocked, id=5248, stack(0x00000000f0000000,0x00000000f4000000)]
  0x0000000055def800 JavaThread "AddressBar directory emptiness poller" daemon [_thread_blocked, id=3236, stack(0x00000000ec000000,0x00000000f0000000)]
  0x0000000055dee800 JavaThread "Explorer Refresh Service 206990142" daemon [_thread_blocked, id=8184, stack(0x00000000e8000000,0x00000000ec000000)]
  0x0000000055ded800 JavaThread "Thread-4" daemon [_thread_blocked, id=6680, stack(0x00000000d0000000,0x00000000d4000000)]
  0x0000000055dea800 JavaThread "TimerQueue" daemon [_thread_blocked, id=7496, stack(0x00000000c0000000,0x00000000c4000000)]
  0x0000000055de9800 JavaThread "Thread-3" daemon [_thread_blocked, id=3292, stack(0x00000000ac000000,0x00000000b0000000)]
=>0x0000000055de9000 JavaThread "AWT-EventQueue-0" [_thread_in_native, id=7180, stack(0x00000000a8000000,0x00000000ac000000)]
  0x0000000055de8000 JavaThread "AWT-Shutdown" [_thread_blocked, id=7656, stack(0x0000000098000000,0x000000009c000000)]
  0x0000000055c9c000 JavaThread "FelixPackageAdmin" daemon [_thread_blocked, id=7856, stack(0x00000000b8000000,0x00000000bc000000)]
  0x0000000055d97800 JavaThread "FelixStartLevel" daemon [_thread_blocked, id=8132, stack(0x00000000b4000000,0x00000000b8000000)]
  0x0000000055bdf800 JavaThread "FelixDispatchQueue" daemon [_thread_blocked, id=1196, stack(0x00000000b0000000,0x00000000b4000000)]
  0x000000000fa82800 JavaThread "com.google.common.base.internal.Finalizer" daemon [_thread_blocked, id=4048, stack(0x00000000a4000000,0x00000000a8000000)]
  0x000000000fa82000 JavaThread "AWT-Windows" daemon [_thread_in_native, id=4700, stack(0x000000009c000000,0x00000000a0000000)]
  0x00000000544df800 JavaThread "Java2D Disposer" daemon [_thread_blocked, id=6332, stack(0x0000000094000000,0x0000000098000000)]
  0x0000000054ee4800 JavaThread "Timer-0" [_thread_blocked, id=3204, stack(0x0000000090000000,0x0000000094000000)]
  0x0000000054ee6800 JavaThread "EventMgr Dispatcher" daemon [_thread_in_native, id=7920, stack(0x000000008c000000,0x0000000090000000)]
  0x000000000fa55800 JavaThread "Low Memory Detector" daemon [_thread_blocked, id=4036, stack(0x0000000084000000,0x0000000088000000)]
  0x000000000fa51800 JavaThread "CompilerThread1" daemon [_thread_blocked, id=8052, stack(0x0000000080000000,0x0000000084000000)]
  0x000000000fa46800 JavaThread "CompilerThread0" daemon [_thread_blocked, id=2344, stack(0x00000000689c0000,0x000000006c9c0000)]
  0x000000000fa45000 JavaThread "Attach Listener" daemon [_thread_blocked, id=7308, stack(0x0000000061f60000,0x0000000065f60000)]
  0x000000000f9e5800 JavaThread "Finalizer" daemon [_thread_blocked, id=7896, stack(0x000000005a2f0000,0x000000005e2f0000)]
  0x000000000f9e4800 JavaThread "Reference Handler" daemon [_thread_blocked, id=3808, stack(0x00000000504a0000,0x00000000544a0000)]
  0x000000000654e800 JavaThread "main" [_thread_in_native, id=7584, stack(0x0000000000030000,0x0000000004030000)]

Other Threads:
  0x000000000f9e1000 VMThread [stack: 0x000000004c4a0000,0x00000000504a0000] [id=5220]
  0x000000000fa88000 WatcherThread [stack: 0x0000000088000000,0x000000008c000000] [id=4680]

VM state:not at safepoint (normal execution)

VM Mutex/Monitor currently owned by a thread: None

Heap
 PSYoungGen      total 15488K, used 1638K [0x00000000393a0000, 0x000000003a4c0000, 0x000000003c4a0000)
  eden space 15296K, 9% used [0x00000000393a0000,0x0000000039509ab0,0x000000003a290000)
  from space 192K, 100% used [0x000000003a370000,0x000000003a3a0000,0x000000003a3a0000)
  to   space 896K, 0% used [0x000000003a290000,0x000000003a290000,0x000000003a370000)
 PSOldGen        total 93312K, used 87432K [0x00000000300a0000, 0x0000000035bc0000, 0x00000000393a0000)
  object space 93312K, 93% used [0x00000000300a0000,0x00000000356021e0,0x0000000035bc0000)
 PSPermGen       total 127680K, used 73975K [0x00000000280a0000, 0x000000002fd50000, 0x00000000300a0000)
  object space 127680K, 57% used [0x00000000280a0000,0x000000002c8ddf08,0x000000002fd50000)

Dynamic libraries:
0x0000000140000000 - 0x0000000140028000 	C:\Program Files\MATLAB\R2013a\bin\win64\MATLAB.exe
0x0000000077250000 - 0x00000000773f9000 	C:\Windows\SYSTEM32\ntdll.dll
0x0000000077130000 - 0x000000007724f000 	C:\Windows\system32\kernel32.dll
0x000007fefd370000 - 0x000007fefd3dc000 	C:\Windows\system32\KERNELBASE.dll
0x0000000074460000 - 0x0000000074515000 	C:\Program Files\MATLAB\R2013a\bin\win64\libut.dll
0x00000000758a0000 - 0x000000007595f000 	C:\Program Files\MATLAB\R2013a\bin\win64\libmwi18n.dll
0x0000000180000000 - 0x000000018000d000 	C:\Program Files\MATLAB\R2013a\bin\win64\libmwresource_core.dll
0x000000005a250000 - 0x000000005a2e8000 	C:\Program Files\MATLAB\R2013a\bin\win64\MSVCP100.dll
0x000000005a170000 - 0x000000005a242000 	C:\Program Files\MATLAB\R2013a\bin\win64\MSVCR100.dll
0x0000000061f40000 - 0x0000000061f4e000 	C:\Program Files\MATLAB\R2013a\bin\win64\boost_date_time-vc100-mt-1_49.dll
0x0000000060f80000 - 0x0000000060fac000 	C:\Program Files\MATLAB\R2013a\bin\win64\boost_filesystem-vc100-mt-1_49.dll
0x0000000061f50000 - 0x0000000061f59000 	C:\Program Files\MATLAB\R2013a\bin\win64\boost_system-vc100-mt-1_49.dll
0x000007fefdcb0000 - 0x000007fefdd8b000 	C:\Windows\system32\ADVAPI32.dll
0x000007feff280000 - 0x000007feff31f000 	C:\Windows\system32\msvcrt.dll
0x000007fefd850000 - 0x000007fefd86f000 	C:\Windows\SYSTEM32\sechost.dll
0x000007feff320000 - 0x000007feff44d000 	C:\Windows\system32\RPCRT4.dll
0x0000000060f50000 - 0x0000000060f75000 	C:\Program Files\MATLAB\R2013a\bin\win64\LIBEXPAT.dll
0x0000000059d80000 - 0x0000000059f0a000 	C:\Program Files\MATLAB\R2013a\bin\win64\icuin49.dll
0x0000000059c40000 - 0x0000000059d7e000 	C:\Program Files\MATLAB\R2013a\bin\win64\icuuc49.dll
0x000000000ff70000 - 0x0000000011092000 	C:\Program Files\MATLAB\R2013a\bin\win64\icudt49.dll
0x0000000061e60000 - 0x0000000061e70000 	C:\Program Files\MATLAB\R2013a\bin\win64\icuio49.dll
0x0000000073f70000 - 0x0000000074112000 	C:\Program Files\MATLAB\R2013a\bin\win64\libmwfl.dll
0x000000007a350000 - 0x000000007a737000 	C:\Program Files\MATLAB\R2013a\bin\win64\libmwMATLAB_res.dll
0x0000000059b60000 - 0x0000000059c3f000 	C:\Program Files\MATLAB\R2013a\bin\win64\boost_regex-vc100-mt-1_49.dll
0x0000000077030000 - 0x000000007712a000 	C:\Windows\system32\USER32.dll
0x000007feff170000 - 0x000007feff1d7000 	C:\Windows\system32\GDI32.dll
0x000007feff550000 - 0x000007feff55e000 	C:\Windows\system32\LPK.dll
0x000007feff480000 - 0x000007feff549000 	C:\Windows\system32\USP10.dll
0x0000000061750000 - 0x0000000061761000 	C:\Program Files\MATLAB\R2013a\bin\win64\boost_signals-vc100-mt-1_49.dll
0x0000000061850000 - 0x0000000061861000 	C:\Program Files\MATLAB\R2013a\bin\win64\boost_thread-vc100-mt-1_49.dll
0x000007fef58d0000 - 0x000007fef595c000 	C:\Program Files\MATLAB\R2013a\bin\win64\boost_log-vc100-mt-1_49.dll
0x0000000077410000 - 0x0000000077417000 	C:\Windows\system32\PSAPI.DLL
0x000007fefee10000 - 0x000007fefee5d000 	C:\Windows\system32\WS2_32.dll
0x000007fefed80000 - 0x000007fefed88000 	C:\Windows\system32\NSI.dll
0x000007fef6710000 - 0x000007fef6743000 	C:\Program Files\MATLAB\R2013a\bin\win64\tbb.dll
0x000007fefdd90000 - 0x000007fefdda9000 	C:\Windows\system32\imagehlp.dll
0x000007fefb7c0000 - 0x000007fefb7ec000 	C:\Windows\system32\POWRPROF.dll
0x000007fefd590000 - 0x000007fefd767000 	C:\Windows\system32\SETUPAPI.dll
0x000007fefd3e0000 - 0x000007fefd416000 	C:\Windows\system32\CFGMGR32.dll
0x000007fefd770000 - 0x000007fefd847000 	C:\Windows\system32\OLEAUT32.dll
0x000007fefd870000 - 0x000007fefda73000 	C:\Windows\system32\ole32.dll
0x000007fefd170000 - 0x000007fefd18a000 	C:\Windows\system32\DEVOBJ.dll
0x0000000004220000 - 0x0000000004241000 	C:\Program Files\MATLAB\R2013a\bin\win64\libmwmfl_scalar.dll
0x000007fef3c80000 - 0x000007fef3da5000 	C:\Windows\system32\dbghelp.dll
0x0000000004250000 - 0x000000000457f000 	C:\Program Files\MATLAB\R2013a\bin\win64\libmwservices.dll
0x0000000075a20000 - 0x0000000075b0b000 	C:\Program Files\MATLAB\R2013a\bin\win64\libmx.dll
0x000007fef67c0000 - 0x000007fef67e8000 	C:\Program Files\MATLAB\R2013a\bin\win64\tbbmalloc.dll
0x0000000060870000 - 0x0000000060887000 	C:\Program Files\MATLAB\R2013a\bin\win64\zlib1.dll
0x0000000004580000 - 0x00000000045ce000 	C:\Program Files\MATLAB\R2013a\bin\win64\libmwregexp.dll
0x0000000075f10000 - 0x0000000075f57000 	C:\Program Files\MATLAB\R2013a\bin\win64\mpath.dll
0x000000007b680000 - 0x000000007bc66000 	C:\Program Files\MATLAB\R2013a\bin\win64\mlutil.dll
0x00000000754d0000 - 0x0000000075547000 	C:\Program Files\MATLAB\R2013a\bin\win64\xmlcore.dll
0x0000000057f40000 - 0x0000000058181000 	C:\Program Files\MATLAB\R2013a\bin\win64\xerces-c_2_7.dll
0x00000000045d0000 - 0x00000000045f2000 	C:\Program Files\MATLAB\R2013a\bin\win64\libmwMATLAB_settings_res.dll
0x000007fefac80000 - 0x000007fefac90000 	C:\Program Files\MATLAB\R2013a\bin\win64\boost_iostreams-vc100-mt-1_49.dll
0x000007fef5c60000 - 0x000007fef5ca6000 	C:\Program Files\MATLAB\R2013a\bin\win64\boost_serialization-vc100-mt-1_49.dll
0x000007fefddb0000 - 0x000007fefeb38000 	C:\Windows\system32\SHELL32.dll
0x000007fefed90000 - 0x000007fefee01000 	C:\Windows\system32\SHLWAPI.dll
0x00000000040a0000 - 0x00000000040a6000 	C:\Program Files\MATLAB\R2013a\bin\win64\libmwnativedisplay.dll
0x000007fef9c40000 - 0x000007fef9ce0000 	C:\Windows\WinSxS\amd64_microsoft.windows.common-controls_6595b64144ccf1df_5.82.7601.18201_none_a4d3b9377117c3df\COMCTL32.dll
0x000007feff1e0000 - 0x000007feff277000 	C:\Windows\system32\COMDLG32.dll
0x000007fefc300000 - 0x000007fefc316000 	C:\Windows\system32\NETAPI32.dll
0x000007fefc2f0000 - 0x000007fefc2fc000 	C:\Windows\system32\netutils.dll
0x000007fefcb90000 - 0x000007fefcbb3000 	C:\Windows\system32\srvcli.dll
0x000007fefc2d0000 - 0x000007fefc2e5000 	C:\Windows\system32\wkscli.dll
0x0000000074970000 - 0x0000000074a18000 	C:\Program Files\MATLAB\R2013a\bin\win64\mcr.dll
0x0000000075000000 - 0x00000000753b1000 	C:\Program Files\MATLAB\R2013a\bin\win64\iqm.dll
0x0000000074e80000 - 0x0000000074f30000 	C:\Program Files\MATLAB\R2013a\bin\win64\m_dispatcher.dll
0x0000000004600000 - 0x0000000004e08000 	C:\Program Files\MATLAB\R2013a\bin\win64\m_interpreter.dll
0x0000000004e10000 - 0x0000000004e34000 	C:\Program Files\MATLAB\R2013a\bin\win64\libmex.dll
0x0000000075430000 - 0x00000000754ab000 	C:\Program Files\MATLAB\R2013a\bin\win64\profiler.dll
0x0000000004e40000 - 0x00000000050c3000 	C:\Program Files\MATLAB\R2013a\bin\win64\libmwmathutil.dll
0x0000000079f40000 - 0x0000000079f66000 	C:\Program Files\MATLAB\R2013a\bin\win64\libmwmathrng.dll
0x00000000050d0000 - 0x00000000050e0000 	C:\Program Files\MATLAB\R2013a\bin\win64\libmwmfl_rng.dll
0x0000000074c10000 - 0x0000000074cf8000 	C:\Program Files\MATLAB\R2013a\bin\win64\libmwmathcore.dll
0x0000000076160000 - 0x00000000761c3000 	C:\Program Files\MATLAB\R2013a\bin\win64\libmwspmatrix.dll
0x000000007b0a0000 - 0x000000007b2f6000 	C:\Program Files\MATLAB\R2013a\bin\win64\mcos.dll
0x0000000075ea0000 - 0x0000000075f02000 	C:\Program Files\MATLAB\R2013a\bin\win64\libmwcholmod.dll
0x00000000050f0000 - 0x00000000050fd000 	C:\Program Files\MATLAB\R2013a\bin\win64\libmwamd.dll
0x0000000068910000 - 0x00000000689b3000 	C:\Windows\WinSxS\amd64_microsoft.vc90.crt_1fc8b3b9a1e18e3b_9.0.30729.6161_none_08e61857a83bc251\MSVCR90.dll
0x0000000005110000 - 0x000000000511c000 	C:\Program Files\MATLAB\R2013a\bin\win64\libmwcolamd.dll
0x000000007a290000 - 0x000000007a2a3000 	C:\Program Files\MATLAB\R2013a\bin\win64\libmwblas.dll
0x000000007a310000 - 0x000000007a325000 	C:\Program Files\MATLAB\R2013a\bin\win64\libmwbinder.dll
0x0000000005130000 - 0x000000000513b000 	C:\Program Files\MATLAB\R2013a\bin\win64\libmwompwrapper.dll
0x0000000075820000 - 0x000000007589e000 	C:\Program Files\MATLAB\R2013a\bin\win64\libmwlapack.dll
0x000000007a1b0000 - 0x000000007a1d0000 	C:\Program Files\MATLAB\R2013a\bin\win64\m_pcodeio.dll
0x0000000079b10000 - 0x0000000079b6c000 	C:\Program Files\MATLAB\R2013a\bin\win64\m_ir.dll
0x0000000078ed0000 - 0x0000000079579000 	C:\Program Files\MATLAB\R2013a\bin\win64\m_parser.dll
0x000000007a2f0000 - 0x000000007a307000 	C:\Program Files\MATLAB\R2013a\bin\win64\ir_xfmr.dll
0x0000000005140000 - 0x0000000005150000 	C:\Program Files\MATLAB\R2013a\bin\win64\mtok.dll
0x000000007a130000 - 0x000000007a158000 	C:\Program Files\MATLAB\R2013a\bin\win64\m_pcodegen.dll
0x0000000079fb0000 - 0x0000000079fdf000 	C:\Program Files\MATLAB\R2013a\bin\win64\libmwbridge.dll
0x0000000074f40000 - 0x0000000074ff6000 	C:\Program Files\MATLAB\R2013a\bin\win64\udd.dll
0x0000000073cc0000 - 0x0000000073e0e000 	C:\Program Files\MATLAB\R2013a\bin\win64\libmwgui.dll
0x000000007a1d0000 - 0x000000007a1f4000 	C:\Program Files\MATLAB\R2013a\bin\win64\graphics_util.dll
0x000007fef5b80000 - 0x000007fef5c38000 	C:\Program Files\MATLAB\R2013a\bin\win64\libtex_base.dll
0x0000000005150000 - 0x0000000005a93000 	C:\Program Files\MATLAB\R2013a\bin\win64\hg.dll
0x0000000076100000 - 0x000000007615a000 	C:\Program Files\MATLAB\R2013a\bin\win64\libmat.dll
0x0000000072d30000 - 0x0000000072f38000 	C:\Program Files\MATLAB\R2013a\bin\win64\hdf5dll.dll
0x0000000075710000 - 0x00000000757d8000 	C:\Program Files\MATLAB\R2013a\bin\win64\jmi.dll
0x0000000005ab0000 - 0x0000000005abe000 	C:\Program Files\MATLAB\R2013a\bin\win64\nativejava_services.dll
0x0000000005ac0000 - 0x0000000005b00000 	C:\Program Files\MATLAB\R2013a\bin\win64\libmwhardcopy.dll
0x0000000075c70000 - 0x0000000075cce000 	C:\Program Files\MATLAB\R2013a\bin\win64\libuij.dll
0x0000000072f50000 - 0x000000007318f000 	C:\Program Files\MATLAB\R2013a\bin\win64\hgdatatypes.dll
0x0000000005b00000 - 0x0000000005beb000 	C:\Program Files\MATLAB\R2013a\bin\win64\hgutils.dll
0x0000000005bf0000 - 0x0000000005c9e000 	C:\Program Files\MATLAB\R2013a\bin\win64\udd_mi.dll
0x0000000005ca0000 - 0x0000000005cd6000 	C:\Program Files\MATLAB\R2013a\bin\win64\libmwgbtutils.dll
0x0000000005ce0000 - 0x0000000005cf4000 	C:\Program Files\MATLAB\R2013a\bin\win64\libmwgbt.dll
0x0000000005d00000 - 0x0000000005fce000 	C:\Program Files\MATLAB\R2013a\bin\win64\uiw.dll
0x0000000005fd0000 - 0x0000000005fd9000 	C:\Program Files\MATLAB\R2013a\bin\win64\uinone.dll
0x0000000005fe0000 - 0x0000000006006000 	C:\Program Files\MATLAB\R2013a\bin\win64\libmwnativefiledialogs.dll
0x0000000006010000 - 0x000000000601c000 	C:\Program Files\MATLAB\R2013a\bin\win64\libmwplatform_res.dll
0x000007fef8390000 - 0x000007fef83a8000 	C:\Windows\system32\MPR.dll
0x00000000579e0000 - 0x0000000057f3d000 	C:\Program Files\MATLAB\R2013a\bin\win64\mfc100.dll
0x000007fefaa80000 - 0x000007fefaa87000 	C:\Windows\system32\MSIMG32.dll
0x000007fefaf30000 - 0x000007fefafa1000 	C:\Windows\system32\WINSPOOL.DRV
0x0000000006020000 - 0x000000000603d000 	C:\Program Files\MATLAB\R2013a\bin\win64\mwoles05.DLL
0x0000000006040000 - 0x00000000060ac000 	C:\Program Files\MATLAB\R2013a\bin\win64\comcli.dll
0x0000000060840000 - 0x000000006086b000 	C:\Program Files\MATLAB\R2013a\bin\win64\ATL100.DLL
0x00000000060b0000 - 0x00000000060bc000 	C:\Program Files\MATLAB\R2013a\bin\win64\mlautoregister.dll
0x00000000060c0000 - 0x0000000006216000 	C:\Program Files\MATLAB\R2013a\bin\win64\mvm.dll
0x000007feff450000 - 0x000007feff47e000 	C:\Windows\system32\IMM32.DLL
0x000007fefdba0000 - 0x000007fefdca9000 	C:\Windows\system32\MSCTF.dll
0x000007fefcfa0000 - 0x000007fefcfcf000 	C:\Windows\system32\nvinitx.dll
0x000000000f000000 - 0x000000000f006000 	C:\Program Files\NVIDIA Corporation\CoProcManager\_etoured.dll
0x000007fefa1e0000 - 0x000007fefa23f000 	C:\Program Files\NVIDIA Corporation\CoProcManager\nvd3d9wrapx.dll
0x000007fefa170000 - 0x000007fefa1b6000 	C:\Program Files\NVIDIA Corporation\CoProcManager\nvdxgiwrapx.dll
0x000007fefb4a0000 - 0x000007fefb4f6000 	C:\Windows\system32\UxTheme.dll

VM Arguments:
jvm_args: -XX:PermSize=32m -Xms64m -XX:NewRatio=3 -XX:MaxPermSize=128m -Xmx196m -XX:MaxDirectMemorySize=2147400000 -Dsun.java2d.noddraw=true -Dsun.awt.nopixfmt=true -Xshare:off -Xrs -Dsun.awt.disableMixing=true -Djava.library.path=C:\Program Files\MATLAB\R2013a\bin\win64;C:\Program Files\MATLAB\R2013a\sys\jxbrowser\win64\lib vfprintf abort 
java_command: <unknown>
Launcher Type: generic

Environment Variables:
PATH=C:\Program Files\Common Files\Microsoft Shared\Windows Live;C:\Program Files (x86)\Common Files\Microsoft Shared\Windows Live;C:\Windows\system32;C:\Windows;C:\Windows\System32\Wbem;C:\Windows\System32\WindowsPowerShell\v1.0\;C:\Program Files\Intel\WiFi\bin\;C:\Program Files\Common Files\Intel\WirelessCommon\;c:\Program Files\WIDCOMM\Bluetooth Software\;c:\Program Files\WIDCOMM\Bluetooth Software\syswow64;C:\Program Files (x86)\Windows Live\Shared;C:\Program Files (x86)\Common Files\Roxio Shared\DLLShared\;C:\Program Files (x86)\Common Files\Roxio Shared\OEM\DLLShared\;C:\Program Files (x86)\Common Files\Roxio Shared\OEM\DLLShared\;C:\Program Files (x86)\Common Files\Roxio Shared\OEM\12.0\DLLShared\;C:\Program Files (x86)\Roxio\OEM\AudioCore\;C:\Program Files (x86)\Common Files\DivX Shared\;C:\Users\Abhishek\AppData\Local\Smartbar\Application\;C:\Users\Abhishek\AppData\Local\Smartbar\Application\;C:\QNX650\host\win32\x86\usr\bin;C:\Program Files (x86)\QNX Software Systems\bin;C:\QNX650\host\win32\x86\usr\bin;C:\Program Files (x86)\QNX Software Systems\bin;C:\Program Files (x86)\Microsoft SQL Server\100\Tools\Binn\;C:\Program Files\Microsoft SQL Server\100\Tools\Binn\;C:\Program Files\Microsoft SQL Server\100\DTS\Binn\;C:\Program Files\Microsoft\Web Platform Installer\;C:\Program Files (x86)\Microsoft ASP.NET\ASP.NET Web Pages\v1.0\;C:\Program Files (x86)\Windows Kits\8.0\Windows Performance Toolkit\;C:\Program Files\Microsoft SQL Server\110\Tools\Binn\;C:\Program Files\TortoiseSVN\bin;C:\Program Files\MATLAB\R2013a\runtime\win64;C:\Program Files\MATLAB\R2013a\bin;C:\opencv\build\x64\vc10\bin\;C:\opencv\build\common\tbb\intel64\vc10\;;C:\Program Files (x86)\PrimeSense\NITE\bin;c:\users\abhishek\appdata\local\enthought\canopy\user\scripts;C:\Users\Abhishek\AppData\Local\Enthought\Canopy\User;C:\Users\Abhishek\AppData\Local\Enthought\Canopy\User\Scripts
USERNAME=abhishek
OS=Windows_NT
PROCESSOR_IDENTIFIER=Intel64 Family 6 Model 37 Stepping 5, GenuineIntel



---------------  S Y S T E M  ---------------

OS: Windows 7 Build 7601 Service Pack 1

CPU:total 4 (8 cores per cpu, 2 threads per core) family 6 model 37 stepping 5, cmov, cx8, fxsr, mmx, sse, sse2, sse3, ssse3, sse4.1, sse4.2, ht

Memory: 4k page, physical 3920176k(1418144k free), swap 7838488k(2679648k free)

vm_info: Java HotSpot(TM) 64-Bit Server VM (14.3-b01) for windows-amd64 JRE (1.6.0_17-b04), built on Oct 11 2009 00:46:08 by "java_re" with MS VC++ 8.0

time: Mon Sep 01 19:35:58 2014
elapsed time: 26014 seconds

